{"/Users/lasse/Sites/gemini-cli/ai-summary-extension/background.ts": {"path":"/Users/lasse/Sites/gemini-cli/ai-summary-extension/background.ts","statementMap":{"0":{"start":{"line":67,"column":0},"end":{"line":67,"column":7}},"1":{"start":{"line":228,"column":0},"end":{"line":228,"column":7}},"2":{"start":{"line":264,"column":0},"end":{"line":264,"column":16}},"3":{"start":{"line":278,"column":0},"end":{"line":278,"column":7}},"4":{"start":{"line":312,"column":0},"end":{"line":312,"column":7}},"5":{"start":{"line":1,"column":0},"end":{"line":1,"column":null}},"6":{"start":{"line":60,"column":35},"end":{"line":60,"column":37}},"7":{"start":{"line":62,"column":0},"end":{"line":65,"column":3}},"8":{"start":{"line":64,"column":2},"end":{"line":64,"column":76}},"9":{"start":{"line":72,"column":20},"end":{"line":72,"column":30}},"10":{"start":{"line":79,"column":6},"end":{"line":85,"column":4}},"11":{"start":{"line":87,"column":25},"end":{"line":87,"column":72}},"12":{"start":{"line":88,"column":27},"end":{"line":88,"column":57}},"13":{"start":{"line":91,"column":32},"end":{"line":91,"column":78}},"14":{"start":{"line":92,"column":26},"end":{"line":92,"column":71}},"15":{"start":{"line":93,"column":29},"end":{"line":93,"column":72}},"16":{"start":{"line":96,"column":2},"end":{"line":103,"column":3}},"17":{"start":{"line":97,"column":4},"end":{"line":102,"column":7}},"18":{"start":{"line":105,"column":15},"end":{"line":109,"column":4}},"19":{"start":{"line":111,"column":2},"end":{"line":116,"column":5}},"20":{"start":{"line":118,"column":18},"end":{"line":118,"column":32}},"21":{"start":{"line":121,"column":2},"end":{"line":131,"column":3}},"22":{"start":{"line":122,"column":4},"end":{"line":130,"column":7}},"23":{"start":{"line":134,"column":2},"end":{"line":180,"column":3}},"24":{"start":{"line":135,"column":27},"end":{"line":135,"column":60}},"25":{"start":{"line":136,"column":27},"end":{"line":136,"column":29}},"26":{"start":{"line":138,"column":4},"end":{"line":179,"column":5}},"27":{"start":{"line":138,"column":17},"end":{"line":138,"column":18}},"28":{"start":{"line":139,"column":20},"end":{"line":139,"column":37}},"29":{"start":{"line":140,"column":27},"end":{"line":140,"column":37}},"30":{"start":{"line":142,"column":6},"end":{"line":149,"column":7}},"31":{"start":{"line":143,"column":8},"end":{"line":148,"column":11}},"32":{"start":{"line":151,"column":6},"end":{"line":155,"column":9}},"33":{"start":{"line":157,"column":6},"end":{"line":162,"column":9}},"34":{"start":{"line":164,"column":6},"end":{"line":176,"column":7}},"35":{"start":{"line":165,"column":8},"end":{"line":165,"column":26}},"36":{"start":{"line":166,"column":8},"end":{"line":174,"column":9}},"37":{"start":{"line":167,"column":10},"end":{"line":173,"column":13}},"38":{"start":{"line":175,"column":8},"end":{"line":175,"column":14}},"39":{"start":{"line":178,"column":6},"end":{"line":178,"column":29}},"40":{"start":{"line":183,"column":2},"end":{"line":191,"column":3}},"41":{"start":{"line":184,"column":4},"end":{"line":190,"column":7}},"42":{"start":{"line":193,"column":18},"end":{"line":193,"column":28}},"43":{"start":{"line":194,"column":20},"end":{"line":194,"column":61}},"44":{"start":{"line":195,"column":2},"end":{"line":195,"column":44}},"45":{"start":{"line":198,"column":2},"end":{"line":198,"column":46}},"46":{"start":{"line":200,"column":2},"end":{"line":208,"column":3}},"47":{"start":{"line":201,"column":4},"end":{"line":207,"column":7}},"48":{"start":{"line":210,"column":2},"end":{"line":225,"column":3}},"49":{"start":{"line":211,"column":4},"end":{"line":216,"column":6}},"50":{"start":{"line":218,"column":4},"end":{"line":224,"column":6}},"51":{"start":{"line":233,"column":22},"end":{"line":233,"column":43}},"52":{"start":{"line":234,"column":2},"end":{"line":236,"column":3}},"53":{"start":{"line":235,"column":4},"end":{"line":235,"column":54}},"54":{"start":{"line":238,"column":2},"end":{"line":261,"column":3}},"55":{"start":{"line":240,"column":6},"end":{"line":240,"column":47}},"56":{"start":{"line":242,"column":6},"end":{"line":246,"column":8}},"57":{"start":{"line":248,"column":6},"end":{"line":252,"column":8}},"58":{"start":{"line":254,"column":6},"end":{"line":258,"column":8}},"59":{"start":{"line":260,"column":6},"end":{"line":260,"column":59}},"60":{"start":{"line":265,"column":22},"end":{"line":265,"column":50}},"61":{"start":{"line":266,"column":2},"end":{"line":266,"column":30}},"62":{"start":{"line":266,"column":20},"end":{"line":266,"column":30}},"63":{"start":{"line":268,"column":46},"end":{"line":273,"column":4}},"64":{"start":{"line":275,"column":2},"end":{"line":275,"column":47}},"65":{"start":{"line":282,"column":2},"end":{"line":309,"column":3}},"66":{"start":{"line":284,"column":6},"end":{"line":284,"column":52}},"67":{"start":{"line":285,"column":4},"end":{"line":293,"column":5}},"68":{"start":{"line":286,"column":7},"end":{"line":292,"column":8}},"69":{"start":{"line":295,"column":24},"end":{"line":295,"column":60}},"70":{"start":{"line":296,"column":4},"end":{"line":296,"column":31}},"71":{"start":{"line":297,"column":4},"end":{"line":297,"column":46}},"72":{"start":{"line":298,"column":4},"end":{"line":298,"column":73}},"73":{"start":{"line":299,"column":4},"end":{"line":299,"column":51}},"74":{"start":{"line":301,"column":24},"end":{"line":301,"column":69}},"75":{"start":{"line":302,"column":4},"end":{"line":304,"column":5}},"76":{"start":{"line":303,"column":6},"end":{"line":303,"column":38}},"77":{"start":{"line":306,"column":4},"end":{"line":306,"column":53}},"78":{"start":{"line":308,"column":4},"end":{"line":308,"column":57}},"79":{"start":{"line":319,"column":2},"end":{"line":348,"column":3}},"80":{"start":{"line":321,"column":6},"end":{"line":321,"column":54}},"81":{"start":{"line":324,"column":16},"end":{"line":324,"column":44}},"82":{"start":{"line":326,"column":46},"end":{"line":335,"column":6}},"83":{"start":{"line":338,"column":5},"end":{"line":338,"column":68}},"84":{"start":{"line":341,"column":4},"end":{"line":343,"column":5}},"85":{"start":{"line":342,"column":7},"end":{"line":342,"column":59}},"86":{"start":{"line":345,"column":4},"end":{"line":345,"column":55}},"87":{"start":{"line":347,"column":4},"end":{"line":347,"column":59}},"88":{"start":{"line":352,"column":2},"end":{"line":368,"column":3}},"89":{"start":{"line":353,"column":4},"end":{"line":364,"column":5}},"90":{"start":{"line":354,"column":25},"end":{"line":358,"column":8}},"91":{"start":{"line":359,"column":22},"end":{"line":359,"column":57}},"92":{"start":{"line":360,"column":6},"end":{"line":360,"column":27}},"93":{"start":{"line":361,"column":6},"end":{"line":361,"column":40}},"94":{"start":{"line":363,"column":6},"end":{"line":363,"column":75}},"95":{"start":{"line":366,"column":4},"end":{"line":366,"column":52}},"96":{"start":{"line":367,"column":4},"end":{"line":367,"column":63}},"97":{"start":{"line":376,"column":2},"end":{"line":409,"column":3}},"98":{"start":{"line":377,"column":4},"end":{"line":379,"column":5}},"99":{"start":{"line":378,"column":6},"end":{"line":378,"column":71}},"100":{"start":{"line":381,"column":21},"end":{"line":398,"column":6}},"101":{"start":{"line":400,"column":4},"end":{"line":402,"column":5}},"102":{"start":{"line":401,"column":6},"end":{"line":401,"column":71}},"103":{"start":{"line":404,"column":33},"end":{"line":404,"column":54}},"104":{"start":{"line":405,"column":4},"end":{"line":405,"column":78}},"105":{"start":{"line":407,"column":4},"end":{"line":407,"column":46}},"106":{"start":{"line":408,"column":4},"end":{"line":408,"column":63}},"107":{"start":{"line":417,"column":2},"end":{"line":463,"column":3}},"108":{"start":{"line":418,"column":4},"end":{"line":420,"column":5}},"109":{"start":{"line":419,"column":6},"end":{"line":419,"column":71}},"110":{"start":{"line":422,"column":21},"end":{"line":444,"column":null}},"111":{"start":{"line":447,"column":4},"end":{"line":449,"column":5}},"112":{"start":{"line":448,"column":6},"end":{"line":448,"column":71}},"113":{"start":{"line":451,"column":33},"end":{"line":451,"column":54}},"114":{"start":{"line":452,"column":4},"end":{"line":459,"column":5}},"115":{"start":{"line":453,"column":6},"end":{"line":456,"column":8}},"116":{"start":{"line":458,"column":6},"end":{"line":458,"column":65}},"117":{"start":{"line":461,"column":4},"end":{"line":461,"column":46}},"118":{"start":{"line":462,"column":4},"end":{"line":462,"column":63}},"119":{"start":{"line":471,"column":2},"end":{"line":510,"column":3}},"120":{"start":{"line":472,"column":4},"end":{"line":474,"column":5}},"121":{"start":{"line":473,"column":6},"end":{"line":473,"column":74}},"122":{"start":{"line":476,"column":21},"end":{"line":495,"column":6}},"123":{"start":{"line":497,"column":4},"end":{"line":499,"column":5}},"124":{"start":{"line":498,"column":6},"end":{"line":498,"column":74}},"125":{"start":{"line":501,"column":36},"end":{"line":501,"column":57}},"126":{"start":{"line":502,"column":4},"end":{"line":506,"column":5}},"127":{"start":{"line":503,"column":6},"end":{"line":503,"column":69}},"128":{"start":{"line":505,"column":6},"end":{"line":505,"column":68}},"129":{"start":{"line":508,"column":4},"end":{"line":508,"column":49}},"130":{"start":{"line":509,"column":4},"end":{"line":509,"column":63}},"131":{"start":{"line":513,"column":0},"end":{"line":585,"column":3}},"132":{"start":{"line":517,"column":2},"end":{"line":584,"column":3}},"133":{"start":{"line":518,"column":18},"end":{"line":518,"column":33}},"134":{"start":{"line":521,"column":4},"end":{"line":521,"column":71}},"135":{"start":{"line":524,"column":29},"end":{"line":529,"column":5}},"136":{"start":{"line":525,"column":6},"end":{"line":528,"column":9}},"137":{"start":{"line":531,"column":4},"end":{"line":562,"column":9}},"138":{"start":{"line":533,"column":8},"end":{"line":533,"column":79}},"139":{"start":{"line":534,"column":8},"end":{"line":540,"column":11}},"140":{"start":{"line":543,"column":8},"end":{"line":543,"column":72}},"141":{"start":{"line":546,"column":8},"end":{"line":546,"column":51}},"142":{"start":{"line":547,"column":29},"end":{"line":547,"column":75}},"143":{"start":{"line":548,"column":8},"end":{"line":554,"column":10}},"144":{"start":{"line":555,"column":8},"end":{"line":561,"column":11}},"145":{"start":{"line":563,"column":9},"end":{"line":584,"column":3}},"146":{"start":{"line":564,"column":18},"end":{"line":564,"column":33}},"147":{"start":{"line":565,"column":4},"end":{"line":567,"column":5}},"148":{"start":{"line":566,"column":6},"end":{"line":566,"column":52}},"149":{"start":{"line":568,"column":9},"end":{"line":584,"column":3}},"150":{"start":{"line":569,"column":4},"end":{"line":569,"column":37}},"151":{"start":{"line":570,"column":9},"end":{"line":584,"column":3}},"152":{"start":{"line":571,"column":4},"end":{"line":576,"column":7}},"153":{"start":{"line":572,"column":6},"end":{"line":575,"column":9}},"154":{"start":{"line":577,"column":9},"end":{"line":584,"column":3}},"155":{"start":{"line":578,"column":4},"end":{"line":583,"column":7}},"156":{"start":{"line":579,"column":6},"end":{"line":582,"column":9}},"157":{"start":{"line":588,"column":0},"end":{"line":590,"column":3}},"158":{"start":{"line":589,"column":2},"end":{"line":589,"column":29}}},"fnMap":{"0":{"name":"(anonymous_0)","decl":{"start":{"line":62,"column":36},"end":{"line":62,"column":37}},"loc":{"start":{"line":62,"column":61},"end":{"line":65,"column":1}}},"1":{"name":"summarizeWithAI","decl":{"start":{"line":67,"column":22},"end":{"line":67,"column":37}},"loc":{"start":{"line":70,"column":55},"end":{"line":226,"column":1}}},"2":{"name":"tryModel","decl":{"start":{"line":228,"column":22},"end":{"line":228,"column":30}},"loc":{"start":{"line":231,"column":18},"end":{"line":262,"column":1}}},"3":{"name":"getFallbackModels","decl":{"start":{"line":264,"column":16},"end":{"line":264,"column":33}},"loc":{"start":{"line":264,"column":54},"end":{"line":276,"column":1}}},"4":{"name":"storeModelMetrics","decl":{"start":{"line":278,"column":22},"end":{"line":278,"column":39}},"loc":{"start":{"line":280,"column":18},"end":{"line":310,"column":1}}},"5":{"name":"storeSummaryHistory","decl":{"start":{"line":312,"column":22},"end":{"line":312,"column":41}},"loc":{"start":{"line":317,"column":14},"end":{"line":349,"column":1}}},"6":{"name":"tryChromeBuiltinAI","decl":{"start":{"line":351,"column":15},"end":{"line":351,"column":33}},"loc":{"start":{"line":351,"column":49},"end":{"line":369,"column":1}}},"7":{"name":"tryOpenAI","decl":{"start":{"line":371,"column":15},"end":{"line":371,"column":24}},"loc":{"start":{"line":374,"column":33},"end":{"line":410,"column":1}}},"8":{"name":"tryGeminiAPI","decl":{"start":{"line":412,"column":15},"end":{"line":412,"column":27}},"loc":{"start":{"line":415,"column":40},"end":{"line":464,"column":1}}},"9":{"name":"tryAnthropicAPI","decl":{"start":{"line":466,"column":15},"end":{"line":466,"column":30}},"loc":{"start":{"line":469,"column":43},"end":{"line":511,"column":1}}},"10":{"name":"(anonymous_10)","decl":{"start":{"line":513,"column":37},"end":{"line":513,"column":null}},"loc":{"start":{"line":515,"column":38},"end":{"line":585,"column":1}}},"11":{"name":"(anonymous_11)","decl":{"start":{"line":524,"column":29},"end":{"line":524,"column":30}},"loc":{"start":{"line":524,"column":58},"end":{"line":529,"column":5}}},"12":{"name":"(anonymous_12)","decl":{"start":{"line":532,"column":12},"end":{"line":532,"column":17}},"loc":{"start":{"line":532,"column":56},"end":{"line":544,"column":7}}},"13":{"name":"(anonymous_13)","decl":{"start":{"line":545,"column":13},"end":{"line":545,"column":14}},"loc":{"start":{"line":545,"column":23},"end":{"line":562,"column":7}}},"14":{"name":"(anonymous_14)","decl":{"start":{"line":571,"column":62},"end":{"line":571,"column":65}},"loc":{"start":{"line":571,"column":67},"end":{"line":576,"column":5}}},"15":{"name":"(anonymous_15)","decl":{"start":{"line":578,"column":45},"end":{"line":578,"column":46}},"loc":{"start":{"line":578,"column":56},"end":{"line":583,"column":5}}},"16":{"name":"(anonymous_16)","decl":{"start":{"line":588,"column":34},"end":{"line":588,"column":35}},"loc":{"start":{"line":588,"column":52},"end":{"line":590,"column":1}}}},"branchMap":{"0":{"loc":{"start":{"line":69,"column":2},"end":{"line":69,"column":34}},"type":"default-arg","locations":[{"start":{"line":69,"column":30},"end":{"line":69,"column":34}}]},"1":{"loc":{"start":{"line":87,"column":25},"end":{"line":87,"column":72}},"type":"binary-expr","locations":[{"start":{"line":87,"column":25},"end":{"line":87,"column":35}},{"start":{"line":87,"column":39},"end":{"line":87,"column":52}},{"start":{"line":87,"column":56},"end":{"line":87,"column":72}}]},"2":{"loc":{"start":{"line":91,"column":10},"end":{"line":91,"column":27}},"type":"default-arg","locations":[{"start":{"line":91,"column":25},"end":{"line":91,"column":27}}]},"3":{"loc":{"start":{"line":93,"column":29},"end":{"line":93,"column":72}},"type":"cond-expr","locations":[{"start":{"line":93,"column":46},"end":{"line":93,"column":68}},{"start":{"line":93,"column":71},"end":{"line":93,"column":72}}]},"4":{"loc":{"start":{"line":96,"column":2},"end":{"line":103,"column":3}},"type":"if","locations":[{"start":{"line":96,"column":2},"end":{"line":103,"column":3}},{"start":{},"end":{}}]},"5":{"loc":{"start":{"line":121,"column":2},"end":{"line":131,"column":3}},"type":"if","locations":[{"start":{"line":121,"column":2},"end":{"line":131,"column":3}},{"start":{},"end":{}}]},"6":{"loc":{"start":{"line":123,"column":12},"end":{"line":123,"column":77}},"type":"cond-expr","locations":[{"start":{"line":123,"column":29},"end":{"line":123,"column":50}},{"start":{"line":123,"column":53},"end":{"line":123,"column":77}}]},"7":{"loc":{"start":{"line":124,"column":18},"end":{"line":124,"column":42}},"type":"cond-expr","locations":[{"start":{"line":124,"column":35},"end":{"line":124,"column":37}},{"start":{"line":124,"column":40},"end":{"line":124,"column":42}}]},"8":{"loc":{"start":{"line":125,"column":30},"end":{"line":127,"column":34}},"type":"cond-expr","locations":[{"start":{"line":126,"column":10},"end":{"line":126,"column":34}},{"start":{"line":127,"column":10},"end":{"line":127,"column":34}}]},"9":{"loc":{"start":{"line":134,"column":2},"end":{"line":180,"column":3}},"type":"if","locations":[{"start":{"line":134,"column":2},"end":{"line":180,"column":3}},{"start":{},"end":{}}]},"10":{"loc":{"start":{"line":134,"column":6},"end":{"line":134,"column":49}},"type":"binary-expr","locations":[{"start":{"line":134,"column":6},"end":{"line":134,"column":21}},{"start":{"line":134,"column":25},"end":{"line":134,"column":49}}]},"11":{"loc":{"start":{"line":142,"column":6},"end":{"line":149,"column":7}},"type":"if","locations":[{"start":{"line":142,"column":6},"end":{"line":149,"column":7}},{"start":{},"end":{}}]},"12":{"loc":{"start":{"line":164,"column":6},"end":{"line":176,"column":7}},"type":"if","locations":[{"start":{"line":164,"column":6},"end":{"line":176,"column":7}},{"start":{},"end":{}}]},"13":{"loc":{"start":{"line":166,"column":8},"end":{"line":174,"column":9}},"type":"if","locations":[{"start":{"line":166,"column":8},"end":{"line":174,"column":9}},{"start":{},"end":{}}]},"14":{"loc":{"start":{"line":183,"column":2},"end":{"line":191,"column":3}},"type":"if","locations":[{"start":{"line":183,"column":2},"end":{"line":191,"column":3}},{"start":{},"end":{}}]},"15":{"loc":{"start":{"line":200,"column":2},"end":{"line":208,"column":3}},"type":"if","locations":[{"start":{"line":200,"column":2},"end":{"line":208,"column":3}},{"start":{},"end":{}}]},"16":{"loc":{"start":{"line":210,"column":2},"end":{"line":225,"column":3}},"type":"if","locations":[{"start":{"line":210,"column":2},"end":{"line":225,"column":3}},{"start":{"line":217,"column":9},"end":{"line":225,"column":3}}]},"17":{"loc":{"start":{"line":234,"column":2},"end":{"line":236,"column":3}},"type":"if","locations":[{"start":{"line":234,"column":2},"end":{"line":236,"column":3}},{"start":{},"end":{}}]},"18":{"loc":{"start":{"line":238,"column":2},"end":{"line":261,"column":3}},"type":"switch","locations":[{"start":{"line":239,"column":4},"end":{"line":240,"column":47}},{"start":{"line":241,"column":4},"end":{"line":246,"column":8}},{"start":{"line":247,"column":4},"end":{"line":252,"column":8}},{"start":{"line":253,"column":4},"end":{"line":258,"column":8}},{"start":{"line":259,"column":4},"end":{"line":260,"column":59}}]},"19":{"loc":{"start":{"line":266,"column":2},"end":{"line":266,"column":30}},"type":"if","locations":[{"start":{"line":266,"column":2},"end":{"line":266,"column":30}},{"start":{},"end":{}}]},"20":{"loc":{"start":{"line":275,"column":9},"end":{"line":275,"column":46}},"type":"binary-expr","locations":[{"start":{"line":275,"column":9},"end":{"line":275,"column":40}},{"start":{"line":275,"column":44},"end":{"line":275,"column":46}}]},"21":{"loc":{"start":{"line":283,"column":12},"end":{"line":283,"column":29}},"type":"default-arg","locations":[{"start":{"line":283,"column":27},"end":{"line":283,"column":29}}]},"22":{"loc":{"start":{"line":285,"column":4},"end":{"line":293,"column":5}},"type":"if","locations":[{"start":{"line":285,"column":4},"end":{"line":293,"column":5}},{"start":{},"end":{}}]},"23":{"loc":{"start":{"line":302,"column":4},"end":{"line":304,"column":5}},"type":"if","locations":[{"start":{"line":302,"column":4},"end":{"line":304,"column":5}},{"start":{},"end":{}}]},"24":{"loc":{"start":{"line":320,"column":12},"end":{"line":320,"column":31}},"type":"default-arg","locations":[{"start":{"line":320,"column":29},"end":{"line":320,"column":31}}]},"25":{"loc":{"start":{"line":341,"column":4},"end":{"line":343,"column":5}},"type":"if","locations":[{"start":{"line":341,"column":4},"end":{"line":343,"column":5}},{"start":{},"end":{}}]},"26":{"loc":{"start":{"line":353,"column":4},"end":{"line":364,"column":5}},"type":"if","locations":[{"start":{"line":353,"column":4},"end":{"line":364,"column":5}},{"start":{"line":362,"column":11},"end":{"line":364,"column":5}}]},"27":{"loc":{"start":{"line":374,"column":2},"end":{"line":374,"column":33}},"type":"default-arg","locations":[{"start":{"line":374,"column":18},"end":{"line":374,"column":33}}]},"28":{"loc":{"start":{"line":377,"column":4},"end":{"line":379,"column":5}},"type":"if","locations":[{"start":{"line":377,"column":4},"end":{"line":379,"column":5}},{"start":{},"end":{}}]},"29":{"loc":{"start":{"line":400,"column":4},"end":{"line":402,"column":5}},"type":"if","locations":[{"start":{"line":400,"column":4},"end":{"line":402,"column":5}},{"start":{},"end":{}}]},"30":{"loc":{"start":{"line":415,"column":2},"end":{"line":415,"column":40}},"type":"default-arg","locations":[{"start":{"line":415,"column":18},"end":{"line":415,"column":40}}]},"31":{"loc":{"start":{"line":418,"column":4},"end":{"line":420,"column":5}},"type":"if","locations":[{"start":{"line":418,"column":4},"end":{"line":420,"column":5}},{"start":{},"end":{}}]},"32":{"loc":{"start":{"line":447,"column":4},"end":{"line":449,"column":5}},"type":"if","locations":[{"start":{"line":447,"column":4},"end":{"line":449,"column":5}},{"start":{},"end":{}}]},"33":{"loc":{"start":{"line":452,"column":4},"end":{"line":459,"column":5}},"type":"if","locations":[{"start":{"line":452,"column":4},"end":{"line":459,"column":5}},{"start":{"line":457,"column":11},"end":{"line":459,"column":5}}]},"34":{"loc":{"start":{"line":452,"column":8},"end":{"line":452,"column":75}},"type":"binary-expr","locations":[{"start":{"line":452,"column":8},"end":{"line":452,"column":23}},{"start":{"line":452,"column":27},"end":{"line":452,"column":45}},{"start":{"line":452,"column":49},"end":{"line":452,"column":75}}]},"35":{"loc":{"start":{"line":469,"column":2},"end":{"line":469,"column":43}},"type":"default-arg","locations":[{"start":{"line":469,"column":18},"end":{"line":469,"column":43}}]},"36":{"loc":{"start":{"line":472,"column":4},"end":{"line":474,"column":5}},"type":"if","locations":[{"start":{"line":472,"column":4},"end":{"line":474,"column":5}},{"start":{},"end":{}}]},"37":{"loc":{"start":{"line":497,"column":4},"end":{"line":499,"column":5}},"type":"if","locations":[{"start":{"line":497,"column":4},"end":{"line":499,"column":5}},{"start":{},"end":{}}]},"38":{"loc":{"start":{"line":502,"column":4},"end":{"line":506,"column":5}},"type":"if","locations":[{"start":{"line":502,"column":4},"end":{"line":506,"column":5}},{"start":{"line":504,"column":11},"end":{"line":506,"column":5}}]},"39":{"loc":{"start":{"line":502,"column":8},"end":{"line":502,"column":63}},"type":"binary-expr","locations":[{"start":{"line":502,"column":8},"end":{"line":502,"column":20}},{"start":{"line":502,"column":24},"end":{"line":502,"column":39}},{"start":{"line":502,"column":43},"end":{"line":502,"column":63}}]},"40":{"loc":{"start":{"line":517,"column":2},"end":{"line":584,"column":3}},"type":"if","locations":[{"start":{"line":517,"column":2},"end":{"line":584,"column":3}},{"start":{"line":563,"column":9},"end":{"line":584,"column":3}}]},"41":{"loc":{"start":{"line":563,"column":9},"end":{"line":584,"column":3}},"type":"if","locations":[{"start":{"line":563,"column":9},"end":{"line":584,"column":3}},{"start":{"line":568,"column":9},"end":{"line":584,"column":3}}]},"42":{"loc":{"start":{"line":565,"column":4},"end":{"line":567,"column":5}},"type":"if","locations":[{"start":{"line":565,"column":4},"end":{"line":567,"column":5}},{"start":{},"end":{}}]},"43":{"loc":{"start":{"line":568,"column":9},"end":{"line":584,"column":3}},"type":"if","locations":[{"start":{"line":568,"column":9},"end":{"line":584,"column":3}},{"start":{"line":570,"column":9},"end":{"line":584,"column":3}}]},"44":{"loc":{"start":{"line":570,"column":9},"end":{"line":584,"column":3}},"type":"if","locations":[{"start":{"line":570,"column":9},"end":{"line":584,"column":3}},{"start":{"line":577,"column":9},"end":{"line":584,"column":3}}]},"45":{"loc":{"start":{"line":577,"column":9},"end":{"line":584,"column":3}},"type":"if","locations":[{"start":{"line":577,"column":9},"end":{"line":584,"column":3}},{"start":{},"end":{}}]},"46":{"loc":{"start":{"line":581,"column":17},"end":{"line":581,"column":42}},"type":"binary-expr","locations":[{"start":{"line":581,"column":17},"end":{"line":581,"column":36}},{"start":{"line":581,"column":40},"end":{"line":581,"column":42}}]}},"s":{"0":2,"1":2,"2":2,"3":2,"4":2,"5":2,"6":2,"7":2,"8":3,"9":27,"10":27,"11":27,"12":27,"13":27,"14":27,"15":27,"16":27,"17":27,"18":27,"19":27,"20":27,"21":27,"22":27,"23":27,"24":6,"25":6,"26":6,"27":6,"28":16,"29":16,"30":16,"31":16,"32":16,"33":16,"34":16,"35":3,"36":3,"37":3,"38":3,"39":13,"40":27,"41":27,"42":27,"43":27,"44":27,"45":27,"46":27,"47":27,"48":27,"49":23,"50":4,"51":60,"52":60,"53":1,"54":59,"55":27,"56":16,"57":8,"58":8,"59":0,"60":11,"61":11,"62":1,"63":10,"64":10,"65":30,"66":30,"67":29,"68":24,"69":29,"70":29,"71":29,"72":29,"73":29,"74":29,"75":29,"76":25,"77":29,"78":2,"79":18,"80":18,"81":18,"82":17,"83":17,"84":17,"85":1,"86":17,"87":2,"88":27,"89":27,"90":26,"91":20,"92":20,"93":20,"94":1,"95":6,"96":6,"97":16,"98":16,"99":4,"100":12,"101":9,"102":2,"103":7,"104":5,"105":7,"106":7,"107":8,"108":8,"109":4,"110":4,"111":3,"112":0,"113":3,"114":2,"115":1,"116":1,"117":3,"118":3,"119":8,"120":8,"121":4,"122":4,"123":3,"124":0,"125":3,"126":2,"127":1,"128":1,"129":3,"130":3,"131":2,"132":34,"133":15,"134":15,"135":15,"136":74,"137":15,"138":15,"139":15,"140":15,"141":0,"142":0,"143":0,"144":0,"145":18,"146":3,"147":3,"148":3,"149":15,"150":2,"151":13,"152":3,"153":0,"154":10,"155":4,"156":0,"157":2,"158":2},"f":{"0":3,"1":27,"2":60,"3":11,"4":30,"5":18,"6":27,"7":16,"8":8,"9":8,"10":34,"11":74,"12":15,"13":0,"14":0,"15":0,"16":2},"b":{"0":[13],"1":[27,22,0],"2":[0],"3":[0,27],"4":[27,0],"5":[27,0],"6":[20,7],"7":[20,7],"8":[20,7],"9":[6,21],"10":[27,7],"11":[16,0],"12":[3,13],"13":[3,0],"14":[27,0],"15":[27,0],"16":[23,4],"17":[1,59],"18":[27,16,8,8,0],"19":[1,10],"20":[10,0],"21":[0],"22":[24,5],"23":[25,4],"24":[0],"25":[1,16],"26":[26,1],"27":[0],"28":[4,12],"29":[2,7],"30":[0],"31":[4,4],"32":[0,3],"33":[1,1],"34":[2,1,1],"35":[0],"36":[4,4],"37":[0,3],"38":[1,1],"39":[2,1,1],"40":[15,18],"41":[3,15],"42":[3,0],"43":[2,13],"44":[3,10],"45":[4,6],"46":[0,0]}}
,"/Users/lasse/Sites/gemini-cli/ai-summary-extension/content.ts": {"path":"/Users/lasse/Sites/gemini-cli/ai-summary-extension/content.ts","statementMap":{"0":{"start":{"line":3,"column":40},"end":{"line":3,"column":44}},"1":{"start":{"line":35,"column":45},"end":{"line":108,"column":2}},"2":{"start":{"line":111,"column":46},"end":{"line":184,"column":4}},"3":{"start":{"line":185,"column":2},"end":{"line":185,"column":23}},"4":{"start":{"line":189,"column":22},"end":{"line":189,"column":50}},"5":{"start":{"line":190,"column":2},"end":{"line":190,"column":48}},"6":{"start":{"line":201,"column":4},"end":{"line":201,"column":62}},"7":{"start":{"line":203,"column":2},"end":{"line":739,"column":3}},"8":{"start":{"line":204,"column":4},"end":{"line":204,"column":47}},"9":{"start":{"line":205,"column":4},"end":{"line":205,"column":55}},"10":{"start":{"line":206,"column":4},"end":{"line":221,"column":6}},"11":{"start":{"line":223,"column":21},"end":{"line":223,"column":50}},"12":{"start":{"line":224,"column":4},"end":{"line":232,"column":6}},"13":{"start":{"line":234,"column":20},"end":{"line":234,"column":49}},"14":{"start":{"line":235,"column":4},"end":{"line":235,"column":56}},"15":{"start":{"line":237,"column":24},"end":{"line":237,"column":53}},"16":{"start":{"line":238,"column":4},"end":{"line":245,"column":6}},"17":{"start":{"line":246,"column":4},"end":{"line":254,"column":7}},"18":{"start":{"line":247,"column":6},"end":{"line":249,"column":7}},"19":{"start":{"line":248,"column":8},"end":{"line":248,"column":42}},"20":{"start":{"line":250,"column":6},"end":{"line":253,"column":9}},"21":{"start":{"line":255,"column":4},"end":{"line":255,"column":32}},"22":{"start":{"line":257,"column":27},"end":{"line":257,"column":56}},"23":{"start":{"line":258,"column":4},"end":{"line":265,"column":6}},"24":{"start":{"line":266,"column":22},"end":{"line":266,"column":27}},"25":{"start":{"line":267,"column":45},"end":{"line":267,"column":59}},"26":{"start":{"line":268,"column":4},"end":{"line":285,"column":7}},"27":{"start":{"line":269,"column":6},"end":{"line":284,"column":7}},"28":{"start":{"line":270,"column":8},"end":{"line":270,"column":55}},"29":{"start":{"line":271,"column":31},"end":{"line":272,"column":null}},"30":{"start":{"line":274,"column":8},"end":{"line":274,"column":67}},"31":{"start":{"line":274,"column":28},"end":{"line":274,"column":67}},"32":{"start":{"line":275,"column":8},"end":{"line":275,"column":28}},"33":{"start":{"line":277,"column":8},"end":{"line":277,"column":55}},"34":{"start":{"line":278,"column":8},"end":{"line":278,"column":42}},"35":{"start":{"line":279,"column":31},"end":{"line":280,"column":null}},"36":{"start":{"line":282,"column":8},"end":{"line":282,"column":66}},"37":{"start":{"line":282,"column":28},"end":{"line":282,"column":66}},"38":{"start":{"line":283,"column":8},"end":{"line":283,"column":27}},"39":{"start":{"line":286,"column":4},"end":{"line":286,"column":38}},"40":{"start":{"line":288,"column":27},"end":{"line":288,"column":56}},"41":{"start":{"line":289,"column":4},"end":{"line":295,"column":6}},"42":{"start":{"line":296,"column":22},"end":{"line":296,"column":27}},"43":{"start":{"line":302,"column":8},"end":{"line":302,"column":52}},"44":{"start":{"line":303,"column":4},"end":{"line":328,"column":7}},"45":{"start":{"line":304,"column":6},"end":{"line":327,"column":7}},"46":{"start":{"line":305,"column":8},"end":{"line":305,"column":56}},"47":{"start":{"line":306,"column":8},"end":{"line":306,"column":58}},"48":{"start":{"line":307,"column":8},"end":{"line":307,"column":52}},"49":{"start":{"line":308,"column":8},"end":{"line":308,"column":54}},"50":{"start":{"line":309,"column":8},"end":{"line":309,"column":28}},"51":{"start":{"line":311,"column":8},"end":{"line":316,"column":10}},"52":{"start":{"line":317,"column":8},"end":{"line":317,"column":41}},"53":{"start":{"line":318,"column":8},"end":{"line":318,"column":42}},"54":{"start":{"line":319,"column":8},"end":{"line":319,"column":38}},"55":{"start":{"line":320,"column":8},"end":{"line":320,"column":39}},"56":{"start":{"line":321,"column":8},"end":{"line":321,"column":27}},"57":{"start":{"line":322,"column":31},"end":{"line":323,"column":null}},"58":{"start":{"line":325,"column":8},"end":{"line":325,"column":67}},"59":{"start":{"line":325,"column":28},"end":{"line":325,"column":67}},"60":{"start":{"line":326,"column":8},"end":{"line":326,"column":28}},"61":{"start":{"line":329,"column":4},"end":{"line":329,"column":38}},"62":{"start":{"line":331,"column":4},"end":{"line":331,"column":37}},"63":{"start":{"line":332,"column":4},"end":{"line":332,"column":40}},"64":{"start":{"line":333,"column":4},"end":{"line":333,"column":40}},"65":{"start":{"line":335,"column":34},"end":{"line":335,"column":63}},"66":{"start":{"line":336,"column":4},"end":{"line":339,"column":6}},"67":{"start":{"line":341,"column":25},"end":{"line":341,"column":54}},"68":{"start":{"line":342,"column":4},"end":{"line":342,"column":41}},"69":{"start":{"line":343,"column":4},"end":{"line":349,"column":6}},"70":{"start":{"line":351,"column":4},"end":{"line":351,"column":52}},"71":{"start":{"line":353,"column":26},"end":{"line":353,"column":55}},"72":{"start":{"line":354,"column":4},"end":{"line":354,"column":94}},"73":{"start":{"line":356,"column":23},"end":{"line":356,"column":53}},"74":{"start":{"line":357,"column":4},"end":{"line":357,"column":34}},"75":{"start":{"line":358,"column":4},"end":{"line":363,"column":6}},"76":{"start":{"line":364,"column":4},"end":{"line":371,"column":7}},"77":{"start":{"line":365,"column":29},"end":{"line":366,"column":null}},"78":{"start":{"line":368,"column":6},"end":{"line":370,"column":7}},"79":{"start":{"line":369,"column":8},"end":{"line":369,"column":72}},"80":{"start":{"line":372,"column":4},"end":{"line":372,"column":51}},"81":{"start":{"line":374,"column":24},"end":{"line":374,"column":54}},"82":{"start":{"line":375,"column":4},"end":{"line":375,"column":35}},"83":{"start":{"line":376,"column":4},"end":{"line":381,"column":6}},"84":{"start":{"line":382,"column":4},"end":{"line":394,"column":7}},"85":{"start":{"line":383,"column":29},"end":{"line":384,"column":null}},"86":{"start":{"line":386,"column":6},"end":{"line":393,"column":7}},"87":{"start":{"line":387,"column":8},"end":{"line":392,"column":32}},"88":{"start":{"line":395,"column":4},"end":{"line":395,"column":40}},"89":{"start":{"line":397,"column":25},"end":{"line":397,"column":52}},"90":{"start":{"line":398,"column":4},"end":{"line":401,"column":7}},"91":{"start":{"line":399,"column":6},"end":{"line":399,"column":29}},"92":{"start":{"line":400,"column":6},"end":{"line":400,"column":66}},"93":{"start":{"line":402,"column":4},"end":{"line":409,"column":6}},"94":{"start":{"line":411,"column":25},"end":{"line":411,"column":55}},"95":{"start":{"line":412,"column":4},"end":{"line":412,"column":36}},"96":{"start":{"line":413,"column":4},"end":{"line":416,"column":6}},"97":{"start":{"line":418,"column":4},"end":{"line":418,"column":43}},"98":{"start":{"line":419,"column":4},"end":{"line":419,"column":41}},"99":{"start":{"line":421,"column":4},"end":{"line":421,"column":42}},"100":{"start":{"line":422,"column":4},"end":{"line":422,"column":43}},"101":{"start":{"line":423,"column":4},"end":{"line":423,"column":44}},"102":{"start":{"line":425,"column":4},"end":{"line":425,"column":34}},"103":{"start":{"line":426,"column":4},"end":{"line":426,"column":48}},"104":{"start":{"line":427,"column":4},"end":{"line":427,"column":40}},"105":{"start":{"line":429,"column":27},"end":{"line":429,"column":56}},"106":{"start":{"line":430,"column":4},"end":{"line":430,"column":63}},"107":{"start":{"line":431,"column":4},"end":{"line":439,"column":6}},"108":{"start":{"line":441,"column":18},"end":{"line":441,"column":49}},"109":{"start":{"line":442,"column":4},"end":{"line":500,"column":6}},"110":{"start":{"line":501,"column":4},"end":{"line":501,"column":37}},"111":{"start":{"line":504,"column":23},"end":{"line":504,"column":67}},"112":{"start":{"line":505,"column":4},"end":{"line":516,"column":7}},"113":{"start":{"line":506,"column":21},"end":{"line":506,"column":50}},"114":{"start":{"line":507,"column":6},"end":{"line":507,"column":48}},"115":{"start":{"line":508,"column":6},"end":{"line":513,"column":8}},"116":{"start":{"line":514,"column":6},"end":{"line":514,"column":38}},"117":{"start":{"line":515,"column":6},"end":{"line":515,"column":62}},"118":{"start":{"line":518,"column":4},"end":{"line":518,"column":37}},"119":{"start":{"line":521,"column":29},"end":{"line":521,"column":58}},"120":{"start":{"line":522,"column":4},"end":{"line":522,"column":67}},"121":{"start":{"line":523,"column":4},"end":{"line":529,"column":6}},"122":{"start":{"line":532,"column":27},"end":{"line":532,"column":56}},"123":{"start":{"line":533,"column":4},"end":{"line":533,"column":63}},"124":{"start":{"line":534,"column":4},"end":{"line":542,"column":6}},"125":{"start":{"line":543,"column":4},"end":{"line":543,"column":49}},"126":{"start":{"line":546,"column":30},"end":{"line":546,"column":59}},"127":{"start":{"line":547,"column":4},"end":{"line":554,"column":6}},"128":{"start":{"line":556,"column":24},"end":{"line":556,"column":53}},"129":{"start":{"line":557,"column":4},"end":{"line":557,"column":57}},"130":{"start":{"line":558,"column":4},"end":{"line":564,"column":6}},"131":{"start":{"line":565,"column":4},"end":{"line":565,"column":47}},"132":{"start":{"line":566,"column":4},"end":{"line":566,"column":52}},"133":{"start":{"line":569,"column":25},"end":{"line":569,"column":54}},"134":{"start":{"line":570,"column":4},"end":{"line":570,"column":59}},"135":{"start":{"line":571,"column":4},"end":{"line":575,"column":6}},"136":{"start":{"line":576,"column":4},"end":{"line":576,"column":49}},"137":{"start":{"line":577,"column":4},"end":{"line":577,"column":47}},"138":{"start":{"line":580,"column":28},"end":{"line":580,"column":57}},"139":{"start":{"line":581,"column":4},"end":{"line":581,"column":65}},"140":{"start":{"line":582,"column":4},"end":{"line":586,"column":6}},"141":{"start":{"line":587,"column":4},"end":{"line":587,"column":37}},"142":{"start":{"line":588,"column":4},"end":{"line":588,"column":50}},"143":{"start":{"line":590,"column":4},"end":{"line":590,"column":45}},"144":{"start":{"line":592,"column":4},"end":{"line":592,"column":43}},"145":{"start":{"line":594,"column":22},"end":{"line":594,"column":51}},"146":{"start":{"line":595,"column":4},"end":{"line":595,"column":53}},"147":{"start":{"line":596,"column":4},"end":{"line":612,"column":6}},"148":{"start":{"line":615,"column":24},"end":{"line":615,"column":56}},"149":{"start":{"line":616,"column":4},"end":{"line":616,"column":49}},"150":{"start":{"line":617,"column":4},"end":{"line":626,"column":6}},"151":{"start":{"line":629,"column":25},"end":{"line":642,"column":6}},"152":{"start":{"line":644,"column":4},"end":{"line":649,"column":7}},"153":{"start":{"line":645,"column":18},"end":{"line":645,"column":50}},"154":{"start":{"line":646,"column":6},"end":{"line":646,"column":31}},"155":{"start":{"line":647,"column":6},"end":{"line":647,"column":37}},"156":{"start":{"line":648,"column":6},"end":{"line":648,"column":35}},"157":{"start":{"line":652,"column":4},"end":{"line":656,"column":7}},"158":{"start":{"line":653,"column":6},"end":{"line":655,"column":7}},"159":{"start":{"line":654,"column":8},"end":{"line":654,"column":49}},"160":{"start":{"line":659,"column":4},"end":{"line":709,"column":7}},"161":{"start":{"line":660,"column":23},"end":{"line":660,"column":40}},"162":{"start":{"line":663,"column":6},"end":{"line":666,"column":9}},"163":{"start":{"line":669,"column":29},"end":{"line":670,"column":null}},"164":{"start":{"line":672,"column":25},"end":{"line":672,"column":74}},"165":{"start":{"line":673,"column":31},"end":{"line":674,"column":null}},"166":{"start":{"line":677,"column":6},"end":{"line":680,"column":7}},"167":{"start":{"line":678,"column":8},"end":{"line":678,"column":38}},"168":{"start":{"line":679,"column":8},"end":{"line":679,"column":46}},"169":{"start":{"line":681,"column":6},"end":{"line":683,"column":7}},"170":{"start":{"line":682,"column":8},"end":{"line":682,"column":51}},"171":{"start":{"line":684,"column":6},"end":{"line":686,"column":7}},"172":{"start":{"line":685,"column":8},"end":{"line":685,"column":49}},"173":{"start":{"line":689,"column":25},"end":{"line":690,"column":null}},"174":{"start":{"line":690,"column":15},"end":{"line":690,"column":34}},"175":{"start":{"line":692,"column":26},"end":{"line":692,"column":47}},"176":{"start":{"line":694,"column":6},"end":{"line":708,"column":7}},"177":{"start":{"line":695,"column":8},"end":{"line":699,"column":11}},"178":{"start":{"line":702,"column":8},"end":{"line":704,"column":9}},"179":{"start":{"line":703,"column":10},"end":{"line":703,"column":71}},"180":{"start":{"line":705,"column":8},"end":{"line":707,"column":9}},"181":{"start":{"line":706,"column":10},"end":{"line":706,"column":50}},"182":{"start":{"line":712,"column":23},"end":{"line":712,"column":52}},"183":{"start":{"line":713,"column":4},"end":{"line":713,"column":45}},"184":{"start":{"line":714,"column":4},"end":{"line":721,"column":6}},"185":{"start":{"line":723,"column":4},"end":{"line":723,"column":39}},"186":{"start":{"line":724,"column":4},"end":{"line":724,"column":38}},"187":{"start":{"line":725,"column":4},"end":{"line":725,"column":38}},"188":{"start":{"line":727,"column":4},"end":{"line":727,"column":38}},"189":{"start":{"line":729,"column":25},"end":{"line":729,"column":56}},"190":{"start":{"line":730,"column":4},"end":{"line":735,"column":6}},"191":{"start":{"line":736,"column":4},"end":{"line":736,"column":44}},"192":{"start":{"line":738,"column":4},"end":{"line":738,"column":40}},"193":{"start":{"line":741,"column":27},"end":{"line":742,"column":null}},"194":{"start":{"line":744,"column":25},"end":{"line":745,"column":null}},"195":{"start":{"line":748,"column":2},"end":{"line":777,"column":3}},"196":{"start":{"line":750,"column":4},"end":{"line":750,"column":67}},"197":{"start":{"line":750,"column":26},"end":{"line":750,"column":67}},"198":{"start":{"line":751,"column":4},"end":{"line":751,"column":62}},"199":{"start":{"line":751,"column":24},"end":{"line":751,"column":62}},"200":{"start":{"line":753,"column":23},"end":{"line":753,"column":72}},"201":{"start":{"line":754,"column":4},"end":{"line":754,"column":48}},"202":{"start":{"line":754,"column":20},"end":{"line":754,"column":48}},"203":{"start":{"line":755,"column":4},"end":{"line":755,"column":54}},"204":{"start":{"line":755,"column":20},"end":{"line":755,"column":54}},"205":{"start":{"line":758,"column":4},"end":{"line":758,"column":66}},"206":{"start":{"line":758,"column":26},"end":{"line":758,"column":66}},"207":{"start":{"line":759,"column":4},"end":{"line":764,"column":5}},"208":{"start":{"line":760,"column":24},"end":{"line":760,"column":48}},"209":{"start":{"line":761,"column":26},"end":{"line":761,"column":57}},"210":{"start":{"line":762,"column":6},"end":{"line":762,"column":45}},"211":{"start":{"line":763,"column":6},"end":{"line":763,"column":45}},"212":{"start":{"line":766,"column":23},"end":{"line":766,"column":72}},"213":{"start":{"line":767,"column":4},"end":{"line":774,"column":5}},"214":{"start":{"line":768,"column":24},"end":{"line":768,"column":50}},"215":{"start":{"line":769,"column":26},"end":{"line":769,"column":51}},"216":{"start":{"line":770,"column":6},"end":{"line":772,"column":7}},"217":{"start":{"line":771,"column":8},"end":{"line":771,"column":66}},"218":{"start":{"line":773,"column":6},"end":{"line":773,"column":45}},"219":{"start":{"line":775,"column":4},"end":{"line":775,"column":54}},"220":{"start":{"line":775,"column":20},"end":{"line":775,"column":54}},"221":{"start":{"line":776,"column":4},"end":{"line":776,"column":19}},"222":{"start":{"line":781,"column":25},"end":{"line":782,"column":null}},"223":{"start":{"line":784,"column":21},"end":{"line":785,"column":null}},"224":{"start":{"line":787,"column":25},"end":{"line":787,"column":27}},"225":{"start":{"line":788,"column":23},"end":{"line":788,"column":25}},"226":{"start":{"line":789,"column":18},"end":{"line":789,"column":20}},"227":{"start":{"line":790,"column":20},"end":{"line":790,"column":44}},"228":{"start":{"line":792,"column":2},"end":{"line":800,"column":3}},"229":{"start":{"line":793,"column":26},"end":{"line":793,"column":63}},"230":{"start":{"line":794,"column":22},"end":{"line":796,"column":null}},"231":{"start":{"line":799,"column":4},"end":{"line":799,"column":47}},"232":{"start":{"line":804,"column":13},"end":{"line":804,"column":14}},"233":{"start":{"line":805,"column":11},"end":{"line":805,"column":12}},"234":{"start":{"line":806,"column":11},"end":{"line":806,"column":12}},"235":{"start":{"line":807,"column":11},"end":{"line":807,"column":12}},"236":{"start":{"line":808,"column":2},"end":{"line":808,"column":37}},"237":{"start":{"line":811,"column":4},"end":{"line":811,"column":26}},"238":{"start":{"line":812,"column":4},"end":{"line":812,"column":23}},"239":{"start":{"line":813,"column":4},"end":{"line":813,"column":21}},"240":{"start":{"line":814,"column":4},"end":{"line":814,"column":21}},"241":{"start":{"line":815,"column":4},"end":{"line":815,"column":42}},"242":{"start":{"line":816,"column":4},"end":{"line":816,"column":39}},"243":{"start":{"line":820,"column":4},"end":{"line":820,"column":26}},"244":{"start":{"line":821,"column":4},"end":{"line":821,"column":23}},"245":{"start":{"line":822,"column":4},"end":{"line":822,"column":28}},"246":{"start":{"line":823,"column":4},"end":{"line":823,"column":28}},"247":{"start":{"line":824,"column":4},"end":{"line":824,"column":21}},"248":{"start":{"line":825,"column":4},"end":{"line":825,"column":21}},"249":{"start":{"line":826,"column":4},"end":{"line":826,"column":56}},"250":{"start":{"line":827,"column":4},"end":{"line":827,"column":58}},"251":{"start":{"line":831,"column":4},"end":{"line":831,"column":30}},"252":{"start":{"line":832,"column":4},"end":{"line":832,"column":32}},"253":{"start":{"line":842,"column":2},"end":{"line":881,"column":4}},"254":{"start":{"line":843,"column":4},"end":{"line":843,"column":23}},"255":{"start":{"line":844,"column":19},"end":{"line":844,"column":28}},"256":{"start":{"line":845,"column":19},"end":{"line":845,"column":28}},"257":{"start":{"line":846,"column":23},"end":{"line":848,"column":null}},"258":{"start":{"line":850,"column":24},"end":{"line":852,"column":null}},"259":{"start":{"line":854,"column":21},"end":{"line":854,"column":38}},"260":{"start":{"line":855,"column":22},"end":{"line":855,"column":40}},"261":{"start":{"line":857,"column":4},"end":{"line":875,"column":6}},"262":{"start":{"line":858,"column":17},"end":{"line":858,"column":35}},"263":{"start":{"line":859,"column":17},"end":{"line":859,"column":35}},"264":{"start":{"line":861,"column":6},"end":{"line":863,"column":7}},"265":{"start":{"line":862,"column":8},"end":{"line":862,"column":53}},"266":{"start":{"line":864,"column":6},"end":{"line":866,"column":7}},"267":{"start":{"line":865,"column":8},"end":{"line":865,"column":55}},"268":{"start":{"line":867,"column":6},"end":{"line":870,"column":7}},"269":{"start":{"line":868,"column":8},"end":{"line":868,"column":53}},"270":{"start":{"line":869,"column":8},"end":{"line":869,"column":51}},"271":{"start":{"line":871,"column":6},"end":{"line":874,"column":7}},"272":{"start":{"line":872,"column":8},"end":{"line":872,"column":55}},"273":{"start":{"line":873,"column":8},"end":{"line":873,"column":49}},"274":{"start":{"line":877,"column":4},"end":{"line":880,"column":6}},"275":{"start":{"line":878,"column":6},"end":{"line":878,"column":34}},"276":{"start":{"line":879,"column":6},"end":{"line":879,"column":32}},"277":{"start":{"line":886,"column":22},"end":{"line":887,"column":null}},"278":{"start":{"line":889,"column":23},"end":{"line":890,"column":null}},"279":{"start":{"line":892,"column":26},"end":{"line":893,"column":null}},"280":{"start":{"line":896,"column":2},"end":{"line":919,"column":3}},"281":{"start":{"line":898,"column":4},"end":{"line":898,"column":56}},"282":{"start":{"line":901,"column":4},"end":{"line":901,"column":76}},"283":{"start":{"line":904,"column":22},"end":{"line":904,"column":64}},"284":{"start":{"line":905,"column":22},"end":{"line":905,"column":42}},"285":{"start":{"line":906,"column":4},"end":{"line":912,"column":5}},"286":{"start":{"line":908,"column":8},"end":{"line":910,"column":60}},"287":{"start":{"line":911,"column":6},"end":{"line":911,"column":49}},"288":{"start":{"line":913,"column":4},"end":{"line":917,"column":5}},"289":{"start":{"line":914,"column":6},"end":{"line":914,"column":54}},"290":{"start":{"line":915,"column":11},"end":{"line":917,"column":5}},"291":{"start":{"line":916,"column":6},"end":{"line":916,"column":34}},"292":{"start":{"line":918,"column":4},"end":{"line":918,"column":46}},"293":{"start":{"line":923,"column":0},"end":{"line":967,"column":3}},"294":{"start":{"line":924,"column":2},"end":{"line":966,"column":3}},"295":{"start":{"line":925,"column":4},"end":{"line":933,"column":7}},"296":{"start":{"line":926,"column":6},"end":{"line":932,"column":8}},"297":{"start":{"line":934,"column":9},"end":{"line":966,"column":3}},"298":{"start":{"line":935,"column":4},"end":{"line":937,"column":7}},"299":{"start":{"line":936,"column":6},"end":{"line":936,"column":62}},"300":{"start":{"line":938,"column":9},"end":{"line":966,"column":3}},"301":{"start":{"line":939,"column":4},"end":{"line":939,"column":44}},"302":{"start":{"line":940,"column":9},"end":{"line":966,"column":3}},"303":{"start":{"line":941,"column":4},"end":{"line":957,"column":5}},"304":{"start":{"line":942,"column":6},"end":{"line":943,"column":62}},"305":{"start":{"line":944,"column":6},"end":{"line":947,"column":9}},"306":{"start":{"line":949,"column":25},"end":{"line":950,"column":null}},"307":{"start":{"line":950,"column":15},"end":{"line":950,"column":34}},"308":{"start":{"line":952,"column":26},"end":{"line":952,"column":47}},"309":{"start":{"line":953,"column":6},"end":{"line":956,"column":9}},"310":{"start":{"line":958,"column":9},"end":{"line":966,"column":3}},"311":{"start":{"line":960,"column":24},"end":{"line":961,"column":null}},"312":{"start":{"line":963,"column":4},"end":{"line":965,"column":5}},"313":{"start":{"line":964,"column":6},"end":{"line":964,"column":40}}},"fnMap":{"0":{"name":"contentGetModelConfig","decl":{"start":{"line":110,"column":9},"end":{"line":110,"column":30}},"loc":{"start":{"line":110,"column":44},"end":{"line":186,"column":1}}},"1":{"name":"getModelDisplayName","decl":{"start":{"line":188,"column":9},"end":{"line":188,"column":28}},"loc":{"start":{"line":188,"column":42},"end":{"line":191,"column":1}}},"2":{"name":"createOrUpdateSummaryDiv","decl":{"start":{"line":193,"column":9},"end":{"line":193,"column":33}},"loc":{"start":{"line":198,"column":15},"end":{"line":778,"column":1}}},"3":{"name":"(anonymous_3)","decl":{"start":{"line":246,"column":42},"end":{"line":246,"column":45}},"loc":{"start":{"line":246,"column":47},"end":{"line":254,"column":5}}},"4":{"name":"(anonymous_4)","decl":{"start":{"line":268,"column":45},"end":{"line":268,"column":48}},"loc":{"start":{"line":268,"column":50},"end":{"line":285,"column":5}}},"5":{"name":"(anonymous_5)","decl":{"start":{"line":303,"column":45},"end":{"line":303,"column":48}},"loc":{"start":{"line":303,"column":50},"end":{"line":328,"column":5}}},"6":{"name":"(anonymous_6)","decl":{"start":{"line":364,"column":41},"end":{"line":364,"column":44}},"loc":{"start":{"line":364,"column":46},"end":{"line":371,"column":5}}},"7":{"name":"(anonymous_7)","decl":{"start":{"line":382,"column":42},"end":{"line":382,"column":45}},"loc":{"start":{"line":382,"column":47},"end":{"line":394,"column":5}}},"8":{"name":"(anonymous_8)","decl":{"start":{"line":398,"column":43},"end":{"line":398,"column":44}},"loc":{"start":{"line":398,"column":53},"end":{"line":401,"column":5}}},"9":{"name":"(anonymous_9)","decl":{"start":{"line":505,"column":23},"end":{"line":505,"column":24}},"loc":{"start":{"line":505,"column":31},"end":{"line":516,"column":5}}},"10":{"name":"(anonymous_10)","decl":{"start":{"line":644,"column":25},"end":{"line":644,"column":26}},"loc":{"start":{"line":644,"column":36},"end":{"line":649,"column":5}}},"11":{"name":"(anonymous_11)","decl":{"start":{"line":652,"column":45},"end":{"line":652,"column":46}},"loc":{"start":{"line":652,"column":56},"end":{"line":656,"column":5}}},"12":{"name":"(anonymous_12)","decl":{"start":{"line":659,"column":43},"end":{"line":659,"column":46}},"loc":{"start":{"line":659,"column":48},"end":{"line":709,"column":5}}},"13":{"name":"(anonymous_13)","decl":{"start":{"line":690,"column":8},"end":{"line":690,"column":9}},"loc":{"start":{"line":690,"column":15},"end":{"line":690,"column":34}}},"14":{"name":"adjustHeight","decl":{"start":{"line":780,"column":9},"end":{"line":780,"column":21}},"loc":{"start":{"line":780,"column":21},"end":{"line":801,"column":1}}},"15":{"name":"makeDraggable","decl":{"start":{"line":803,"column":9},"end":{"line":803,"column":22}},"loc":{"start":{"line":803,"column":64},"end":{"line":834,"column":1}}},"16":{"name":"dragMouseDown","decl":{"start":{"line":810,"column":11},"end":{"line":810,"column":24}},"loc":{"start":{"line":810,"column":38},"end":{"line":817,"column":3}}},"17":{"name":"elementDrag","decl":{"start":{"line":819,"column":11},"end":{"line":819,"column":22}},"loc":{"start":{"line":819,"column":36},"end":{"line":828,"column":3}}},"18":{"name":"closeDragElement","decl":{"start":{"line":830,"column":11},"end":{"line":830,"column":27}},"loc":{"start":{"line":830,"column":27},"end":{"line":833,"column":3}}},"19":{"name":"makeResizable","decl":{"start":{"line":836,"column":9},"end":{"line":836,"column":22}},"loc":{"start":{"line":840,"column":19},"end":{"line":882,"column":1}}},"20":{"name":"(anonymous_20)","decl":{"start":{"line":842,"column":23},"end":{"line":842,"column":33}},"loc":{"start":{"line":842,"column":46},"end":{"line":881,"column":3}}},"21":{"name":"(anonymous_21)","decl":{"start":{"line":857,"column":27},"end":{"line":857,"column":37}},"loc":{"start":{"line":857,"column":50},"end":{"line":875,"column":5}}},"22":{"name":"(anonymous_22)","decl":{"start":{"line":877,"column":25},"end":{"line":877,"column":null}},"loc":{"start":{"line":877,"column":25},"end":{"line":880,"column":5}}},"23":{"name":"updateLoadingProgress","decl":{"start":{"line":885,"column":9},"end":{"line":885,"column":30}},"loc":{"start":{"line":885,"column":55},"end":{"line":920,"column":1}}},"24":{"name":"(anonymous_24)","decl":{"start":{"line":923,"column":37},"end":{"line":923,"column":47}},"loc":{"start":{"line":923,"column":59},"end":{"line":967,"column":1}}},"25":{"name":"(anonymous_25)","decl":{"start":{"line":925,"column":37},"end":{"line":925,"column":47}},"loc":{"start":{"line":925,"column":53},"end":{"line":933,"column":5}}},"26":{"name":"(anonymous_26)","decl":{"start":{"line":935,"column":37},"end":{"line":935,"column":47}},"loc":{"start":{"line":935,"column":53},"end":{"line":937,"column":5}}},"27":{"name":"(anonymous_27)","decl":{"start":{"line":950,"column":8},"end":{"line":950,"column":9}},"loc":{"start":{"line":950,"column":15},"end":{"line":950,"column":34}}}},"branchMap":{"0":{"loc":{"start":{"line":190,"column":9},"end":{"line":190,"column":47}},"type":"cond-expr","locations":[{"start":{"line":190,"column":23},"end":{"line":190,"column":39}},{"start":{"line":190,"column":42},"end":{"line":190,"column":47}}]},"1":{"loc":{"start":{"line":201,"column":4},"end":{"line":201,"column":62}},"type":"binary-expr","locations":[{"start":{"line":201,"column":4},"end":{"line":201,"column":32}},{"start":{"line":201,"column":36},"end":{"line":201,"column":62}}]},"2":{"loc":{"start":{"line":203,"column":2},"end":{"line":739,"column":3}},"type":"if","locations":[{"start":{"line":203,"column":2},"end":{"line":739,"column":3}},{"start":{},"end":{}}]},"3":{"loc":{"start":{"line":247,"column":6},"end":{"line":249,"column":7}},"type":"if","locations":[{"start":{"line":247,"column":6},"end":{"line":249,"column":7}},{"start":{},"end":{}}]},"4":{"loc":{"start":{"line":269,"column":6},"end":{"line":284,"column":7}},"type":"if","locations":[{"start":{"line":269,"column":6},"end":{"line":284,"column":7}},{"start":{"line":276,"column":13},"end":{"line":284,"column":7}}]},"5":{"loc":{"start":{"line":274,"column":8},"end":{"line":274,"column":67}},"type":"if","locations":[{"start":{"line":274,"column":8},"end":{"line":274,"column":67}},{"start":{},"end":{}}]},"6":{"loc":{"start":{"line":282,"column":8},"end":{"line":282,"column":66}},"type":"if","locations":[{"start":{"line":282,"column":8},"end":{"line":282,"column":66}},{"start":{},"end":{}}]},"7":{"loc":{"start":{"line":304,"column":6},"end":{"line":327,"column":7}},"type":"if","locations":[{"start":{"line":304,"column":6},"end":{"line":327,"column":7}},{"start":{"line":310,"column":13},"end":{"line":327,"column":7}}]},"8":{"loc":{"start":{"line":325,"column":8},"end":{"line":325,"column":67}},"type":"if","locations":[{"start":{"line":325,"column":8},"end":{"line":325,"column":67}},{"start":{},"end":{}}]},"9":{"loc":{"start":{"line":368,"column":6},"end":{"line":370,"column":7}},"type":"if","locations":[{"start":{"line":368,"column":6},"end":{"line":370,"column":7}},{"start":{},"end":{}}]},"10":{"loc":{"start":{"line":369,"column":38},"end":{"line":369,"column":70}},"type":"binary-expr","locations":[{"start":{"line":369,"column":38},"end":{"line":369,"column":64}},{"start":{"line":369,"column":68},"end":{"line":369,"column":70}}]},"11":{"loc":{"start":{"line":386,"column":6},"end":{"line":393,"column":7}},"type":"if","locations":[{"start":{"line":386,"column":6},"end":{"line":393,"column":7}},{"start":{},"end":{}}]},"12":{"loc":{"start":{"line":386,"column":10},"end":{"line":386,"column":43}},"type":"binary-expr","locations":[{"start":{"line":386,"column":10},"end":{"line":386,"column":24}},{"start":{"line":386,"column":28},"end":{"line":386,"column":43}}]},"13":{"loc":{"start":{"line":390,"column":18},"end":{"line":390,"column":50}},"type":"binary-expr","locations":[{"start":{"line":390,"column":18},"end":{"line":390,"column":44}},{"start":{"line":390,"column":48},"end":{"line":390,"column":50}}]},"14":{"loc":{"start":{"line":653,"column":6},"end":{"line":655,"column":7}},"type":"if","locations":[{"start":{"line":653,"column":6},"end":{"line":655,"column":7}},{"start":{},"end":{}}]},"15":{"loc":{"start":{"line":677,"column":6},"end":{"line":680,"column":7}},"type":"if","locations":[{"start":{"line":677,"column":6},"end":{"line":680,"column":7}},{"start":{},"end":{}}]},"16":{"loc":{"start":{"line":681,"column":6},"end":{"line":683,"column":7}},"type":"if","locations":[{"start":{"line":681,"column":6},"end":{"line":683,"column":7}},{"start":{},"end":{}}]},"17":{"loc":{"start":{"line":684,"column":6},"end":{"line":686,"column":7}},"type":"if","locations":[{"start":{"line":684,"column":6},"end":{"line":686,"column":7}},{"start":{},"end":{}}]},"18":{"loc":{"start":{"line":690,"column":15},"end":{"line":690,"column":34}},"type":"binary-expr","locations":[{"start":{"line":690,"column":15},"end":{"line":690,"column":28}},{"start":{"line":690,"column":32},"end":{"line":690,"column":34}}]},"19":{"loc":{"start":{"line":694,"column":6},"end":{"line":708,"column":7}},"type":"if","locations":[{"start":{"line":694,"column":6},"end":{"line":708,"column":7}},{"start":{"line":700,"column":13},"end":{"line":708,"column":7}}]},"20":{"loc":{"start":{"line":702,"column":8},"end":{"line":704,"column":9}},"type":"if","locations":[{"start":{"line":702,"column":8},"end":{"line":704,"column":9}},{"start":{},"end":{}}]},"21":{"loc":{"start":{"line":705,"column":8},"end":{"line":707,"column":9}},"type":"if","locations":[{"start":{"line":705,"column":8},"end":{"line":707,"column":9}},{"start":{},"end":{}}]},"22":{"loc":{"start":{"line":748,"column":2},"end":{"line":777,"column":3}},"type":"if","locations":[{"start":{"line":748,"column":2},"end":{"line":777,"column":3}},{"start":{"line":756,"column":9},"end":{"line":777,"column":3}}]},"23":{"loc":{"start":{"line":750,"column":4},"end":{"line":750,"column":67}},"type":"if","locations":[{"start":{"line":750,"column":4},"end":{"line":750,"column":67}},{"start":{},"end":{}}]},"24":{"loc":{"start":{"line":751,"column":4},"end":{"line":751,"column":62}},"type":"if","locations":[{"start":{"line":751,"column":4},"end":{"line":751,"column":62}},{"start":{},"end":{}}]},"25":{"loc":{"start":{"line":754,"column":4},"end":{"line":754,"column":48}},"type":"if","locations":[{"start":{"line":754,"column":4},"end":{"line":754,"column":48}},{"start":{},"end":{}}]},"26":{"loc":{"start":{"line":755,"column":4},"end":{"line":755,"column":54}},"type":"if","locations":[{"start":{"line":755,"column":4},"end":{"line":755,"column":54}},{"start":{},"end":{}}]},"27":{"loc":{"start":{"line":758,"column":4},"end":{"line":758,"column":66}},"type":"if","locations":[{"start":{"line":758,"column":4},"end":{"line":758,"column":66}},{"start":{},"end":{}}]},"28":{"loc":{"start":{"line":759,"column":4},"end":{"line":764,"column":5}},"type":"if","locations":[{"start":{"line":759,"column":4},"end":{"line":764,"column":5}},{"start":{},"end":{}}]},"29":{"loc":{"start":{"line":767,"column":4},"end":{"line":774,"column":5}},"type":"if","locations":[{"start":{"line":767,"column":4},"end":{"line":774,"column":5}},{"start":{},"end":{}}]},"30":{"loc":{"start":{"line":767,"column":8},"end":{"line":767,"column":35}},"type":"binary-expr","locations":[{"start":{"line":767,"column":8},"end":{"line":767,"column":18}},{"start":{"line":767,"column":22},"end":{"line":767,"column":27}},{"start":{"line":767,"column":31},"end":{"line":767,"column":35}}]},"31":{"loc":{"start":{"line":770,"column":6},"end":{"line":772,"column":7}},"type":"if","locations":[{"start":{"line":770,"column":6},"end":{"line":772,"column":7}},{"start":{},"end":{}}]},"32":{"loc":{"start":{"line":770,"column":10},"end":{"line":770,"column":68}},"type":"binary-expr","locations":[{"start":{"line":770,"column":10},"end":{"line":770,"column":17}},{"start":{"line":770,"column":21},"end":{"line":770,"column":37}},{"start":{"line":770,"column":41},"end":{"line":770,"column":68}}]},"33":{"loc":{"start":{"line":775,"column":4},"end":{"line":775,"column":54}},"type":"if","locations":[{"start":{"line":775,"column":4},"end":{"line":775,"column":54}},{"start":{},"end":{}}]},"34":{"loc":{"start":{"line":792,"column":2},"end":{"line":800,"column":3}},"type":"if","locations":[{"start":{"line":792,"column":2},"end":{"line":800,"column":3}},{"start":{},"end":{}}]},"35":{"loc":{"start":{"line":792,"column":6},"end":{"line":792,"column":34}},"type":"binary-expr","locations":[{"start":{"line":792,"column":6},"end":{"line":792,"column":20}},{"start":{"line":792,"column":24},"end":{"line":792,"column":34}}]},"36":{"loc":{"start":{"line":811,"column":8},"end":{"line":811,"column":25}},"type":"binary-expr","locations":[{"start":{"line":811,"column":8},"end":{"line":811,"column":9}},{"start":{"line":811,"column":13},"end":{"line":811,"column":25}}]},"37":{"loc":{"start":{"line":820,"column":8},"end":{"line":820,"column":25}},"type":"binary-expr","locations":[{"start":{"line":820,"column":8},"end":{"line":820,"column":9}},{"start":{"line":820,"column":13},"end":{"line":820,"column":25}}]},"38":{"loc":{"start":{"line":861,"column":6},"end":{"line":863,"column":7}},"type":"if","locations":[{"start":{"line":861,"column":6},"end":{"line":863,"column":7}},{"start":{},"end":{}}]},"39":{"loc":{"start":{"line":864,"column":6},"end":{"line":866,"column":7}},"type":"if","locations":[{"start":{"line":864,"column":6},"end":{"line":866,"column":7}},{"start":{},"end":{}}]},"40":{"loc":{"start":{"line":867,"column":6},"end":{"line":870,"column":7}},"type":"if","locations":[{"start":{"line":867,"column":6},"end":{"line":870,"column":7}},{"start":{},"end":{}}]},"41":{"loc":{"start":{"line":871,"column":6},"end":{"line":874,"column":7}},"type":"if","locations":[{"start":{"line":871,"column":6},"end":{"line":874,"column":7}},{"start":{},"end":{}}]},"42":{"loc":{"start":{"line":896,"column":2},"end":{"line":919,"column":3}},"type":"if","locations":[{"start":{"line":896,"column":2},"end":{"line":919,"column":3}},{"start":{},"end":{}}]},"43":{"loc":{"start":{"line":896,"column":6},"end":{"line":896,"column":52}},"type":"binary-expr","locations":[{"start":{"line":896,"column":6},"end":{"line":896,"column":17}},{"start":{"line":896,"column":21},"end":{"line":896,"column":33}},{"start":{"line":896,"column":37},"end":{"line":896,"column":52}}]},"44":{"loc":{"start":{"line":906,"column":4},"end":{"line":912,"column":5}},"type":"if","locations":[{"start":{"line":906,"column":4},"end":{"line":912,"column":5}},{"start":{},"end":{}}]},"45":{"loc":{"start":{"line":908,"column":8},"end":{"line":910,"column":60}},"type":"cond-expr","locations":[{"start":{"line":909,"column":12},"end":{"line":909,"column":18}},{"start":{"line":910,"column":12},"end":{"line":910,"column":60}}]},"46":{"loc":{"start":{"line":913,"column":4},"end":{"line":917,"column":5}},"type":"if","locations":[{"start":{"line":913,"column":4},"end":{"line":917,"column":5}},{"start":{"line":915,"column":11},"end":{"line":917,"column":5}}]},"47":{"loc":{"start":{"line":915,"column":11},"end":{"line":917,"column":5}},"type":"if","locations":[{"start":{"line":915,"column":11},"end":{"line":917,"column":5}},{"start":{},"end":{}}]},"48":{"loc":{"start":{"line":924,"column":2},"end":{"line":966,"column":3}},"type":"if","locations":[{"start":{"line":924,"column":2},"end":{"line":966,"column":3}},{"start":{"line":934,"column":9},"end":{"line":966,"column":3}}]},"49":{"loc":{"start":{"line":928,"column":8},"end":{"line":928,"column":31}},"type":"binary-expr","locations":[{"start":{"line":928,"column":8},"end":{"line":928,"column":20}},{"start":{"line":928,"column":24},"end":{"line":928,"column":31}}]},"50":{"loc":{"start":{"line":934,"column":9},"end":{"line":966,"column":3}},"type":"if","locations":[{"start":{"line":934,"column":9},"end":{"line":966,"column":3}},{"start":{"line":938,"column":9},"end":{"line":966,"column":3}}]},"51":{"loc":{"start":{"line":936,"column":37},"end":{"line":936,"column":60}},"type":"binary-expr","locations":[{"start":{"line":936,"column":37},"end":{"line":936,"column":49}},{"start":{"line":936,"column":53},"end":{"line":936,"column":60}}]},"52":{"loc":{"start":{"line":938,"column":9},"end":{"line":966,"column":3}},"type":"if","locations":[{"start":{"line":938,"column":9},"end":{"line":966,"column":3}},{"start":{"line":940,"column":9},"end":{"line":966,"column":3}}]},"53":{"loc":{"start":{"line":940,"column":9},"end":{"line":966,"column":3}},"type":"if","locations":[{"start":{"line":940,"column":9},"end":{"line":966,"column":3}},{"start":{"line":958,"column":9},"end":{"line":966,"column":3}}]},"54":{"loc":{"start":{"line":941,"column":4},"end":{"line":957,"column":5}},"type":"if","locations":[{"start":{"line":941,"column":4},"end":{"line":957,"column":5}},{"start":{"line":948,"column":11},"end":{"line":957,"column":5}}]},"55":{"loc":{"start":{"line":943,"column":8},"end":{"line":943,"column":61}},"type":"cond-expr","locations":[{"start":{"line":943,"column":46},"end":{"line":943,"column":52}},{"start":{"line":943,"column":55},"end":{"line":943,"column":61}}]},"56":{"loc":{"start":{"line":950,"column":15},"end":{"line":950,"column":34}},"type":"binary-expr","locations":[{"start":{"line":950,"column":15},"end":{"line":950,"column":28}},{"start":{"line":950,"column":32},"end":{"line":950,"column":34}}]},"57":{"loc":{"start":{"line":958,"column":9},"end":{"line":966,"column":3}},"type":"if","locations":[{"start":{"line":958,"column":9},"end":{"line":966,"column":3}},{"start":{},"end":{}}]},"58":{"loc":{"start":{"line":963,"column":4},"end":{"line":965,"column":5}},"type":"if","locations":[{"start":{"line":963,"column":4},"end":{"line":965,"column":5}},{"start":{},"end":{}}]}},"s":{"0":1,"1":1,"2":0,"3":0,"4":0,"5":0,"6":0,"7":0,"8":0,"9":0,"10":0,"11":0,"12":0,"13":0,"14":0,"15":0,"16":0,"17":0,"18":0,"19":0,"20":0,"21":0,"22":0,"23":0,"24":0,"25":0,"26":0,"27":0,"28":0,"29":0,"30":0,"31":0,"32":0,"33":0,"34":0,"35":0,"36":0,"37":0,"38":0,"39":0,"40":0,"41":0,"42":0,"43":0,"44":0,"45":0,"46":0,"47":0,"48":0,"49":0,"50":0,"51":0,"52":0,"53":0,"54":0,"55":0,"56":0,"57":0,"58":0,"59":0,"60":0,"61":0,"62":0,"63":0,"64":0,"65":0,"66":0,"67":0,"68":0,"69":0,"70":0,"71":0,"72":0,"73":0,"74":0,"75":0,"76":0,"77":0,"78":0,"79":0,"80":0,"81":0,"82":0,"83":0,"84":0,"85":0,"86":0,"87":0,"88":0,"89":0,"90":0,"91":0,"92":0,"93":0,"94":0,"95":0,"96":0,"97":0,"98":0,"99":0,"100":0,"101":0,"102":0,"103":0,"104":0,"105":0,"106":0,"107":0,"108":0,"109":0,"110":0,"111":0,"112":0,"113":0,"114":0,"115":0,"116":0,"117":0,"118":0,"119":0,"120":0,"121":0,"122":0,"123":0,"124":0,"125":0,"126":0,"127":0,"128":0,"129":0,"130":0,"131":0,"132":0,"133":0,"134":0,"135":0,"136":0,"137":0,"138":0,"139":0,"140":0,"141":0,"142":0,"143":0,"144":0,"145":0,"146":0,"147":0,"148":0,"149":0,"150":0,"151":0,"152":0,"153":0,"154":0,"155":0,"156":0,"157":0,"158":0,"159":0,"160":0,"161":0,"162":0,"163":0,"164":0,"165":0,"166":0,"167":0,"168":0,"169":0,"170":0,"171":0,"172":0,"173":0,"174":0,"175":0,"176":0,"177":0,"178":0,"179":0,"180":0,"181":0,"182":0,"183":0,"184":0,"185":0,"186":0,"187":0,"188":0,"189":0,"190":0,"191":0,"192":0,"193":0,"194":0,"195":0,"196":0,"197":0,"198":0,"199":0,"200":0,"201":0,"202":0,"203":0,"204":0,"205":0,"206":0,"207":0,"208":0,"209":0,"210":0,"211":0,"212":0,"213":0,"214":0,"215":0,"216":0,"217":0,"218":0,"219":0,"220":0,"221":0,"222":0,"223":0,"224":0,"225":0,"226":0,"227":0,"228":0,"229":0,"230":0,"231":0,"232":0,"233":0,"234":0,"235":0,"236":0,"237":0,"238":0,"239":0,"240":0,"241":0,"242":0,"243":0,"244":0,"245":0,"246":0,"247":0,"248":0,"249":0,"250":0,"251":0,"252":0,"253":0,"254":0,"255":0,"256":0,"257":0,"258":0,"259":0,"260":0,"261":0,"262":0,"263":0,"264":0,"265":0,"266":0,"267":0,"268":0,"269":0,"270":0,"271":0,"272":0,"273":0,"274":0,"275":0,"276":0,"277":0,"278":0,"279":0,"280":0,"281":0,"282":0,"283":0,"284":0,"285":0,"286":0,"287":0,"288":0,"289":0,"290":0,"291":0,"292":0,"293":1,"294":26,"295":0,"296":0,"297":26,"298":0,"299":0,"300":26,"301":0,"302":26,"303":2,"304":0,"305":0,"306":2,"307":4,"308":2,"309":2,"310":24,"311":1,"312":1,"313":0},"f":{"0":0,"1":0,"2":0,"3":0,"4":0,"5":0,"6":0,"7":0,"8":0,"9":0,"10":0,"11":0,"12":0,"13":0,"14":0,"15":0,"16":0,"17":0,"18":0,"19":0,"20":0,"21":0,"22":0,"23":0,"24":26,"25":0,"26":0,"27":4},"b":{"0":[0,0],"1":[0,0],"2":[0,0],"3":[0,0],"4":[0,0],"5":[0,0],"6":[0,0],"7":[0,0],"8":[0,0],"9":[0,0],"10":[0,0],"11":[0,0],"12":[0,0],"13":[0,0],"14":[0,0],"15":[0,0],"16":[0,0],"17":[0,0],"18":[0,0],"19":[0,0],"20":[0,0],"21":[0,0],"22":[0,0],"23":[0,0],"24":[0,0],"25":[0,0],"26":[0,0],"27":[0,0],"28":[0,0],"29":[0,0],"30":[0,0,0],"31":[0,0],"32":[0,0,0],"33":[0,0],"34":[0,0],"35":[0,0],"36":[0,0],"37":[0,0],"38":[0,0],"39":[0,0],"40":[0,0],"41":[0,0],"42":[0,0],"43":[0,0,0],"44":[0,0],"45":[0,0],"46":[0,0],"47":[0,0],"48":[0,26],"49":[0,0],"50":[0,26],"51":[0,0],"52":[0,26],"53":[2,24],"54":[0,2],"55":[0,0],"56":[4,0],"57":[1,23],"58":[0,1]}}
,"/Users/lasse/Sites/gemini-cli/ai-summary-extension/options.ts": {"path":"/Users/lasse/Sites/gemini-cli/ai-summary-extension/options.ts","statementMap":{"0":{"start":{"line":33,"column":45},"end":{"line":106,"column":2}},"1":{"start":{"line":109,"column":46},"end":{"line":182,"column":4}},"2":{"start":{"line":183,"column":2},"end":{"line":183,"column":23}},"3":{"start":{"line":186,"column":0},"end":{"line":464,"column":3}},"4":{"start":{"line":187,"column":30},"end":{"line":188,"column":null}},"5":{"start":{"line":190,"column":33},"end":{"line":191,"column":null}},"6":{"start":{"line":193,"column":28},"end":{"line":194,"column":null}},"7":{"start":{"line":196,"column":28},"end":{"line":197,"column":null}},"8":{"start":{"line":199,"column":31},"end":{"line":200,"column":null}},"9":{"start":{"line":202,"column":21},"end":{"line":202,"column":73}},"10":{"start":{"line":203,"column":22},"end":{"line":203,"column":75}},"11":{"start":{"line":204,"column":20},"end":{"line":204,"column":71}},"12":{"start":{"line":205,"column":31},"end":{"line":206,"column":null}},"13":{"start":{"line":208,"column":27},"end":{"line":209,"column":null}},"14":{"start":{"line":211,"column":31},"end":{"line":212,"column":null}},"15":{"start":{"line":214,"column":29},"end":{"line":215,"column":null}},"16":{"start":{"line":217,"column":27},"end":{"line":218,"column":null}},"17":{"start":{"line":222,"column":2},"end":{"line":227,"column":3}},"18":{"start":{"line":223,"column":19},"end":{"line":223,"column":51}},"19":{"start":{"line":224,"column":4},"end":{"line":224,"column":28}},"20":{"start":{"line":225,"column":4},"end":{"line":225,"column":54}},"21":{"start":{"line":226,"column":4},"end":{"line":226,"column":36}},"22":{"start":{"line":230,"column":2},"end":{"line":264,"column":4}},"23":{"start":{"line":240,"column":6},"end":{"line":245,"column":7}},"24":{"start":{"line":241,"column":8},"end":{"line":241,"column":57}},"25":{"start":{"line":244,"column":8},"end":{"line":244,"column":53}},"26":{"start":{"line":246,"column":6},"end":{"line":250,"column":7}},"27":{"start":{"line":247,"column":8},"end":{"line":247,"column":63}},"28":{"start":{"line":249,"column":8},"end":{"line":249,"column":46}},"29":{"start":{"line":251,"column":6},"end":{"line":253,"column":7}},"30":{"start":{"line":252,"column":8},"end":{"line":252,"column":54}},"31":{"start":{"line":254,"column":6},"end":{"line":256,"column":7}},"32":{"start":{"line":255,"column":8},"end":{"line":255,"column":54}},"33":{"start":{"line":257,"column":6},"end":{"line":259,"column":7}},"34":{"start":{"line":258,"column":8},"end":{"line":258,"column":60}},"35":{"start":{"line":260,"column":6},"end":{"line":262,"column":7}},"36":{"start":{"line":261,"column":8},"end":{"line":261,"column":41}},"37":{"start":{"line":267,"column":2},"end":{"line":295,"column":5}},"38":{"start":{"line":268,"column":26},"end":{"line":268,"column":51}},"39":{"start":{"line":269,"column":27},"end":{"line":269,"column":57}},"40":{"start":{"line":270,"column":25},"end":{"line":270,"column":55}},"41":{"start":{"line":271,"column":25},"end":{"line":271,"column":55}},"42":{"start":{"line":272,"column":28},"end":{"line":272,"column":61}},"43":{"start":{"line":273,"column":18},"end":{"line":273,"column":35}},"44":{"start":{"line":275,"column":4},"end":{"line":294,"column":6}},"45":{"start":{"line":285,"column":8},"end":{"line":285,"column":63}},"46":{"start":{"line":286,"column":8},"end":{"line":286,"column":47}},"47":{"start":{"line":289,"column":8},"end":{"line":292,"column":17}},"48":{"start":{"line":290,"column":10},"end":{"line":290,"column":37}},"49":{"start":{"line":291,"column":10},"end":{"line":291,"column":35}},"50":{"start":{"line":299,"column":4},"end":{"line":299,"column":64}},"51":{"start":{"line":314,"column":4},"end":{"line":318,"column":5}},"52":{"start":{"line":315,"column":6},"end":{"line":316,"column":122}},"53":{"start":{"line":317,"column":6},"end":{"line":317,"column":13}},"54":{"start":{"line":321,"column":6},"end":{"line":321,"column":155}},"55":{"start":{"line":323,"column":4},"end":{"line":342,"column":7}},"56":{"start":{"line":324,"column":26},"end":{"line":324,"column":57}},"57":{"start":{"line":325,"column":24},"end":{"line":325,"column":65}},"58":{"start":{"line":327,"column":8},"end":{"line":329,"column":17}},"59":{"start":{"line":330,"column":22},"end":{"line":330,"column":70}},"60":{"start":{"line":331,"column":23},"end":{"line":333,"column":17}},"61":{"start":{"line":335,"column":6},"end":{"line":341,"column":13}},"62":{"start":{"line":344,"column":4},"end":{"line":344,"column":31}},"63":{"start":{"line":345,"column":4},"end":{"line":345,"column":38}},"64":{"start":{"line":349,"column":2},"end":{"line":353,"column":5}},"65":{"start":{"line":350,"column":4},"end":{"line":352,"column":5}},"66":{"start":{"line":351,"column":6},"end":{"line":351,"column":38}},"67":{"start":{"line":356,"column":2},"end":{"line":356,"column":62}},"68":{"start":{"line":360,"column":4},"end":{"line":362,"column":7}},"69":{"start":{"line":361,"column":6},"end":{"line":361,"column":50}},"70":{"start":{"line":377,"column":4},"end":{"line":381,"column":5}},"71":{"start":{"line":378,"column":6},"end":{"line":379,"column":118}},"72":{"start":{"line":380,"column":6},"end":{"line":380,"column":13}},"73":{"start":{"line":383,"column":15},"end":{"line":383,"column":17}},"74":{"start":{"line":384,"column":4},"end":{"line":407,"column":7}},"75":{"start":{"line":385,"column":19},"end":{"line":385,"column":60}},"76":{"start":{"line":386,"column":26},"end":{"line":386,"column":59}},"77":{"start":{"line":387,"column":24},"end":{"line":387,"column":67}},"78":{"start":{"line":389,"column":6},"end":{"line":406,"column":8}},"79":{"start":{"line":409,"column":4},"end":{"line":409,"column":38}},"80":{"start":{"line":413,"column":4},"end":{"line":427,"column":5}},"81":{"start":{"line":418,"column":6},"end":{"line":426,"column":9}},"82":{"start":{"line":419,"column":8},"end":{"line":419,"column":27}},"83":{"start":{"line":420,"column":8},"end":{"line":420,"column":64}},"84":{"start":{"line":421,"column":8},"end":{"line":421,"column":47}},"85":{"start":{"line":422,"column":8},"end":{"line":425,"column":17}},"86":{"start":{"line":423,"column":10},"end":{"line":423,"column":37}},"87":{"start":{"line":424,"column":10},"end":{"line":424,"column":35}},"88":{"start":{"line":431,"column":3},"end":{"line":440,"column":4}},"89":{"start":{"line":432,"column":4},"end":{"line":439,"column":7}},"90":{"start":{"line":433,"column":6},"end":{"line":433,"column":61}},"91":{"start":{"line":434,"column":6},"end":{"line":434,"column":45}},"92":{"start":{"line":435,"column":6},"end":{"line":438,"column":15}},"93":{"start":{"line":436,"column":8},"end":{"line":436,"column":35}},"94":{"start":{"line":437,"column":8},"end":{"line":437,"column":33}},"95":{"start":{"line":442,"column":3},"end":{"line":453,"column":4}},"96":{"start":{"line":443,"column":4},"end":{"line":452,"column":5}},"97":{"start":{"line":444,"column":6},"end":{"line":449,"column":30}},"98":{"start":{"line":451,"column":7},"end":{"line":451,"column":44}},"99":{"start":{"line":456,"column":2},"end":{"line":456,"column":62}},"100":{"start":{"line":457,"column":2},"end":{"line":457,"column":61}},"101":{"start":{"line":460,"column":2},"end":{"line":460,"column":16}},"102":{"start":{"line":463,"column":2},"end":{"line":463,"column":16}}},"fnMap":{"0":{"name":"optionsGetModelConfig","decl":{"start":{"line":108,"column":9},"end":{"line":108,"column":30}},"loc":{"start":{"line":108,"column":44},"end":{"line":184,"column":1}}},"1":{"name":"(anonymous_1)","decl":{"start":{"line":186,"column":46},"end":{"line":186,"column":null}},"loc":{"start":{"line":186,"column":46},"end":{"line":464,"column":1}}},"2":{"name":"(anonymous_2)","decl":{"start":{"line":239,"column":4},"end":{"line":239,"column":14}},"loc":{"start":{"line":239,"column":20},"end":{"line":263,"column":5}}},"3":{"name":"(anonymous_3)","decl":{"start":{"line":267,"column":39},"end":{"line":267,"column":null}},"loc":{"start":{"line":267,"column":39},"end":{"line":295,"column":3}}},"4":{"name":"(anonymous_4)","decl":{"start":{"line":284,"column":6},"end":{"line":284,"column":null}},"loc":{"start":{"line":284,"column":6},"end":{"line":293,"column":7}}},"5":{"name":"(anonymous_5)","decl":{"start":{"line":289,"column":19},"end":{"line":289,"column":22}},"loc":{"start":{"line":289,"column":24},"end":{"line":292,"column":9}}},"6":{"name":"loadMetrics","decl":{"start":{"line":298,"column":11},"end":{"line":298,"column":22}},"loc":{"start":{"line":298,"column":22},"end":{"line":300,"column":3}}},"7":{"name":"displayMetrics","decl":{"start":{"line":302,"column":11},"end":{"line":302,"column":25}},"loc":{"start":{"line":312,"column":5},"end":{"line":346,"column":3}}},"8":{"name":"(anonymous_8)","decl":{"start":{"line":323,"column":36},"end":{"line":323,"column":37}},"loc":{"start":{"line":323,"column":73},"end":{"line":342,"column":5}}},"9":{"name":"(anonymous_9)","decl":{"start":{"line":349,"column":39},"end":{"line":349,"column":40}},"loc":{"start":{"line":349,"column":56},"end":{"line":353,"column":3}}},"10":{"name":"loadHistory","decl":{"start":{"line":359,"column":11},"end":{"line":359,"column":22}},"loc":{"start":{"line":359,"column":22},"end":{"line":363,"column":3}}},"11":{"name":"(anonymous_11)","decl":{"start":{"line":360,"column":47},"end":{"line":360,"column":48}},"loc":{"start":{"line":360,"column":58},"end":{"line":362,"column":5}}},"12":{"name":"displayHistory","decl":{"start":{"line":365,"column":11},"end":{"line":365,"column":25}},"loc":{"start":{"line":375,"column":6},"end":{"line":410,"column":3}}},"13":{"name":"(anonymous_13)","decl":{"start":{"line":384,"column":20},"end":{"line":384,"column":21}},"loc":{"start":{"line":384,"column":29},"end":{"line":407,"column":5}}},"14":{"name":"clearHistory","decl":{"start":{"line":412,"column":11},"end":{"line":412,"column":23}},"loc":{"start":{"line":412,"column":23},"end":{"line":428,"column":3}}},"15":{"name":"(anonymous_15)","decl":{"start":{"line":418,"column":55},"end":{"line":418,"column":58}},"loc":{"start":{"line":418,"column":60},"end":{"line":426,"column":7}}},"16":{"name":"(anonymous_16)","decl":{"start":{"line":422,"column":19},"end":{"line":422,"column":22}},"loc":{"start":{"line":422,"column":24},"end":{"line":425,"column":9}}},"17":{"name":"(anonymous_17)","decl":{"start":{"line":431,"column":36},"end":{"line":431,"column":46}},"loc":{"start":{"line":431,"column":58},"end":{"line":440,"column":3}}},"18":{"name":"(anonymous_18)","decl":{"start":{"line":432,"column":45},"end":{"line":432,"column":48}},"loc":{"start":{"line":432,"column":50},"end":{"line":439,"column":5}}},"19":{"name":"(anonymous_19)","decl":{"start":{"line":435,"column":17},"end":{"line":435,"column":20}},"loc":{"start":{"line":435,"column":22},"end":{"line":438,"column":7}}},"20":{"name":"(anonymous_20)","decl":{"start":{"line":442,"column":33},"end":{"line":442,"column":43}},"loc":{"start":{"line":442,"column":70},"end":{"line":453,"column":3}}}},"branchMap":{"0":{"loc":{"start":{"line":240,"column":6},"end":{"line":245,"column":7}},"type":"if","locations":[{"start":{"line":240,"column":6},"end":{"line":245,"column":7}},{"start":{"line":242,"column":13},"end":{"line":245,"column":7}}]},"1":{"loc":{"start":{"line":246,"column":6},"end":{"line":250,"column":7}},"type":"if","locations":[{"start":{"line":246,"column":6},"end":{"line":250,"column":7}},{"start":{"line":248,"column":13},"end":{"line":250,"column":7}}]},"2":{"loc":{"start":{"line":251,"column":6},"end":{"line":253,"column":7}},"type":"if","locations":[{"start":{"line":251,"column":6},"end":{"line":253,"column":7}},{"start":{},"end":{}}]},"3":{"loc":{"start":{"line":254,"column":6},"end":{"line":256,"column":7}},"type":"if","locations":[{"start":{"line":254,"column":6},"end":{"line":256,"column":7}},{"start":{},"end":{}}]},"4":{"loc":{"start":{"line":257,"column":6},"end":{"line":259,"column":7}},"type":"if","locations":[{"start":{"line":257,"column":6},"end":{"line":259,"column":7}},{"start":{},"end":{}}]},"5":{"loc":{"start":{"line":260,"column":6},"end":{"line":262,"column":7}},"type":"if","locations":[{"start":{"line":260,"column":6},"end":{"line":262,"column":7}},{"start":{},"end":{}}]},"6":{"loc":{"start":{"line":314,"column":4},"end":{"line":318,"column":5}},"type":"if","locations":[{"start":{"line":314,"column":4},"end":{"line":318,"column":5}},{"start":{},"end":{}}]},"7":{"loc":{"start":{"line":314,"column":8},"end":{"line":314,"column":53}},"type":"binary-expr","locations":[{"start":{"line":314,"column":8},"end":{"line":314,"column":16}},{"start":{"line":314,"column":20},"end":{"line":314,"column":53}}]},"8":{"loc":{"start":{"line":325,"column":24},"end":{"line":325,"column":65}},"type":"cond-expr","locations":[{"start":{"line":325,"column":38},"end":{"line":325,"column":54}},{"start":{"line":325,"column":57},"end":{"line":325,"column":65}}]},"9":{"loc":{"start":{"line":327,"column":8},"end":{"line":329,"column":17}},"type":"cond-expr","locations":[{"start":{"line":328,"column":12},"end":{"line":328,"column":79}},{"start":{"line":329,"column":12},"end":{"line":329,"column":17}}]},"10":{"loc":{"start":{"line":330,"column":22},"end":{"line":330,"column":70}},"type":"cond-expr","locations":[{"start":{"line":330,"column":38},"end":{"line":330,"column":62}},{"start":{"line":330,"column":65},"end":{"line":330,"column":70}}]},"11":{"loc":{"start":{"line":331,"column":23},"end":{"line":333,"column":17}},"type":"cond-expr","locations":[{"start":{"line":332,"column":10},"end":{"line":332,"column":55}},{"start":{"line":333,"column":10},"end":{"line":333,"column":17}}]},"12":{"loc":{"start":{"line":350,"column":4},"end":{"line":352,"column":5}},"type":"if","locations":[{"start":{"line":350,"column":4},"end":{"line":352,"column":5}},{"start":{},"end":{}}]},"13":{"loc":{"start":{"line":361,"column":21},"end":{"line":361,"column":48}},"type":"binary-expr","locations":[{"start":{"line":361,"column":21},"end":{"line":361,"column":42}},{"start":{"line":361,"column":46},"end":{"line":361,"column":48}}]},"14":{"loc":{"start":{"line":377,"column":4},"end":{"line":381,"column":5}},"type":"if","locations":[{"start":{"line":377,"column":4},"end":{"line":381,"column":5}},{"start":{},"end":{}}]},"15":{"loc":{"start":{"line":377,"column":8},"end":{"line":377,"column":40}},"type":"binary-expr","locations":[{"start":{"line":377,"column":8},"end":{"line":377,"column":16}},{"start":{"line":377,"column":20},"end":{"line":377,"column":40}}]},"16":{"loc":{"start":{"line":387,"column":24},"end":{"line":387,"column":67}},"type":"cond-expr","locations":[{"start":{"line":387,"column":38},"end":{"line":387,"column":54}},{"start":{"line":387,"column":57},"end":{"line":387,"column":67}}]},"17":{"loc":{"start":{"line":392,"column":41},"end":{"line":392,"column":65}},"type":"binary-expr","locations":[{"start":{"line":392,"column":41},"end":{"line":392,"column":51}},{"start":{"line":392,"column":55},"end":{"line":392,"column":65}}]},"18":{"loc":{"start":{"line":403,"column":45},"end":{"line":403,"column":69}},"type":"binary-expr","locations":[{"start":{"line":403,"column":45},"end":{"line":403,"column":55}},{"start":{"line":403,"column":59},"end":{"line":403,"column":69}}]},"19":{"loc":{"start":{"line":413,"column":4},"end":{"line":427,"column":5}},"type":"if","locations":[{"start":{"line":413,"column":4},"end":{"line":427,"column":5}},{"start":{},"end":{}}]},"20":{"loc":{"start":{"line":443,"column":4},"end":{"line":452,"column":5}},"type":"if","locations":[{"start":{"line":443,"column":4},"end":{"line":452,"column":5}},{"start":{"line":450,"column":11},"end":{"line":452,"column":5}}]}},"s":{"0":1,"1":90,"2":90,"3":1,"4":32,"5":32,"6":32,"7":32,"8":32,"9":32,"10":32,"11":32,"12":32,"13":32,"14":32,"15":32,"16":32,"17":32,"18":192,"19":192,"20":192,"21":192,"22":32,"23":0,"24":0,"25":0,"26":0,"27":0,"28":0,"29":0,"30":0,"31":0,"32":0,"33":0,"34":0,"35":0,"36":0,"37":32,"38":18,"39":18,"40":18,"41":18,"42":18,"43":18,"44":18,"45":18,"46":18,"47":18,"48":1,"49":1,"50":32,"51":60,"52":11,"53":11,"54":49,"55":49,"56":84,"57":84,"58":84,"59":84,"60":84,"61":84,"62":49,"63":49,"64":32,"65":60,"66":60,"67":32,"68":38,"69":36,"70":37,"71":33,"72":33,"73":4,"74":4,"75":6,"76":6,"77":6,"78":6,"79":4,"80":2,"81":1,"82":1,"83":1,"84":1,"85":1,"86":0,"87":0,"88":32,"89":2,"90":2,"91":2,"92":2,"93":0,"94":0,"95":32,"96":2,"97":1,"98":1,"99":32,"100":32,"101":32,"102":32},"f":{"0":90,"1":32,"2":0,"3":18,"4":18,"5":1,"6":32,"7":60,"8":84,"9":60,"10":38,"11":36,"12":37,"13":6,"14":2,"15":1,"16":0,"17":2,"18":2,"19":0,"20":2},"b":{"0":[0,0],"1":[0,0],"2":[0,0],"3":[0,0],"4":[0,0],"5":[0,0],"6":[11,49],"7":[60,60],"8":[70,14],"9":[84,0],"10":[84,0],"11":[84,0],"12":[60,0],"13":[36,0],"14":[33,4],"15":[37,37],"16":[6,0],"17":[6,3],"18":[6,3],"19":[1,1],"20":[1,1]}}
,"/Users/lasse/Sites/gemini-cli/ai-summary-extension/utils.ts": {"path":"/Users/lasse/Sites/gemini-cli/ai-summary-extension/utils.ts","statementMap":{"0":{"start":{"line":126,"column":0},"end":{"line":126,"column":16}},"1":{"start":{"line":127,"column":46},"end":{"line":200,"column":4}},"2":{"start":{"line":201,"column":2},"end":{"line":201,"column":23}}},"fnMap":{"0":{"name":"getModelConfig","decl":{"start":{"line":126,"column":16},"end":{"line":126,"column":30}},"loc":{"start":{"line":126,"column":44},"end":{"line":202,"column":1}}}},"branchMap":{},"s":{"0":3,"1":226,"2":226},"f":{"0":226},"b":{}}
}
