{"/Users/lasse/Sites/gemini-cli/ai-summary-extension/background.ts": {"path":"/Users/lasse/Sites/gemini-cli/ai-summary-extension/background.ts","statementMap":{"0":{"start":{"line":67,"column":0},"end":{"line":67,"column":7}},"1":{"start":{"line":228,"column":0},"end":{"line":228,"column":7}},"2":{"start":{"line":264,"column":0},"end":{"line":264,"column":16}},"3":{"start":{"line":278,"column":0},"end":{"line":278,"column":7}},"4":{"start":{"line":312,"column":0},"end":{"line":312,"column":7}},"5":{"start":{"line":1,"column":0},"end":{"line":1,"column":null}},"6":{"start":{"line":60,"column":35},"end":{"line":60,"column":37}},"7":{"start":{"line":62,"column":0},"end":{"line":65,"column":3}},"8":{"start":{"line":64,"column":2},"end":{"line":64,"column":76}},"9":{"start":{"line":72,"column":20},"end":{"line":72,"column":30}},"10":{"start":{"line":79,"column":6},"end":{"line":85,"column":4}},"11":{"start":{"line":87,"column":25},"end":{"line":87,"column":72}},"12":{"start":{"line":88,"column":27},"end":{"line":88,"column":57}},"13":{"start":{"line":91,"column":32},"end":{"line":91,"column":78}},"14":{"start":{"line":92,"column":26},"end":{"line":92,"column":71}},"15":{"start":{"line":93,"column":29},"end":{"line":93,"column":72}},"16":{"start":{"line":96,"column":2},"end":{"line":103,"column":3}},"17":{"start":{"line":97,"column":4},"end":{"line":102,"column":7}},"18":{"start":{"line":105,"column":15},"end":{"line":109,"column":4}},"19":{"start":{"line":111,"column":2},"end":{"line":116,"column":5}},"20":{"start":{"line":118,"column":18},"end":{"line":118,"column":32}},"21":{"start":{"line":121,"column":2},"end":{"line":131,"column":3}},"22":{"start":{"line":122,"column":4},"end":{"line":130,"column":7}},"23":{"start":{"line":134,"column":2},"end":{"line":180,"column":3}},"24":{"start":{"line":135,"column":27},"end":{"line":135,"column":60}},"25":{"start":{"line":136,"column":27},"end":{"line":136,"column":29}},"26":{"start":{"line":138,"column":4},"end":{"line":179,"column":5}},"27":{"start":{"line":138,"column":17},"end":{"line":138,"column":18}},"28":{"start":{"line":139,"column":20},"end":{"line":139,"column":37}},"29":{"start":{"line":140,"column":27},"end":{"line":140,"column":37}},"30":{"start":{"line":142,"column":6},"end":{"line":149,"column":7}},"31":{"start":{"line":143,"column":8},"end":{"line":148,"column":11}},"32":{"start":{"line":151,"column":6},"end":{"line":155,"column":9}},"33":{"start":{"line":157,"column":6},"end":{"line":162,"column":9}},"34":{"start":{"line":164,"column":6},"end":{"line":176,"column":7}},"35":{"start":{"line":165,"column":8},"end":{"line":165,"column":26}},"36":{"start":{"line":166,"column":8},"end":{"line":174,"column":9}},"37":{"start":{"line":167,"column":10},"end":{"line":173,"column":13}},"38":{"start":{"line":175,"column":8},"end":{"line":175,"column":14}},"39":{"start":{"line":178,"column":6},"end":{"line":178,"column":29}},"40":{"start":{"line":183,"column":2},"end":{"line":191,"column":3}},"41":{"start":{"line":184,"column":4},"end":{"line":190,"column":7}},"42":{"start":{"line":193,"column":18},"end":{"line":193,"column":28}},"43":{"start":{"line":194,"column":20},"end":{"line":194,"column":61}},"44":{"start":{"line":195,"column":2},"end":{"line":195,"column":44}},"45":{"start":{"line":198,"column":2},"end":{"line":198,"column":46}},"46":{"start":{"line":200,"column":2},"end":{"line":208,"column":3}},"47":{"start":{"line":201,"column":4},"end":{"line":207,"column":7}},"48":{"start":{"line":210,"column":2},"end":{"line":225,"column":3}},"49":{"start":{"line":211,"column":4},"end":{"line":216,"column":6}},"50":{"start":{"line":218,"column":4},"end":{"line":224,"column":6}},"51":{"start":{"line":233,"column":22},"end":{"line":233,"column":43}},"52":{"start":{"line":234,"column":2},"end":{"line":236,"column":3}},"53":{"start":{"line":235,"column":4},"end":{"line":235,"column":54}},"54":{"start":{"line":238,"column":2},"end":{"line":261,"column":3}},"55":{"start":{"line":240,"column":6},"end":{"line":240,"column":47}},"56":{"start":{"line":242,"column":6},"end":{"line":246,"column":8}},"57":{"start":{"line":248,"column":6},"end":{"line":252,"column":8}},"58":{"start":{"line":254,"column":6},"end":{"line":258,"column":8}},"59":{"start":{"line":260,"column":6},"end":{"line":260,"column":59}},"60":{"start":{"line":265,"column":22},"end":{"line":265,"column":50}},"61":{"start":{"line":266,"column":2},"end":{"line":266,"column":30}},"62":{"start":{"line":266,"column":20},"end":{"line":266,"column":30}},"63":{"start":{"line":268,"column":46},"end":{"line":273,"column":4}},"64":{"start":{"line":275,"column":2},"end":{"line":275,"column":47}},"65":{"start":{"line":282,"column":2},"end":{"line":309,"column":3}},"66":{"start":{"line":284,"column":6},"end":{"line":284,"column":52}},"67":{"start":{"line":285,"column":4},"end":{"line":293,"column":5}},"68":{"start":{"line":286,"column":7},"end":{"line":292,"column":8}},"69":{"start":{"line":295,"column":24},"end":{"line":295,"column":60}},"70":{"start":{"line":296,"column":4},"end":{"line":296,"column":31}},"71":{"start":{"line":297,"column":4},"end":{"line":297,"column":46}},"72":{"start":{"line":298,"column":4},"end":{"line":298,"column":73}},"73":{"start":{"line":299,"column":4},"end":{"line":299,"column":51}},"74":{"start":{"line":301,"column":24},"end":{"line":301,"column":69}},"75":{"start":{"line":302,"column":4},"end":{"line":304,"column":5}},"76":{"start":{"line":303,"column":6},"end":{"line":303,"column":38}},"77":{"start":{"line":306,"column":4},"end":{"line":306,"column":53}},"78":{"start":{"line":308,"column":4},"end":{"line":308,"column":57}},"79":{"start":{"line":319,"column":2},"end":{"line":348,"column":3}},"80":{"start":{"line":321,"column":6},"end":{"line":321,"column":54}},"81":{"start":{"line":324,"column":16},"end":{"line":324,"column":44}},"82":{"start":{"line":326,"column":46},"end":{"line":335,"column":6}},"83":{"start":{"line":338,"column":5},"end":{"line":338,"column":68}},"84":{"start":{"line":341,"column":4},"end":{"line":343,"column":5}},"85":{"start":{"line":342,"column":7},"end":{"line":342,"column":59}},"86":{"start":{"line":345,"column":4},"end":{"line":345,"column":55}},"87":{"start":{"line":347,"column":4},"end":{"line":347,"column":59}},"88":{"start":{"line":352,"column":2},"end":{"line":368,"column":3}},"89":{"start":{"line":353,"column":4},"end":{"line":364,"column":5}},"90":{"start":{"line":354,"column":25},"end":{"line":358,"column":8}},"91":{"start":{"line":359,"column":22},"end":{"line":359,"column":57}},"92":{"start":{"line":360,"column":6},"end":{"line":360,"column":27}},"93":{"start":{"line":361,"column":6},"end":{"line":361,"column":40}},"94":{"start":{"line":363,"column":6},"end":{"line":363,"column":75}},"95":{"start":{"line":366,"column":4},"end":{"line":366,"column":52}},"96":{"start":{"line":367,"column":4},"end":{"line":367,"column":63}},"97":{"start":{"line":376,"column":2},"end":{"line":409,"column":3}},"98":{"start":{"line":377,"column":4},"end":{"line":379,"column":5}},"99":{"start":{"line":378,"column":6},"end":{"line":378,"column":71}},"100":{"start":{"line":381,"column":21},"end":{"line":398,"column":6}},"101":{"start":{"line":400,"column":4},"end":{"line":402,"column":5}},"102":{"start":{"line":401,"column":6},"end":{"line":401,"column":71}},"103":{"start":{"line":404,"column":33},"end":{"line":404,"column":54}},"104":{"start":{"line":405,"column":4},"end":{"line":405,"column":78}},"105":{"start":{"line":407,"column":4},"end":{"line":407,"column":46}},"106":{"start":{"line":408,"column":4},"end":{"line":408,"column":63}},"107":{"start":{"line":417,"column":2},"end":{"line":463,"column":3}},"108":{"start":{"line":418,"column":4},"end":{"line":420,"column":5}},"109":{"start":{"line":419,"column":6},"end":{"line":419,"column":71}},"110":{"start":{"line":422,"column":21},"end":{"line":444,"column":null}},"111":{"start":{"line":447,"column":4},"end":{"line":449,"column":5}},"112":{"start":{"line":448,"column":6},"end":{"line":448,"column":71}},"113":{"start":{"line":451,"column":33},"end":{"line":451,"column":54}},"114":{"start":{"line":452,"column":4},"end":{"line":459,"column":5}},"115":{"start":{"line":453,"column":6},"end":{"line":456,"column":8}},"116":{"start":{"line":458,"column":6},"end":{"line":458,"column":65}},"117":{"start":{"line":461,"column":4},"end":{"line":461,"column":46}},"118":{"start":{"line":462,"column":4},"end":{"line":462,"column":63}},"119":{"start":{"line":471,"column":2},"end":{"line":510,"column":3}},"120":{"start":{"line":472,"column":4},"end":{"line":474,"column":5}},"121":{"start":{"line":473,"column":6},"end":{"line":473,"column":74}},"122":{"start":{"line":476,"column":21},"end":{"line":495,"column":6}},"123":{"start":{"line":497,"column":4},"end":{"line":499,"column":5}},"124":{"start":{"line":498,"column":6},"end":{"line":498,"column":74}},"125":{"start":{"line":501,"column":36},"end":{"line":501,"column":57}},"126":{"start":{"line":502,"column":4},"end":{"line":506,"column":5}},"127":{"start":{"line":503,"column":6},"end":{"line":503,"column":69}},"128":{"start":{"line":505,"column":6},"end":{"line":505,"column":68}},"129":{"start":{"line":508,"column":4},"end":{"line":508,"column":49}},"130":{"start":{"line":509,"column":4},"end":{"line":509,"column":63}},"131":{"start":{"line":513,"column":0},"end":{"line":586,"column":3}},"132":{"start":{"line":517,"column":2},"end":{"line":517,"column":42}},"133":{"start":{"line":517,"column":35},"end":{"line":517,"column":42}},"134":{"start":{"line":518,"column":2},"end":{"line":585,"column":3}},"135":{"start":{"line":519,"column":18},"end":{"line":519,"column":33}},"136":{"start":{"line":522,"column":4},"end":{"line":522,"column":71}},"137":{"start":{"line":525,"column":29},"end":{"line":530,"column":5}},"138":{"start":{"line":526,"column":6},"end":{"line":529,"column":9}},"139":{"start":{"line":532,"column":4},"end":{"line":563,"column":9}},"140":{"start":{"line":534,"column":8},"end":{"line":534,"column":79}},"141":{"start":{"line":535,"column":8},"end":{"line":541,"column":11}},"142":{"start":{"line":544,"column":8},"end":{"line":544,"column":72}},"143":{"start":{"line":547,"column":8},"end":{"line":547,"column":51}},"144":{"start":{"line":548,"column":29},"end":{"line":548,"column":75}},"145":{"start":{"line":549,"column":8},"end":{"line":555,"column":10}},"146":{"start":{"line":556,"column":8},"end":{"line":562,"column":11}},"147":{"start":{"line":564,"column":9},"end":{"line":585,"column":3}},"148":{"start":{"line":565,"column":18},"end":{"line":565,"column":33}},"149":{"start":{"line":566,"column":4},"end":{"line":568,"column":5}},"150":{"start":{"line":567,"column":6},"end":{"line":567,"column":52}},"151":{"start":{"line":569,"column":9},"end":{"line":585,"column":3}},"152":{"start":{"line":570,"column":4},"end":{"line":570,"column":37}},"153":{"start":{"line":571,"column":9},"end":{"line":585,"column":3}},"154":{"start":{"line":572,"column":4},"end":{"line":577,"column":7}},"155":{"start":{"line":573,"column":6},"end":{"line":576,"column":9}},"156":{"start":{"line":578,"column":9},"end":{"line":585,"column":3}},"157":{"start":{"line":579,"column":4},"end":{"line":584,"column":7}},"158":{"start":{"line":580,"column":6},"end":{"line":583,"column":9}},"159":{"start":{"line":589,"column":0},"end":{"line":591,"column":3}},"160":{"start":{"line":590,"column":2},"end":{"line":590,"column":29}}},"fnMap":{"0":{"name":"(anonymous_0)","decl":{"start":{"line":62,"column":36},"end":{"line":62,"column":37}},"loc":{"start":{"line":62,"column":61},"end":{"line":65,"column":1}}},"1":{"name":"summarizeWithAI","decl":{"start":{"line":67,"column":22},"end":{"line":67,"column":37}},"loc":{"start":{"line":70,"column":55},"end":{"line":226,"column":1}}},"2":{"name":"tryModel","decl":{"start":{"line":228,"column":22},"end":{"line":228,"column":30}},"loc":{"start":{"line":231,"column":18},"end":{"line":262,"column":1}}},"3":{"name":"getFallbackModels","decl":{"start":{"line":264,"column":16},"end":{"line":264,"column":33}},"loc":{"start":{"line":264,"column":54},"end":{"line":276,"column":1}}},"4":{"name":"storeModelMetrics","decl":{"start":{"line":278,"column":22},"end":{"line":278,"column":39}},"loc":{"start":{"line":280,"column":18},"end":{"line":310,"column":1}}},"5":{"name":"storeSummaryHistory","decl":{"start":{"line":312,"column":22},"end":{"line":312,"column":41}},"loc":{"start":{"line":317,"column":14},"end":{"line":349,"column":1}}},"6":{"name":"tryChromeBuiltinAI","decl":{"start":{"line":351,"column":15},"end":{"line":351,"column":33}},"loc":{"start":{"line":351,"column":49},"end":{"line":369,"column":1}}},"7":{"name":"tryOpenAI","decl":{"start":{"line":371,"column":15},"end":{"line":371,"column":24}},"loc":{"start":{"line":374,"column":33},"end":{"line":410,"column":1}}},"8":{"name":"tryGeminiAPI","decl":{"start":{"line":412,"column":15},"end":{"line":412,"column":27}},"loc":{"start":{"line":415,"column":40},"end":{"line":464,"column":1}}},"9":{"name":"tryAnthropicAPI","decl":{"start":{"line":466,"column":15},"end":{"line":466,"column":30}},"loc":{"start":{"line":469,"column":43},"end":{"line":511,"column":1}}},"10":{"name":"(anonymous_10)","decl":{"start":{"line":513,"column":37},"end":{"line":513,"column":null}},"loc":{"start":{"line":515,"column":38},"end":{"line":586,"column":1}}},"11":{"name":"(anonymous_11)","decl":{"start":{"line":525,"column":29},"end":{"line":525,"column":30}},"loc":{"start":{"line":525,"column":58},"end":{"line":530,"column":5}}},"12":{"name":"(anonymous_12)","decl":{"start":{"line":533,"column":12},"end":{"line":533,"column":17}},"loc":{"start":{"line":533,"column":56},"end":{"line":545,"column":7}}},"13":{"name":"(anonymous_13)","decl":{"start":{"line":546,"column":13},"end":{"line":546,"column":14}},"loc":{"start":{"line":546,"column":23},"end":{"line":563,"column":7}}},"14":{"name":"(anonymous_14)","decl":{"start":{"line":572,"column":62},"end":{"line":572,"column":65}},"loc":{"start":{"line":572,"column":67},"end":{"line":577,"column":5}}},"15":{"name":"(anonymous_15)","decl":{"start":{"line":579,"column":45},"end":{"line":579,"column":46}},"loc":{"start":{"line":579,"column":56},"end":{"line":584,"column":5}}},"16":{"name":"(anonymous_16)","decl":{"start":{"line":589,"column":34},"end":{"line":589,"column":35}},"loc":{"start":{"line":589,"column":52},"end":{"line":591,"column":1}}}},"branchMap":{"0":{"loc":{"start":{"line":69,"column":2},"end":{"line":69,"column":34}},"type":"default-arg","locations":[{"start":{"line":69,"column":30},"end":{"line":69,"column":34}}]},"1":{"loc":{"start":{"line":87,"column":25},"end":{"line":87,"column":72}},"type":"binary-expr","locations":[{"start":{"line":87,"column":25},"end":{"line":87,"column":35}},{"start":{"line":87,"column":39},"end":{"line":87,"column":52}},{"start":{"line":87,"column":56},"end":{"line":87,"column":72}}]},"2":{"loc":{"start":{"line":91,"column":10},"end":{"line":91,"column":27}},"type":"default-arg","locations":[{"start":{"line":91,"column":25},"end":{"line":91,"column":27}}]},"3":{"loc":{"start":{"line":93,"column":29},"end":{"line":93,"column":72}},"type":"cond-expr","locations":[{"start":{"line":93,"column":46},"end":{"line":93,"column":68}},{"start":{"line":93,"column":71},"end":{"line":93,"column":72}}]},"4":{"loc":{"start":{"line":96,"column":2},"end":{"line":103,"column":3}},"type":"if","locations":[{"start":{"line":96,"column":2},"end":{"line":103,"column":3}},{"start":{},"end":{}}]},"5":{"loc":{"start":{"line":121,"column":2},"end":{"line":131,"column":3}},"type":"if","locations":[{"start":{"line":121,"column":2},"end":{"line":131,"column":3}},{"start":{},"end":{}}]},"6":{"loc":{"start":{"line":123,"column":12},"end":{"line":123,"column":77}},"type":"cond-expr","locations":[{"start":{"line":123,"column":29},"end":{"line":123,"column":50}},{"start":{"line":123,"column":53},"end":{"line":123,"column":77}}]},"7":{"loc":{"start":{"line":124,"column":18},"end":{"line":124,"column":42}},"type":"cond-expr","locations":[{"start":{"line":124,"column":35},"end":{"line":124,"column":37}},{"start":{"line":124,"column":40},"end":{"line":124,"column":42}}]},"8":{"loc":{"start":{"line":125,"column":30},"end":{"line":127,"column":34}},"type":"cond-expr","locations":[{"start":{"line":126,"column":10},"end":{"line":126,"column":34}},{"start":{"line":127,"column":10},"end":{"line":127,"column":34}}]},"9":{"loc":{"start":{"line":134,"column":2},"end":{"line":180,"column":3}},"type":"if","locations":[{"start":{"line":134,"column":2},"end":{"line":180,"column":3}},{"start":{},"end":{}}]},"10":{"loc":{"start":{"line":134,"column":6},"end":{"line":134,"column":49}},"type":"binary-expr","locations":[{"start":{"line":134,"column":6},"end":{"line":134,"column":21}},{"start":{"line":134,"column":25},"end":{"line":134,"column":49}}]},"11":{"loc":{"start":{"line":142,"column":6},"end":{"line":149,"column":7}},"type":"if","locations":[{"start":{"line":142,"column":6},"end":{"line":149,"column":7}},{"start":{},"end":{}}]},"12":{"loc":{"start":{"line":164,"column":6},"end":{"line":176,"column":7}},"type":"if","locations":[{"start":{"line":164,"column":6},"end":{"line":176,"column":7}},{"start":{},"end":{}}]},"13":{"loc":{"start":{"line":166,"column":8},"end":{"line":174,"column":9}},"type":"if","locations":[{"start":{"line":166,"column":8},"end":{"line":174,"column":9}},{"start":{},"end":{}}]},"14":{"loc":{"start":{"line":183,"column":2},"end":{"line":191,"column":3}},"type":"if","locations":[{"start":{"line":183,"column":2},"end":{"line":191,"column":3}},{"start":{},"end":{}}]},"15":{"loc":{"start":{"line":200,"column":2},"end":{"line":208,"column":3}},"type":"if","locations":[{"start":{"line":200,"column":2},"end":{"line":208,"column":3}},{"start":{},"end":{}}]},"16":{"loc":{"start":{"line":210,"column":2},"end":{"line":225,"column":3}},"type":"if","locations":[{"start":{"line":210,"column":2},"end":{"line":225,"column":3}},{"start":{"line":217,"column":9},"end":{"line":225,"column":3}}]},"17":{"loc":{"start":{"line":234,"column":2},"end":{"line":236,"column":3}},"type":"if","locations":[{"start":{"line":234,"column":2},"end":{"line":236,"column":3}},{"start":{},"end":{}}]},"18":{"loc":{"start":{"line":238,"column":2},"end":{"line":261,"column":3}},"type":"switch","locations":[{"start":{"line":239,"column":4},"end":{"line":240,"column":47}},{"start":{"line":241,"column":4},"end":{"line":246,"column":8}},{"start":{"line":247,"column":4},"end":{"line":252,"column":8}},{"start":{"line":253,"column":4},"end":{"line":258,"column":8}},{"start":{"line":259,"column":4},"end":{"line":260,"column":59}}]},"19":{"loc":{"start":{"line":266,"column":2},"end":{"line":266,"column":30}},"type":"if","locations":[{"start":{"line":266,"column":2},"end":{"line":266,"column":30}},{"start":{},"end":{}}]},"20":{"loc":{"start":{"line":275,"column":9},"end":{"line":275,"column":46}},"type":"binary-expr","locations":[{"start":{"line":275,"column":9},"end":{"line":275,"column":40}},{"start":{"line":275,"column":44},"end":{"line":275,"column":46}}]},"21":{"loc":{"start":{"line":283,"column":12},"end":{"line":283,"column":29}},"type":"default-arg","locations":[{"start":{"line":283,"column":27},"end":{"line":283,"column":29}}]},"22":{"loc":{"start":{"line":285,"column":4},"end":{"line":293,"column":5}},"type":"if","locations":[{"start":{"line":285,"column":4},"end":{"line":293,"column":5}},{"start":{},"end":{}}]},"23":{"loc":{"start":{"line":302,"column":4},"end":{"line":304,"column":5}},"type":"if","locations":[{"start":{"line":302,"column":4},"end":{"line":304,"column":5}},{"start":{},"end":{}}]},"24":{"loc":{"start":{"line":320,"column":12},"end":{"line":320,"column":31}},"type":"default-arg","locations":[{"start":{"line":320,"column":29},"end":{"line":320,"column":31}}]},"25":{"loc":{"start":{"line":341,"column":4},"end":{"line":343,"column":5}},"type":"if","locations":[{"start":{"line":341,"column":4},"end":{"line":343,"column":5}},{"start":{},"end":{}}]},"26":{"loc":{"start":{"line":353,"column":4},"end":{"line":364,"column":5}},"type":"if","locations":[{"start":{"line":353,"column":4},"end":{"line":364,"column":5}},{"start":{"line":362,"column":11},"end":{"line":364,"column":5}}]},"27":{"loc":{"start":{"line":374,"column":2},"end":{"line":374,"column":33}},"type":"default-arg","locations":[{"start":{"line":374,"column":18},"end":{"line":374,"column":33}}]},"28":{"loc":{"start":{"line":377,"column":4},"end":{"line":379,"column":5}},"type":"if","locations":[{"start":{"line":377,"column":4},"end":{"line":379,"column":5}},{"start":{},"end":{}}]},"29":{"loc":{"start":{"line":400,"column":4},"end":{"line":402,"column":5}},"type":"if","locations":[{"start":{"line":400,"column":4},"end":{"line":402,"column":5}},{"start":{},"end":{}}]},"30":{"loc":{"start":{"line":415,"column":2},"end":{"line":415,"column":40}},"type":"default-arg","locations":[{"start":{"line":415,"column":18},"end":{"line":415,"column":40}}]},"31":{"loc":{"start":{"line":418,"column":4},"end":{"line":420,"column":5}},"type":"if","locations":[{"start":{"line":418,"column":4},"end":{"line":420,"column":5}},{"start":{},"end":{}}]},"32":{"loc":{"start":{"line":447,"column":4},"end":{"line":449,"column":5}},"type":"if","locations":[{"start":{"line":447,"column":4},"end":{"line":449,"column":5}},{"start":{},"end":{}}]},"33":{"loc":{"start":{"line":452,"column":4},"end":{"line":459,"column":5}},"type":"if","locations":[{"start":{"line":452,"column":4},"end":{"line":459,"column":5}},{"start":{"line":457,"column":11},"end":{"line":459,"column":5}}]},"34":{"loc":{"start":{"line":452,"column":8},"end":{"line":452,"column":75}},"type":"binary-expr","locations":[{"start":{"line":452,"column":8},"end":{"line":452,"column":23}},{"start":{"line":452,"column":27},"end":{"line":452,"column":45}},{"start":{"line":452,"column":49},"end":{"line":452,"column":75}}]},"35":{"loc":{"start":{"line":469,"column":2},"end":{"line":469,"column":43}},"type":"default-arg","locations":[{"start":{"line":469,"column":18},"end":{"line":469,"column":43}}]},"36":{"loc":{"start":{"line":472,"column":4},"end":{"line":474,"column":5}},"type":"if","locations":[{"start":{"line":472,"column":4},"end":{"line":474,"column":5}},{"start":{},"end":{}}]},"37":{"loc":{"start":{"line":497,"column":4},"end":{"line":499,"column":5}},"type":"if","locations":[{"start":{"line":497,"column":4},"end":{"line":499,"column":5}},{"start":{},"end":{}}]},"38":{"loc":{"start":{"line":502,"column":4},"end":{"line":506,"column":5}},"type":"if","locations":[{"start":{"line":502,"column":4},"end":{"line":506,"column":5}},{"start":{"line":504,"column":11},"end":{"line":506,"column":5}}]},"39":{"loc":{"start":{"line":502,"column":8},"end":{"line":502,"column":63}},"type":"binary-expr","locations":[{"start":{"line":502,"column":8},"end":{"line":502,"column":20}},{"start":{"line":502,"column":24},"end":{"line":502,"column":39}},{"start":{"line":502,"column":43},"end":{"line":502,"column":63}}]},"40":{"loc":{"start":{"line":517,"column":2},"end":{"line":517,"column":42}},"type":"if","locations":[{"start":{"line":517,"column":2},"end":{"line":517,"column":42}},{"start":{},"end":{}}]},"41":{"loc":{"start":{"line":517,"column":6},"end":{"line":517,"column":33}},"type":"binary-expr","locations":[{"start":{"line":517,"column":6},"end":{"line":517,"column":14}},{"start":{"line":517,"column":18},"end":{"line":517,"column":33}}]},"42":{"loc":{"start":{"line":518,"column":2},"end":{"line":585,"column":3}},"type":"if","locations":[{"start":{"line":518,"column":2},"end":{"line":585,"column":3}},{"start":{"line":564,"column":9},"end":{"line":585,"column":3}}]},"43":{"loc":{"start":{"line":564,"column":9},"end":{"line":585,"column":3}},"type":"if","locations":[{"start":{"line":564,"column":9},"end":{"line":585,"column":3}},{"start":{"line":569,"column":9},"end":{"line":585,"column":3}}]},"44":{"loc":{"start":{"line":566,"column":4},"end":{"line":568,"column":5}},"type":"if","locations":[{"start":{"line":566,"column":4},"end":{"line":568,"column":5}},{"start":{},"end":{}}]},"45":{"loc":{"start":{"line":569,"column":9},"end":{"line":585,"column":3}},"type":"if","locations":[{"start":{"line":569,"column":9},"end":{"line":585,"column":3}},{"start":{"line":571,"column":9},"end":{"line":585,"column":3}}]},"46":{"loc":{"start":{"line":571,"column":9},"end":{"line":585,"column":3}},"type":"if","locations":[{"start":{"line":571,"column":9},"end":{"line":585,"column":3}},{"start":{"line":578,"column":9},"end":{"line":585,"column":3}}]},"47":{"loc":{"start":{"line":578,"column":9},"end":{"line":585,"column":3}},"type":"if","locations":[{"start":{"line":578,"column":9},"end":{"line":585,"column":3}},{"start":{},"end":{}}]},"48":{"loc":{"start":{"line":582,"column":17},"end":{"line":582,"column":42}},"type":"binary-expr","locations":[{"start":{"line":582,"column":17},"end":{"line":582,"column":36}},{"start":{"line":582,"column":40},"end":{"line":582,"column":42}}]}},"s":{"0":2,"1":2,"2":2,"3":2,"4":2,"5":2,"6":2,"7":2,"8":3,"9":27,"10":27,"11":27,"12":27,"13":27,"14":27,"15":27,"16":27,"17":27,"18":27,"19":27,"20":27,"21":27,"22":27,"23":27,"24":6,"25":6,"26":6,"27":6,"28":14,"29":14,"30":14,"31":14,"32":14,"33":14,"34":14,"35":3,"36":3,"37":3,"38":3,"39":11,"40":27,"41":27,"42":27,"43":27,"44":27,"45":27,"46":27,"47":27,"48":27,"49":23,"50":4,"51":58,"52":58,"53":1,"54":57,"55":26,"56":17,"57":7,"58":7,"59":0,"60":11,"61":11,"62":1,"63":10,"64":10,"65":30,"66":30,"67":29,"68":24,"69":29,"70":29,"71":29,"72":29,"73":29,"74":29,"75":29,"76":25,"77":29,"78":2,"79":17,"80":17,"81":17,"82":16,"83":16,"84":16,"85":0,"86":16,"87":2,"88":26,"89":26,"90":25,"91":18,"92":18,"93":18,"94":1,"95":7,"96":7,"97":17,"98":17,"99":1,"100":16,"101":12,"102":2,"103":10,"104":7,"105":9,"106":9,"107":7,"108":7,"109":1,"110":6,"111":4,"112":0,"113":4,"114":2,"115":1,"116":1,"117":5,"118":5,"119":7,"120":7,"121":1,"122":6,"123":4,"124":0,"125":4,"126":2,"127":1,"128":1,"129":5,"130":5,"131":2,"132":34,"133":3,"134":31,"135":15,"136":15,"137":15,"138":72,"139":15,"140":15,"141":15,"142":15,"143":0,"144":0,"145":0,"146":0,"147":16,"148":3,"149":3,"150":3,"151":13,"152":2,"153":11,"154":3,"155":0,"156":8,"157":3,"158":1,"159":2,"160":2},"f":{"0":3,"1":27,"2":58,"3":11,"4":30,"5":17,"6":26,"7":17,"8":7,"9":7,"10":34,"11":72,"12":15,"13":0,"14":0,"15":1,"16":2},"b":{"0":[13],"1":[27,22,0],"2":[0],"3":[0,27],"4":[27,0],"5":[27,0],"6":[20,7],"7":[20,7],"8":[20,7],"9":[6,21],"10":[27,7],"11":[14,0],"12":[3,11],"13":[3,0],"14":[27,0],"15":[27,0],"16":[23,4],"17":[1,57],"18":[26,17,7,7,0],"19":[1,10],"20":[10,0],"21":[0],"22":[24,5],"23":[25,4],"24":[0],"25":[0,16],"26":[25,1],"27":[0],"28":[1,16],"29":[2,10],"30":[0],"31":[1,6],"32":[0,4],"33":[1,1],"34":[2,1,1],"35":[0],"36":[1,6],"37":[0,4],"38":[1,1],"39":[2,1,1],"40":[3,31],"41":[34,32],"42":[15,16],"43":[3,13],"44":[3,0],"45":[2,11],"46":[3,8],"47":[3,5],"48":[1,0]}}
,"/Users/lasse/Sites/gemini-cli/ai-summary-extension/content.ts": {"path":"/Users/lasse/Sites/gemini-cli/ai-summary-extension/content.ts","statementMap":{"0":{"start":{"line":12,"column":17},"end":{"line":12,"column":45}},"1":{"start":{"line":13,"column":2},"end":{"line":13,"column":28}},"2":{"start":{"line":13,"column":15},"end":{"line":13,"column":28}},"3":{"start":{"line":15,"column":2},"end":{"line":28,"column":3}},"4":{"start":{"line":17,"column":6},"end":{"line":17,"column":18}},"5":{"start":{"line":19,"column":6},"end":{"line":19,"column":76}},"6":{"start":{"line":21,"column":6},"end":{"line":21,"column":76}},"7":{"start":{"line":23,"column":6},"end":{"line":25,"column":8}},"8":{"start":{"line":27,"column":6},"end":{"line":27,"column":19}},"9":{"start":{"line":31,"column":40},"end":{"line":31,"column":44}},"10":{"start":{"line":63,"column":45},"end":{"line":136,"column":2}},"11":{"start":{"line":139,"column":46},"end":{"line":212,"column":4}},"12":{"start":{"line":213,"column":2},"end":{"line":213,"column":23}},"13":{"start":{"line":217,"column":22},"end":{"line":217,"column":50}},"14":{"start":{"line":218,"column":2},"end":{"line":218,"column":48}},"15":{"start":{"line":232,"column":4},"end":{"line":232,"column":62}},"16":{"start":{"line":234,"column":2},"end":{"line":803,"column":3}},"17":{"start":{"line":235,"column":4},"end":{"line":235,"column":47}},"18":{"start":{"line":236,"column":4},"end":{"line":236,"column":55}},"19":{"start":{"line":237,"column":4},"end":{"line":252,"column":6}},"20":{"start":{"line":254,"column":21},"end":{"line":254,"column":50}},"21":{"start":{"line":255,"column":4},"end":{"line":263,"column":6}},"22":{"start":{"line":265,"column":20},"end":{"line":265,"column":49}},"23":{"start":{"line":266,"column":4},"end":{"line":266,"column":56}},"24":{"start":{"line":268,"column":24},"end":{"line":268,"column":53}},"25":{"start":{"line":269,"column":4},"end":{"line":276,"column":6}},"26":{"start":{"line":277,"column":4},"end":{"line":285,"column":7}},"27":{"start":{"line":278,"column":6},"end":{"line":280,"column":7}},"28":{"start":{"line":279,"column":8},"end":{"line":279,"column":42}},"29":{"start":{"line":281,"column":6},"end":{"line":284,"column":9}},"30":{"start":{"line":286,"column":4},"end":{"line":286,"column":32}},"31":{"start":{"line":288,"column":27},"end":{"line":288,"column":56}},"32":{"start":{"line":289,"column":4},"end":{"line":296,"column":6}},"33":{"start":{"line":297,"column":22},"end":{"line":297,"column":27}},"34":{"start":{"line":298,"column":45},"end":{"line":298,"column":59}},"35":{"start":{"line":299,"column":4},"end":{"line":321,"column":7}},"36":{"start":{"line":300,"column":24},"end":{"line":301,"column":null}},"37":{"start":{"line":303,"column":6},"end":{"line":320,"column":7}},"38":{"start":{"line":304,"column":8},"end":{"line":304,"column":55}},"39":{"start":{"line":305,"column":31},"end":{"line":306,"column":null}},"40":{"start":{"line":308,"column":8},"end":{"line":308,"column":67}},"41":{"start":{"line":308,"column":28},"end":{"line":308,"column":67}},"42":{"start":{"line":309,"column":8},"end":{"line":309,"column":56}},"43":{"start":{"line":309,"column":23},"end":{"line":309,"column":56}},"44":{"start":{"line":310,"column":8},"end":{"line":310,"column":28}},"45":{"start":{"line":312,"column":8},"end":{"line":312,"column":55}},"46":{"start":{"line":313,"column":8},"end":{"line":313,"column":42}},"47":{"start":{"line":314,"column":31},"end":{"line":315,"column":null}},"48":{"start":{"line":317,"column":8},"end":{"line":317,"column":66}},"49":{"start":{"line":317,"column":28},"end":{"line":317,"column":66}},"50":{"start":{"line":318,"column":8},"end":{"line":318,"column":56}},"51":{"start":{"line":318,"column":23},"end":{"line":318,"column":56}},"52":{"start":{"line":319,"column":8},"end":{"line":319,"column":27}},"53":{"start":{"line":322,"column":4},"end":{"line":322,"column":38}},"54":{"start":{"line":324,"column":27},"end":{"line":324,"column":56}},"55":{"start":{"line":325,"column":4},"end":{"line":331,"column":6}},"56":{"start":{"line":332,"column":22},"end":{"line":332,"column":27}},"57":{"start":{"line":338,"column":8},"end":{"line":338,"column":52}},"58":{"start":{"line":339,"column":4},"end":{"line":368,"column":7}},"59":{"start":{"line":340,"column":6},"end":{"line":367,"column":7}},"60":{"start":{"line":341,"column":8},"end":{"line":341,"column":56}},"61":{"start":{"line":342,"column":8},"end":{"line":342,"column":58}},"62":{"start":{"line":343,"column":8},"end":{"line":343,"column":52}},"63":{"start":{"line":344,"column":8},"end":{"line":344,"column":54}},"64":{"start":{"line":345,"column":8},"end":{"line":345,"column":28}},"65":{"start":{"line":347,"column":8},"end":{"line":352,"column":10}},"66":{"start":{"line":353,"column":8},"end":{"line":353,"column":41}},"67":{"start":{"line":354,"column":8},"end":{"line":354,"column":42}},"68":{"start":{"line":355,"column":8},"end":{"line":355,"column":38}},"69":{"start":{"line":356,"column":8},"end":{"line":356,"column":39}},"70":{"start":{"line":357,"column":8},"end":{"line":357,"column":27}},"71":{"start":{"line":358,"column":31},"end":{"line":359,"column":null}},"72":{"start":{"line":361,"column":8},"end":{"line":361,"column":67}},"73":{"start":{"line":361,"column":28},"end":{"line":361,"column":67}},"74":{"start":{"line":362,"column":8},"end":{"line":362,"column":28}},"75":{"start":{"line":363,"column":26},"end":{"line":364,"column":null}},"76":{"start":{"line":366,"column":8},"end":{"line":366,"column":56}},"77":{"start":{"line":366,"column":23},"end":{"line":366,"column":56}},"78":{"start":{"line":369,"column":4},"end":{"line":369,"column":38}},"79":{"start":{"line":371,"column":4},"end":{"line":371,"column":37}},"80":{"start":{"line":372,"column":4},"end":{"line":372,"column":40}},"81":{"start":{"line":373,"column":4},"end":{"line":373,"column":40}},"82":{"start":{"line":375,"column":34},"end":{"line":375,"column":63}},"83":{"start":{"line":376,"column":4},"end":{"line":379,"column":6}},"84":{"start":{"line":381,"column":25},"end":{"line":381,"column":54}},"85":{"start":{"line":382,"column":4},"end":{"line":382,"column":41}},"86":{"start":{"line":383,"column":4},"end":{"line":388,"column":6}},"87":{"start":{"line":390,"column":4},"end":{"line":390,"column":52}},"88":{"start":{"line":392,"column":26},"end":{"line":392,"column":55}},"89":{"start":{"line":393,"column":4},"end":{"line":393,"column":94}},"90":{"start":{"line":395,"column":23},"end":{"line":395,"column":53}},"91":{"start":{"line":396,"column":4},"end":{"line":396,"column":34}},"92":{"start":{"line":397,"column":4},"end":{"line":402,"column":6}},"93":{"start":{"line":403,"column":4},"end":{"line":410,"column":7}},"94":{"start":{"line":404,"column":29},"end":{"line":405,"column":null}},"95":{"start":{"line":407,"column":6},"end":{"line":409,"column":7}},"96":{"start":{"line":408,"column":8},"end":{"line":408,"column":72}},"97":{"start":{"line":411,"column":4},"end":{"line":411,"column":51}},"98":{"start":{"line":413,"column":24},"end":{"line":413,"column":54}},"99":{"start":{"line":414,"column":4},"end":{"line":414,"column":35}},"100":{"start":{"line":415,"column":4},"end":{"line":420,"column":6}},"101":{"start":{"line":421,"column":4},"end":{"line":433,"column":7}},"102":{"start":{"line":422,"column":29},"end":{"line":423,"column":null}},"103":{"start":{"line":425,"column":6},"end":{"line":432,"column":7}},"104":{"start":{"line":426,"column":8},"end":{"line":431,"column":32}},"105":{"start":{"line":434,"column":4},"end":{"line":434,"column":40}},"106":{"start":{"line":436,"column":25},"end":{"line":436,"column":52}},"107":{"start":{"line":437,"column":4},"end":{"line":440,"column":7}},"108":{"start":{"line":438,"column":6},"end":{"line":438,"column":29}},"109":{"start":{"line":439,"column":6},"end":{"line":439,"column":66}},"110":{"start":{"line":441,"column":4},"end":{"line":448,"column":6}},"111":{"start":{"line":450,"column":25},"end":{"line":450,"column":55}},"112":{"start":{"line":451,"column":4},"end":{"line":451,"column":36}},"113":{"start":{"line":452,"column":4},"end":{"line":455,"column":6}},"114":{"start":{"line":457,"column":4},"end":{"line":457,"column":43}},"115":{"start":{"line":458,"column":4},"end":{"line":458,"column":41}},"116":{"start":{"line":460,"column":4},"end":{"line":460,"column":42}},"117":{"start":{"line":461,"column":4},"end":{"line":461,"column":43}},"118":{"start":{"line":462,"column":4},"end":{"line":462,"column":44}},"119":{"start":{"line":464,"column":4},"end":{"line":464,"column":34}},"120":{"start":{"line":465,"column":4},"end":{"line":465,"column":48}},"121":{"start":{"line":466,"column":4},"end":{"line":466,"column":40}},"122":{"start":{"line":468,"column":27},"end":{"line":468,"column":56}},"123":{"start":{"line":469,"column":4},"end":{"line":469,"column":63}},"124":{"start":{"line":470,"column":4},"end":{"line":480,"column":6}},"125":{"start":{"line":482,"column":18},"end":{"line":482,"column":49}},"126":{"start":{"line":483,"column":4},"end":{"line":542,"column":6}},"127":{"start":{"line":543,"column":4},"end":{"line":543,"column":37}},"128":{"start":{"line":546,"column":23},"end":{"line":546,"column":67}},"129":{"start":{"line":547,"column":4},"end":{"line":558,"column":7}},"130":{"start":{"line":548,"column":21},"end":{"line":548,"column":50}},"131":{"start":{"line":549,"column":6},"end":{"line":549,"column":48}},"132":{"start":{"line":550,"column":6},"end":{"line":555,"column":8}},"133":{"start":{"line":556,"column":6},"end":{"line":556,"column":38}},"134":{"start":{"line":557,"column":6},"end":{"line":557,"column":62}},"135":{"start":{"line":560,"column":4},"end":{"line":560,"column":37}},"136":{"start":{"line":563,"column":29},"end":{"line":563,"column":58}},"137":{"start":{"line":564,"column":4},"end":{"line":564,"column":67}},"138":{"start":{"line":565,"column":4},"end":{"line":574,"column":6}},"139":{"start":{"line":577,"column":27},"end":{"line":577,"column":56}},"140":{"start":{"line":578,"column":4},"end":{"line":578,"column":63}},"141":{"start":{"line":579,"column":4},"end":{"line":587,"column":6}},"142":{"start":{"line":588,"column":4},"end":{"line":588,"column":49}},"143":{"start":{"line":591,"column":30},"end":{"line":591,"column":59}},"144":{"start":{"line":592,"column":4},"end":{"line":599,"column":6}},"145":{"start":{"line":601,"column":24},"end":{"line":601,"column":53}},"146":{"start":{"line":602,"column":4},"end":{"line":602,"column":57}},"147":{"start":{"line":603,"column":4},"end":{"line":609,"column":6}},"148":{"start":{"line":610,"column":4},"end":{"line":610,"column":47}},"149":{"start":{"line":611,"column":4},"end":{"line":611,"column":52}},"150":{"start":{"line":614,"column":25},"end":{"line":614,"column":54}},"151":{"start":{"line":615,"column":4},"end":{"line":615,"column":59}},"152":{"start":{"line":616,"column":4},"end":{"line":620,"column":6}},"153":{"start":{"line":621,"column":4},"end":{"line":621,"column":49}},"154":{"start":{"line":622,"column":4},"end":{"line":622,"column":47}},"155":{"start":{"line":625,"column":28},"end":{"line":625,"column":57}},"156":{"start":{"line":626,"column":4},"end":{"line":626,"column":65}},"157":{"start":{"line":627,"column":4},"end":{"line":631,"column":6}},"158":{"start":{"line":632,"column":4},"end":{"line":632,"column":37}},"159":{"start":{"line":633,"column":4},"end":{"line":633,"column":50}},"160":{"start":{"line":635,"column":4},"end":{"line":635,"column":45}},"161":{"start":{"line":637,"column":4},"end":{"line":637,"column":43}},"162":{"start":{"line":639,"column":22},"end":{"line":639,"column":51}},"163":{"start":{"line":640,"column":4},"end":{"line":640,"column":53}},"164":{"start":{"line":641,"column":4},"end":{"line":656,"column":6}},"165":{"start":{"line":659,"column":24},"end":{"line":659,"column":56}},"166":{"start":{"line":660,"column":4},"end":{"line":660,"column":49}},"167":{"start":{"line":661,"column":4},"end":{"line":670,"column":6}},"168":{"start":{"line":673,"column":25},"end":{"line":686,"column":6}},"169":{"start":{"line":689,"column":4},"end":{"line":713,"column":6}},"170":{"start":{"line":692,"column":24},"end":{"line":696,"column":10}},"171":{"start":{"line":698,"column":8},"end":{"line":711,"column":11}},"172":{"start":{"line":699,"column":22},"end":{"line":699,"column":54}},"173":{"start":{"line":700,"column":10},"end":{"line":700,"column":35}},"174":{"start":{"line":701,"column":10},"end":{"line":701,"column":41}},"175":{"start":{"line":704,"column":10},"end":{"line":708,"column":11}},"176":{"start":{"line":705,"column":12},"end":{"line":705,"column":32}},"177":{"start":{"line":706,"column":12},"end":{"line":706,"column":38}},"178":{"start":{"line":707,"column":12},"end":{"line":707,"column":67}},"179":{"start":{"line":710,"column":10},"end":{"line":710,"column":39}},"180":{"start":{"line":716,"column":4},"end":{"line":720,"column":7}},"181":{"start":{"line":717,"column":6},"end":{"line":719,"column":7}},"182":{"start":{"line":718,"column":8},"end":{"line":718,"column":49}},"183":{"start":{"line":723,"column":4},"end":{"line":773,"column":7}},"184":{"start":{"line":724,"column":23},"end":{"line":724,"column":40}},"185":{"start":{"line":727,"column":6},"end":{"line":730,"column":9}},"186":{"start":{"line":733,"column":29},"end":{"line":734,"column":null}},"187":{"start":{"line":736,"column":25},"end":{"line":736,"column":74}},"188":{"start":{"line":737,"column":31},"end":{"line":738,"column":null}},"189":{"start":{"line":741,"column":6},"end":{"line":744,"column":7}},"190":{"start":{"line":742,"column":8},"end":{"line":742,"column":38}},"191":{"start":{"line":743,"column":8},"end":{"line":743,"column":46}},"192":{"start":{"line":745,"column":6},"end":{"line":747,"column":7}},"193":{"start":{"line":746,"column":8},"end":{"line":746,"column":51}},"194":{"start":{"line":748,"column":6},"end":{"line":750,"column":7}},"195":{"start":{"line":749,"column":8},"end":{"line":749,"column":49}},"196":{"start":{"line":753,"column":25},"end":{"line":754,"column":null}},"197":{"start":{"line":754,"column":15},"end":{"line":754,"column":34}},"198":{"start":{"line":756,"column":26},"end":{"line":756,"column":47}},"199":{"start":{"line":758,"column":6},"end":{"line":772,"column":7}},"200":{"start":{"line":759,"column":8},"end":{"line":763,"column":11}},"201":{"start":{"line":766,"column":8},"end":{"line":768,"column":9}},"202":{"start":{"line":767,"column":10},"end":{"line":767,"column":71}},"203":{"start":{"line":769,"column":8},"end":{"line":771,"column":9}},"204":{"start":{"line":770,"column":10},"end":{"line":770,"column":50}},"205":{"start":{"line":776,"column":23},"end":{"line":776,"column":52}},"206":{"start":{"line":777,"column":4},"end":{"line":777,"column":45}},"207":{"start":{"line":778,"column":4},"end":{"line":785,"column":6}},"208":{"start":{"line":787,"column":4},"end":{"line":787,"column":39}},"209":{"start":{"line":788,"column":4},"end":{"line":788,"column":38}},"210":{"start":{"line":789,"column":4},"end":{"line":789,"column":38}},"211":{"start":{"line":791,"column":4},"end":{"line":791,"column":38}},"212":{"start":{"line":793,"column":25},"end":{"line":793,"column":56}},"213":{"start":{"line":794,"column":4},"end":{"line":799,"column":6}},"214":{"start":{"line":800,"column":4},"end":{"line":800,"column":44}},"215":{"start":{"line":802,"column":4},"end":{"line":802,"column":40}},"216":{"start":{"line":805,"column":27},"end":{"line":806,"column":null}},"217":{"start":{"line":808,"column":25},"end":{"line":809,"column":null}},"218":{"start":{"line":812,"column":2},"end":{"line":841,"column":3}},"219":{"start":{"line":814,"column":4},"end":{"line":814,"column":67}},"220":{"start":{"line":814,"column":26},"end":{"line":814,"column":67}},"221":{"start":{"line":815,"column":4},"end":{"line":815,"column":62}},"222":{"start":{"line":815,"column":24},"end":{"line":815,"column":62}},"223":{"start":{"line":817,"column":23},"end":{"line":817,"column":72}},"224":{"start":{"line":818,"column":4},"end":{"line":818,"column":48}},"225":{"start":{"line":818,"column":20},"end":{"line":818,"column":48}},"226":{"start":{"line":819,"column":4},"end":{"line":819,"column":54}},"227":{"start":{"line":819,"column":20},"end":{"line":819,"column":54}},"228":{"start":{"line":822,"column":4},"end":{"line":822,"column":66}},"229":{"start":{"line":822,"column":26},"end":{"line":822,"column":66}},"230":{"start":{"line":823,"column":4},"end":{"line":828,"column":5}},"231":{"start":{"line":824,"column":24},"end":{"line":824,"column":48}},"232":{"start":{"line":825,"column":26},"end":{"line":825,"column":57}},"233":{"start":{"line":826,"column":6},"end":{"line":826,"column":45}},"234":{"start":{"line":827,"column":6},"end":{"line":827,"column":45}},"235":{"start":{"line":830,"column":23},"end":{"line":830,"column":72}},"236":{"start":{"line":831,"column":4},"end":{"line":838,"column":5}},"237":{"start":{"line":832,"column":24},"end":{"line":832,"column":50}},"238":{"start":{"line":833,"column":26},"end":{"line":833,"column":51}},"239":{"start":{"line":834,"column":6},"end":{"line":836,"column":7}},"240":{"start":{"line":835,"column":8},"end":{"line":835,"column":66}},"241":{"start":{"line":837,"column":6},"end":{"line":837,"column":45}},"242":{"start":{"line":839,"column":4},"end":{"line":839,"column":54}},"243":{"start":{"line":839,"column":20},"end":{"line":839,"column":54}},"244":{"start":{"line":840,"column":4},"end":{"line":840,"column":19}},"245":{"start":{"line":845,"column":25},"end":{"line":846,"column":null}},"246":{"start":{"line":848,"column":21},"end":{"line":849,"column":null}},"247":{"start":{"line":851,"column":25},"end":{"line":851,"column":27}},"248":{"start":{"line":852,"column":23},"end":{"line":852,"column":25}},"249":{"start":{"line":853,"column":18},"end":{"line":853,"column":20}},"250":{"start":{"line":854,"column":20},"end":{"line":854,"column":44}},"251":{"start":{"line":856,"column":2},"end":{"line":864,"column":3}},"252":{"start":{"line":857,"column":26},"end":{"line":857,"column":63}},"253":{"start":{"line":858,"column":22},"end":{"line":860,"column":null}},"254":{"start":{"line":863,"column":4},"end":{"line":863,"column":47}},"255":{"start":{"line":868,"column":13},"end":{"line":868,"column":14}},"256":{"start":{"line":869,"column":11},"end":{"line":869,"column":12}},"257":{"start":{"line":870,"column":11},"end":{"line":870,"column":12}},"258":{"start":{"line":871,"column":11},"end":{"line":871,"column":12}},"259":{"start":{"line":872,"column":2},"end":{"line":872,"column":37}},"260":{"start":{"line":875,"column":4},"end":{"line":875,"column":26}},"261":{"start":{"line":876,"column":4},"end":{"line":876,"column":23}},"262":{"start":{"line":877,"column":4},"end":{"line":877,"column":21}},"263":{"start":{"line":878,"column":4},"end":{"line":878,"column":21}},"264":{"start":{"line":879,"column":4},"end":{"line":879,"column":42}},"265":{"start":{"line":880,"column":4},"end":{"line":880,"column":39}},"266":{"start":{"line":884,"column":4},"end":{"line":884,"column":26}},"267":{"start":{"line":885,"column":4},"end":{"line":885,"column":23}},"268":{"start":{"line":886,"column":4},"end":{"line":886,"column":28}},"269":{"start":{"line":887,"column":4},"end":{"line":887,"column":28}},"270":{"start":{"line":888,"column":4},"end":{"line":888,"column":21}},"271":{"start":{"line":889,"column":4},"end":{"line":889,"column":21}},"272":{"start":{"line":890,"column":4},"end":{"line":890,"column":56}},"273":{"start":{"line":891,"column":4},"end":{"line":891,"column":58}},"274":{"start":{"line":895,"column":4},"end":{"line":895,"column":30}},"275":{"start":{"line":896,"column":4},"end":{"line":896,"column":32}},"276":{"start":{"line":906,"column":2},"end":{"line":945,"column":4}},"277":{"start":{"line":907,"column":4},"end":{"line":907,"column":23}},"278":{"start":{"line":908,"column":19},"end":{"line":908,"column":28}},"279":{"start":{"line":909,"column":19},"end":{"line":909,"column":28}},"280":{"start":{"line":910,"column":23},"end":{"line":912,"column":null}},"281":{"start":{"line":914,"column":24},"end":{"line":916,"column":null}},"282":{"start":{"line":918,"column":21},"end":{"line":918,"column":38}},"283":{"start":{"line":919,"column":22},"end":{"line":919,"column":40}},"284":{"start":{"line":921,"column":4},"end":{"line":939,"column":6}},"285":{"start":{"line":922,"column":17},"end":{"line":922,"column":35}},"286":{"start":{"line":923,"column":17},"end":{"line":923,"column":35}},"287":{"start":{"line":925,"column":6},"end":{"line":927,"column":7}},"288":{"start":{"line":926,"column":8},"end":{"line":926,"column":53}},"289":{"start":{"line":928,"column":6},"end":{"line":930,"column":7}},"290":{"start":{"line":929,"column":8},"end":{"line":929,"column":55}},"291":{"start":{"line":931,"column":6},"end":{"line":934,"column":7}},"292":{"start":{"line":932,"column":8},"end":{"line":932,"column":53}},"293":{"start":{"line":933,"column":8},"end":{"line":933,"column":51}},"294":{"start":{"line":935,"column":6},"end":{"line":938,"column":7}},"295":{"start":{"line":936,"column":8},"end":{"line":936,"column":55}},"296":{"start":{"line":937,"column":8},"end":{"line":937,"column":49}},"297":{"start":{"line":941,"column":4},"end":{"line":944,"column":6}},"298":{"start":{"line":942,"column":6},"end":{"line":942,"column":34}},"299":{"start":{"line":943,"column":6},"end":{"line":943,"column":32}},"300":{"start":{"line":950,"column":22},"end":{"line":951,"column":null}},"301":{"start":{"line":953,"column":23},"end":{"line":954,"column":null}},"302":{"start":{"line":956,"column":26},"end":{"line":957,"column":null}},"303":{"start":{"line":960,"column":2},"end":{"line":983,"column":3}},"304":{"start":{"line":962,"column":4},"end":{"line":962,"column":56}},"305":{"start":{"line":965,"column":4},"end":{"line":965,"column":76}},"306":{"start":{"line":968,"column":22},"end":{"line":968,"column":64}},"307":{"start":{"line":969,"column":22},"end":{"line":969,"column":42}},"308":{"start":{"line":970,"column":4},"end":{"line":976,"column":5}},"309":{"start":{"line":972,"column":8},"end":{"line":974,"column":60}},"310":{"start":{"line":975,"column":6},"end":{"line":975,"column":49}},"311":{"start":{"line":977,"column":4},"end":{"line":981,"column":5}},"312":{"start":{"line":978,"column":6},"end":{"line":978,"column":54}},"313":{"start":{"line":979,"column":11},"end":{"line":981,"column":5}},"314":{"start":{"line":980,"column":6},"end":{"line":980,"column":34}},"315":{"start":{"line":982,"column":4},"end":{"line":982,"column":46}},"316":{"start":{"line":987,"column":0},"end":{"line":1047,"column":3}},"317":{"start":{"line":988,"column":2},"end":{"line":988,"column":42}},"318":{"start":{"line":988,"column":35},"end":{"line":988,"column":42}},"319":{"start":{"line":989,"column":2},"end":{"line":1046,"column":3}},"320":{"start":{"line":990,"column":4},"end":{"line":1004,"column":6}},"321":{"start":{"line":993,"column":8},"end":{"line":1002,"column":10}},"322":{"start":{"line":1005,"column":9},"end":{"line":1046,"column":3}},"323":{"start":{"line":1006,"column":4},"end":{"line":1017,"column":6}},"324":{"start":{"line":1009,"column":8},"end":{"line":1015,"column":10}},"325":{"start":{"line":1018,"column":9},"end":{"line":1046,"column":3}},"326":{"start":{"line":1019,"column":4},"end":{"line":1019,"column":44}},"327":{"start":{"line":1020,"column":9},"end":{"line":1046,"column":3}},"328":{"start":{"line":1021,"column":4},"end":{"line":1037,"column":5}},"329":{"start":{"line":1022,"column":6},"end":{"line":1023,"column":62}},"330":{"start":{"line":1024,"column":6},"end":{"line":1027,"column":9}},"331":{"start":{"line":1029,"column":25},"end":{"line":1030,"column":null}},"332":{"start":{"line":1030,"column":15},"end":{"line":1030,"column":34}},"333":{"start":{"line":1032,"column":26},"end":{"line":1032,"column":47}},"334":{"start":{"line":1033,"column":6},"end":{"line":1036,"column":9}},"335":{"start":{"line":1038,"column":9},"end":{"line":1046,"column":3}},"336":{"start":{"line":1040,"column":24},"end":{"line":1041,"column":null}},"337":{"start":{"line":1043,"column":4},"end":{"line":1045,"column":5}},"338":{"start":{"line":1044,"column":6},"end":{"line":1044,"column":40}}},"fnMap":{"0":{"name":"contentIsModelAvailable","decl":{"start":{"line":4,"column":9},"end":{"line":4,"column":32}},"loc":{"start":{"line":10,"column":3},"end":{"line":29,"column":1}}},"1":{"name":"contentGetModelConfig","decl":{"start":{"line":138,"column":9},"end":{"line":138,"column":30}},"loc":{"start":{"line":138,"column":44},"end":{"line":214,"column":1}}},"2":{"name":"getModelDisplayName","decl":{"start":{"line":216,"column":9},"end":{"line":216,"column":28}},"loc":{"start":{"line":216,"column":42},"end":{"line":219,"column":1}}},"3":{"name":"createOrUpdateSummaryDiv","decl":{"start":{"line":221,"column":9},"end":{"line":221,"column":33}},"loc":{"start":{"line":229,"column":15},"end":{"line":842,"column":1}}},"4":{"name":"(anonymous_4)","decl":{"start":{"line":277,"column":42},"end":{"line":277,"column":45}},"loc":{"start":{"line":277,"column":47},"end":{"line":285,"column":5}}},"5":{"name":"(anonymous_5)","decl":{"start":{"line":299,"column":45},"end":{"line":299,"column":48}},"loc":{"start":{"line":299,"column":50},"end":{"line":321,"column":5}}},"6":{"name":"(anonymous_6)","decl":{"start":{"line":339,"column":45},"end":{"line":339,"column":48}},"loc":{"start":{"line":339,"column":50},"end":{"line":368,"column":5}}},"7":{"name":"(anonymous_7)","decl":{"start":{"line":403,"column":41},"end":{"line":403,"column":44}},"loc":{"start":{"line":403,"column":46},"end":{"line":410,"column":5}}},"8":{"name":"(anonymous_8)","decl":{"start":{"line":421,"column":42},"end":{"line":421,"column":45}},"loc":{"start":{"line":421,"column":47},"end":{"line":433,"column":5}}},"9":{"name":"(anonymous_9)","decl":{"start":{"line":437,"column":43},"end":{"line":437,"column":44}},"loc":{"start":{"line":437,"column":53},"end":{"line":440,"column":5}}},"10":{"name":"(anonymous_10)","decl":{"start":{"line":547,"column":23},"end":{"line":547,"column":24}},"loc":{"start":{"line":547,"column":31},"end":{"line":558,"column":5}}},"11":{"name":"(anonymous_11)","decl":{"start":{"line":691,"column":6},"end":{"line":691,"column":7}},"loc":{"start":{"line":691,"column":17},"end":{"line":712,"column":7}}},"12":{"name":"(anonymous_12)","decl":{"start":{"line":698,"column":29},"end":{"line":698,"column":30}},"loc":{"start":{"line":698,"column":40},"end":{"line":711,"column":9}}},"13":{"name":"(anonymous_13)","decl":{"start":{"line":716,"column":45},"end":{"line":716,"column":46}},"loc":{"start":{"line":716,"column":56},"end":{"line":720,"column":5}}},"14":{"name":"(anonymous_14)","decl":{"start":{"line":723,"column":43},"end":{"line":723,"column":46}},"loc":{"start":{"line":723,"column":48},"end":{"line":773,"column":5}}},"15":{"name":"(anonymous_15)","decl":{"start":{"line":754,"column":8},"end":{"line":754,"column":9}},"loc":{"start":{"line":754,"column":15},"end":{"line":754,"column":34}}},"16":{"name":"adjustHeight","decl":{"start":{"line":844,"column":9},"end":{"line":844,"column":21}},"loc":{"start":{"line":844,"column":21},"end":{"line":865,"column":1}}},"17":{"name":"makeDraggable","decl":{"start":{"line":867,"column":9},"end":{"line":867,"column":22}},"loc":{"start":{"line":867,"column":64},"end":{"line":898,"column":1}}},"18":{"name":"dragMouseDown","decl":{"start":{"line":874,"column":11},"end":{"line":874,"column":24}},"loc":{"start":{"line":874,"column":38},"end":{"line":881,"column":3}}},"19":{"name":"elementDrag","decl":{"start":{"line":883,"column":11},"end":{"line":883,"column":22}},"loc":{"start":{"line":883,"column":36},"end":{"line":892,"column":3}}},"20":{"name":"closeDragElement","decl":{"start":{"line":894,"column":11},"end":{"line":894,"column":27}},"loc":{"start":{"line":894,"column":27},"end":{"line":897,"column":3}}},"21":{"name":"makeResizable","decl":{"start":{"line":900,"column":9},"end":{"line":900,"column":22}},"loc":{"start":{"line":904,"column":19},"end":{"line":946,"column":1}}},"22":{"name":"(anonymous_22)","decl":{"start":{"line":906,"column":23},"end":{"line":906,"column":33}},"loc":{"start":{"line":906,"column":46},"end":{"line":945,"column":3}}},"23":{"name":"(anonymous_23)","decl":{"start":{"line":921,"column":27},"end":{"line":921,"column":37}},"loc":{"start":{"line":921,"column":50},"end":{"line":939,"column":5}}},"24":{"name":"(anonymous_24)","decl":{"start":{"line":941,"column":25},"end":{"line":941,"column":null}},"loc":{"start":{"line":941,"column":25},"end":{"line":944,"column":5}}},"25":{"name":"updateLoadingProgress","decl":{"start":{"line":949,"column":9},"end":{"line":949,"column":30}},"loc":{"start":{"line":949,"column":55},"end":{"line":984,"column":1}}},"26":{"name":"(anonymous_26)","decl":{"start":{"line":987,"column":37},"end":{"line":987,"column":47}},"loc":{"start":{"line":987,"column":59},"end":{"line":1047,"column":1}}},"27":{"name":"(anonymous_27)","decl":{"start":{"line":992,"column":6},"end":{"line":992,"column":16}},"loc":{"start":{"line":992,"column":22},"end":{"line":1003,"column":7}}},"28":{"name":"(anonymous_28)","decl":{"start":{"line":1008,"column":6},"end":{"line":1008,"column":16}},"loc":{"start":{"line":1008,"column":22},"end":{"line":1016,"column":7}}},"29":{"name":"(anonymous_29)","decl":{"start":{"line":1030,"column":8},"end":{"line":1030,"column":9}},"loc":{"start":{"line":1030,"column":15},"end":{"line":1030,"column":34}}}},"branchMap":{"0":{"loc":{"start":{"line":13,"column":2},"end":{"line":13,"column":28}},"type":"if","locations":[{"start":{"line":13,"column":2},"end":{"line":13,"column":28}},{"start":{},"end":{}}]},"1":{"loc":{"start":{"line":15,"column":2},"end":{"line":28,"column":3}},"type":"switch","locations":[{"start":{"line":16,"column":4},"end":{"line":17,"column":18}},{"start":{"line":18,"column":4},"end":{"line":19,"column":76}},{"start":{"line":20,"column":4},"end":{"line":21,"column":76}},{"start":{"line":22,"column":4},"end":{"line":25,"column":8}},{"start":{"line":26,"column":4},"end":{"line":27,"column":19}}]},"2":{"loc":{"start":{"line":19,"column":16},"end":{"line":19,"column":74}},"type":"binary-expr","locations":[{"start":{"line":19,"column":16},"end":{"line":19,"column":36}},{"start":{"line":19,"column":40},"end":{"line":19,"column":74}}]},"3":{"loc":{"start":{"line":21,"column":16},"end":{"line":21,"column":74}},"type":"binary-expr","locations":[{"start":{"line":21,"column":16},"end":{"line":21,"column":36}},{"start":{"line":21,"column":40},"end":{"line":21,"column":74}}]},"4":{"loc":{"start":{"line":24,"column":8},"end":{"line":24,"column":72}},"type":"binary-expr","locations":[{"start":{"line":24,"column":8},"end":{"line":24,"column":31}},{"start":{"line":24,"column":35},"end":{"line":24,"column":72}}]},"5":{"loc":{"start":{"line":218,"column":9},"end":{"line":218,"column":47}},"type":"cond-expr","locations":[{"start":{"line":218,"column":23},"end":{"line":218,"column":39}},{"start":{"line":218,"column":42},"end":{"line":218,"column":47}}]},"6":{"loc":{"start":{"line":232,"column":4},"end":{"line":232,"column":62}},"type":"binary-expr","locations":[{"start":{"line":232,"column":4},"end":{"line":232,"column":32}},{"start":{"line":232,"column":36},"end":{"line":232,"column":62}}]},"7":{"loc":{"start":{"line":234,"column":2},"end":{"line":803,"column":3}},"type":"if","locations":[{"start":{"line":234,"column":2},"end":{"line":803,"column":3}},{"start":{},"end":{}}]},"8":{"loc":{"start":{"line":278,"column":6},"end":{"line":280,"column":7}},"type":"if","locations":[{"start":{"line":278,"column":6},"end":{"line":280,"column":7}},{"start":{},"end":{}}]},"9":{"loc":{"start":{"line":303,"column":6},"end":{"line":320,"column":7}},"type":"if","locations":[{"start":{"line":303,"column":6},"end":{"line":320,"column":7}},{"start":{"line":311,"column":13},"end":{"line":320,"column":7}}]},"10":{"loc":{"start":{"line":308,"column":8},"end":{"line":308,"column":67}},"type":"if","locations":[{"start":{"line":308,"column":8},"end":{"line":308,"column":67}},{"start":{},"end":{}}]},"11":{"loc":{"start":{"line":309,"column":8},"end":{"line":309,"column":56}},"type":"if","locations":[{"start":{"line":309,"column":8},"end":{"line":309,"column":56}},{"start":{},"end":{}}]},"12":{"loc":{"start":{"line":317,"column":8},"end":{"line":317,"column":66}},"type":"if","locations":[{"start":{"line":317,"column":8},"end":{"line":317,"column":66}},{"start":{},"end":{}}]},"13":{"loc":{"start":{"line":318,"column":8},"end":{"line":318,"column":56}},"type":"if","locations":[{"start":{"line":318,"column":8},"end":{"line":318,"column":56}},{"start":{},"end":{}}]},"14":{"loc":{"start":{"line":340,"column":6},"end":{"line":367,"column":7}},"type":"if","locations":[{"start":{"line":340,"column":6},"end":{"line":367,"column":7}},{"start":{"line":346,"column":13},"end":{"line":367,"column":7}}]},"15":{"loc":{"start":{"line":361,"column":8},"end":{"line":361,"column":67}},"type":"if","locations":[{"start":{"line":361,"column":8},"end":{"line":361,"column":67}},{"start":{},"end":{}}]},"16":{"loc":{"start":{"line":366,"column":8},"end":{"line":366,"column":56}},"type":"if","locations":[{"start":{"line":366,"column":8},"end":{"line":366,"column":56}},{"start":{},"end":{}}]},"17":{"loc":{"start":{"line":407,"column":6},"end":{"line":409,"column":7}},"type":"if","locations":[{"start":{"line":407,"column":6},"end":{"line":409,"column":7}},{"start":{},"end":{}}]},"18":{"loc":{"start":{"line":408,"column":38},"end":{"line":408,"column":70}},"type":"binary-expr","locations":[{"start":{"line":408,"column":38},"end":{"line":408,"column":64}},{"start":{"line":408,"column":68},"end":{"line":408,"column":70}}]},"19":{"loc":{"start":{"line":425,"column":6},"end":{"line":432,"column":7}},"type":"if","locations":[{"start":{"line":425,"column":6},"end":{"line":432,"column":7}},{"start":{},"end":{}}]},"20":{"loc":{"start":{"line":425,"column":10},"end":{"line":425,"column":43}},"type":"binary-expr","locations":[{"start":{"line":425,"column":10},"end":{"line":425,"column":24}},{"start":{"line":425,"column":28},"end":{"line":425,"column":43}}]},"21":{"loc":{"start":{"line":429,"column":18},"end":{"line":429,"column":50}},"type":"binary-expr","locations":[{"start":{"line":429,"column":18},"end":{"line":429,"column":44}},{"start":{"line":429,"column":48},"end":{"line":429,"column":50}}]},"22":{"loc":{"start":{"line":476,"column":21},"end":{"line":476,"column":61}},"type":"cond-expr","locations":[{"start":{"line":476,"column":44},"end":{"line":476,"column":50}},{"start":{"line":476,"column":53},"end":{"line":476,"column":61}}]},"23":{"loc":{"start":{"line":477,"column":20},"end":{"line":477,"column":64}},"type":"cond-expr","locations":[{"start":{"line":477,"column":45},"end":{"line":477,"column":53}},{"start":{"line":477,"column":56},"end":{"line":477,"column":64}}]},"24":{"loc":{"start":{"line":571,"column":21},"end":{"line":571,"column":61}},"type":"cond-expr","locations":[{"start":{"line":571,"column":44},"end":{"line":571,"column":50}},{"start":{"line":571,"column":53},"end":{"line":571,"column":61}}]},"25":{"loc":{"start":{"line":572,"column":20},"end":{"line":572,"column":64}},"type":"cond-expr","locations":[{"start":{"line":572,"column":45},"end":{"line":572,"column":53}},{"start":{"line":572,"column":56},"end":{"line":572,"column":64}}]},"26":{"loc":{"start":{"line":693,"column":24},"end":{"line":693,"column":49}},"type":"binary-expr","locations":[{"start":{"line":693,"column":24},"end":{"line":693,"column":43}},{"start":{"line":693,"column":47},"end":{"line":693,"column":49}}]},"27":{"loc":{"start":{"line":694,"column":24},"end":{"line":694,"column":49}},"type":"binary-expr","locations":[{"start":{"line":694,"column":24},"end":{"line":694,"column":43}},{"start":{"line":694,"column":47},"end":{"line":694,"column":49}}]},"28":{"loc":{"start":{"line":695,"column":27},"end":{"line":695,"column":55}},"type":"binary-expr","locations":[{"start":{"line":695,"column":27},"end":{"line":695,"column":49}},{"start":{"line":695,"column":53},"end":{"line":695,"column":55}}]},"29":{"loc":{"start":{"line":704,"column":10},"end":{"line":708,"column":11}},"type":"if","locations":[{"start":{"line":704,"column":10},"end":{"line":708,"column":11}},{"start":{},"end":{}}]},"30":{"loc":{"start":{"line":717,"column":6},"end":{"line":719,"column":7}},"type":"if","locations":[{"start":{"line":717,"column":6},"end":{"line":719,"column":7}},{"start":{},"end":{}}]},"31":{"loc":{"start":{"line":741,"column":6},"end":{"line":744,"column":7}},"type":"if","locations":[{"start":{"line":741,"column":6},"end":{"line":744,"column":7}},{"start":{},"end":{}}]},"32":{"loc":{"start":{"line":745,"column":6},"end":{"line":747,"column":7}},"type":"if","locations":[{"start":{"line":745,"column":6},"end":{"line":747,"column":7}},{"start":{},"end":{}}]},"33":{"loc":{"start":{"line":748,"column":6},"end":{"line":750,"column":7}},"type":"if","locations":[{"start":{"line":748,"column":6},"end":{"line":750,"column":7}},{"start":{},"end":{}}]},"34":{"loc":{"start":{"line":754,"column":15},"end":{"line":754,"column":34}},"type":"binary-expr","locations":[{"start":{"line":754,"column":15},"end":{"line":754,"column":28}},{"start":{"line":754,"column":32},"end":{"line":754,"column":34}}]},"35":{"loc":{"start":{"line":758,"column":6},"end":{"line":772,"column":7}},"type":"if","locations":[{"start":{"line":758,"column":6},"end":{"line":772,"column":7}},{"start":{"line":764,"column":13},"end":{"line":772,"column":7}}]},"36":{"loc":{"start":{"line":766,"column":8},"end":{"line":768,"column":9}},"type":"if","locations":[{"start":{"line":766,"column":8},"end":{"line":768,"column":9}},{"start":{},"end":{}}]},"37":{"loc":{"start":{"line":769,"column":8},"end":{"line":771,"column":9}},"type":"if","locations":[{"start":{"line":769,"column":8},"end":{"line":771,"column":9}},{"start":{},"end":{}}]},"38":{"loc":{"start":{"line":812,"column":2},"end":{"line":841,"column":3}},"type":"if","locations":[{"start":{"line":812,"column":2},"end":{"line":841,"column":3}},{"start":{"line":820,"column":9},"end":{"line":841,"column":3}}]},"39":{"loc":{"start":{"line":814,"column":4},"end":{"line":814,"column":67}},"type":"if","locations":[{"start":{"line":814,"column":4},"end":{"line":814,"column":67}},{"start":{},"end":{}}]},"40":{"loc":{"start":{"line":815,"column":4},"end":{"line":815,"column":62}},"type":"if","locations":[{"start":{"line":815,"column":4},"end":{"line":815,"column":62}},{"start":{},"end":{}}]},"41":{"loc":{"start":{"line":818,"column":4},"end":{"line":818,"column":48}},"type":"if","locations":[{"start":{"line":818,"column":4},"end":{"line":818,"column":48}},{"start":{},"end":{}}]},"42":{"loc":{"start":{"line":819,"column":4},"end":{"line":819,"column":54}},"type":"if","locations":[{"start":{"line":819,"column":4},"end":{"line":819,"column":54}},{"start":{},"end":{}}]},"43":{"loc":{"start":{"line":822,"column":4},"end":{"line":822,"column":66}},"type":"if","locations":[{"start":{"line":822,"column":4},"end":{"line":822,"column":66}},{"start":{},"end":{}}]},"44":{"loc":{"start":{"line":823,"column":4},"end":{"line":828,"column":5}},"type":"if","locations":[{"start":{"line":823,"column":4},"end":{"line":828,"column":5}},{"start":{},"end":{}}]},"45":{"loc":{"start":{"line":831,"column":4},"end":{"line":838,"column":5}},"type":"if","locations":[{"start":{"line":831,"column":4},"end":{"line":838,"column":5}},{"start":{},"end":{}}]},"46":{"loc":{"start":{"line":831,"column":8},"end":{"line":831,"column":35}},"type":"binary-expr","locations":[{"start":{"line":831,"column":8},"end":{"line":831,"column":18}},{"start":{"line":831,"column":22},"end":{"line":831,"column":27}},{"start":{"line":831,"column":31},"end":{"line":831,"column":35}}]},"47":{"loc":{"start":{"line":834,"column":6},"end":{"line":836,"column":7}},"type":"if","locations":[{"start":{"line":834,"column":6},"end":{"line":836,"column":7}},{"start":{},"end":{}}]},"48":{"loc":{"start":{"line":834,"column":10},"end":{"line":834,"column":68}},"type":"binary-expr","locations":[{"start":{"line":834,"column":10},"end":{"line":834,"column":17}},{"start":{"line":834,"column":21},"end":{"line":834,"column":37}},{"start":{"line":834,"column":41},"end":{"line":834,"column":68}}]},"49":{"loc":{"start":{"line":839,"column":4},"end":{"line":839,"column":54}},"type":"if","locations":[{"start":{"line":839,"column":4},"end":{"line":839,"column":54}},{"start":{},"end":{}}]},"50":{"loc":{"start":{"line":856,"column":2},"end":{"line":864,"column":3}},"type":"if","locations":[{"start":{"line":856,"column":2},"end":{"line":864,"column":3}},{"start":{},"end":{}}]},"51":{"loc":{"start":{"line":856,"column":6},"end":{"line":856,"column":34}},"type":"binary-expr","locations":[{"start":{"line":856,"column":6},"end":{"line":856,"column":20}},{"start":{"line":856,"column":24},"end":{"line":856,"column":34}}]},"52":{"loc":{"start":{"line":875,"column":8},"end":{"line":875,"column":25}},"type":"binary-expr","locations":[{"start":{"line":875,"column":8},"end":{"line":875,"column":9}},{"start":{"line":875,"column":13},"end":{"line":875,"column":25}}]},"53":{"loc":{"start":{"line":884,"column":8},"end":{"line":884,"column":25}},"type":"binary-expr","locations":[{"start":{"line":884,"column":8},"end":{"line":884,"column":9}},{"start":{"line":884,"column":13},"end":{"line":884,"column":25}}]},"54":{"loc":{"start":{"line":925,"column":6},"end":{"line":927,"column":7}},"type":"if","locations":[{"start":{"line":925,"column":6},"end":{"line":927,"column":7}},{"start":{},"end":{}}]},"55":{"loc":{"start":{"line":928,"column":6},"end":{"line":930,"column":7}},"type":"if","locations":[{"start":{"line":928,"column":6},"end":{"line":930,"column":7}},{"start":{},"end":{}}]},"56":{"loc":{"start":{"line":931,"column":6},"end":{"line":934,"column":7}},"type":"if","locations":[{"start":{"line":931,"column":6},"end":{"line":934,"column":7}},{"start":{},"end":{}}]},"57":{"loc":{"start":{"line":935,"column":6},"end":{"line":938,"column":7}},"type":"if","locations":[{"start":{"line":935,"column":6},"end":{"line":938,"column":7}},{"start":{},"end":{}}]},"58":{"loc":{"start":{"line":960,"column":2},"end":{"line":983,"column":3}},"type":"if","locations":[{"start":{"line":960,"column":2},"end":{"line":983,"column":3}},{"start":{},"end":{}}]},"59":{"loc":{"start":{"line":960,"column":6},"end":{"line":960,"column":52}},"type":"binary-expr","locations":[{"start":{"line":960,"column":6},"end":{"line":960,"column":17}},{"start":{"line":960,"column":21},"end":{"line":960,"column":33}},{"start":{"line":960,"column":37},"end":{"line":960,"column":52}}]},"60":{"loc":{"start":{"line":970,"column":4},"end":{"line":976,"column":5}},"type":"if","locations":[{"start":{"line":970,"column":4},"end":{"line":976,"column":5}},{"start":{},"end":{}}]},"61":{"loc":{"start":{"line":972,"column":8},"end":{"line":974,"column":60}},"type":"cond-expr","locations":[{"start":{"line":973,"column":12},"end":{"line":973,"column":18}},{"start":{"line":974,"column":12},"end":{"line":974,"column":60}}]},"62":{"loc":{"start":{"line":977,"column":4},"end":{"line":981,"column":5}},"type":"if","locations":[{"start":{"line":977,"column":4},"end":{"line":981,"column":5}},{"start":{"line":979,"column":11},"end":{"line":981,"column":5}}]},"63":{"loc":{"start":{"line":979,"column":11},"end":{"line":981,"column":5}},"type":"if","locations":[{"start":{"line":979,"column":11},"end":{"line":981,"column":5}},{"start":{},"end":{}}]},"64":{"loc":{"start":{"line":988,"column":2},"end":{"line":988,"column":42}},"type":"if","locations":[{"start":{"line":988,"column":2},"end":{"line":988,"column":42}},{"start":{},"end":{}}]},"65":{"loc":{"start":{"line":988,"column":6},"end":{"line":988,"column":33}},"type":"binary-expr","locations":[{"start":{"line":988,"column":6},"end":{"line":988,"column":14}},{"start":{"line":988,"column":18},"end":{"line":988,"column":33}}]},"66":{"loc":{"start":{"line":989,"column":2},"end":{"line":1046,"column":3}},"type":"if","locations":[{"start":{"line":989,"column":2},"end":{"line":1046,"column":3}},{"start":{"line":1005,"column":9},"end":{"line":1046,"column":3}}]},"67":{"loc":{"start":{"line":995,"column":10},"end":{"line":995,"column":33}},"type":"binary-expr","locations":[{"start":{"line":995,"column":10},"end":{"line":995,"column":22}},{"start":{"line":995,"column":26},"end":{"line":995,"column":33}}]},"68":{"loc":{"start":{"line":996,"column":10},"end":{"line":996,"column":38}},"type":"binary-expr","locations":[{"start":{"line":996,"column":10},"end":{"line":996,"column":27}},{"start":{"line":996,"column":31},"end":{"line":996,"column":38}}]},"69":{"loc":{"start":{"line":997,"column":10},"end":{"line":997,"column":31}},"type":"binary-expr","locations":[{"start":{"line":997,"column":10},"end":{"line":997,"column":25}},{"start":{"line":997,"column":29},"end":{"line":997,"column":31}}]},"70":{"loc":{"start":{"line":998,"column":10},"end":{"line":998,"column":38}},"type":"binary-expr","locations":[{"start":{"line":998,"column":10},"end":{"line":998,"column":26}},{"start":{"line":998,"column":30},"end":{"line":998,"column":38}}]},"71":{"loc":{"start":{"line":1005,"column":9},"end":{"line":1046,"column":3}},"type":"if","locations":[{"start":{"line":1005,"column":9},"end":{"line":1046,"column":3}},{"start":{"line":1018,"column":9},"end":{"line":1046,"column":3}}]},"72":{"loc":{"start":{"line":1011,"column":10},"end":{"line":1011,"column":33}},"type":"binary-expr","locations":[{"start":{"line":1011,"column":10},"end":{"line":1011,"column":22}},{"start":{"line":1011,"column":26},"end":{"line":1011,"column":33}}]},"73":{"loc":{"start":{"line":1012,"column":10},"end":{"line":1012,"column":38}},"type":"binary-expr","locations":[{"start":{"line":1012,"column":10},"end":{"line":1012,"column":27}},{"start":{"line":1012,"column":31},"end":{"line":1012,"column":38}}]},"74":{"loc":{"start":{"line":1013,"column":10},"end":{"line":1013,"column":31}},"type":"binary-expr","locations":[{"start":{"line":1013,"column":10},"end":{"line":1013,"column":25}},{"start":{"line":1013,"column":29},"end":{"line":1013,"column":31}}]},"75":{"loc":{"start":{"line":1014,"column":10},"end":{"line":1014,"column":38}},"type":"binary-expr","locations":[{"start":{"line":1014,"column":10},"end":{"line":1014,"column":26}},{"start":{"line":1014,"column":30},"end":{"line":1014,"column":38}}]},"76":{"loc":{"start":{"line":1018,"column":9},"end":{"line":1046,"column":3}},"type":"if","locations":[{"start":{"line":1018,"column":9},"end":{"line":1046,"column":3}},{"start":{"line":1020,"column":9},"end":{"line":1046,"column":3}}]},"77":{"loc":{"start":{"line":1020,"column":9},"end":{"line":1046,"column":3}},"type":"if","locations":[{"start":{"line":1020,"column":9},"end":{"line":1046,"column":3}},{"start":{"line":1038,"column":9},"end":{"line":1046,"column":3}}]},"78":{"loc":{"start":{"line":1021,"column":4},"end":{"line":1037,"column":5}},"type":"if","locations":[{"start":{"line":1021,"column":4},"end":{"line":1037,"column":5}},{"start":{"line":1028,"column":11},"end":{"line":1037,"column":5}}]},"79":{"loc":{"start":{"line":1023,"column":8},"end":{"line":1023,"column":61}},"type":"cond-expr","locations":[{"start":{"line":1023,"column":46},"end":{"line":1023,"column":52}},{"start":{"line":1023,"column":55},"end":{"line":1023,"column":61}}]},"80":{"loc":{"start":{"line":1030,"column":15},"end":{"line":1030,"column":34}},"type":"binary-expr","locations":[{"start":{"line":1030,"column":15},"end":{"line":1030,"column":28}},{"start":{"line":1030,"column":32},"end":{"line":1030,"column":34}}]},"81":{"loc":{"start":{"line":1038,"column":9},"end":{"line":1046,"column":3}},"type":"if","locations":[{"start":{"line":1038,"column":9},"end":{"line":1046,"column":3}},{"start":{},"end":{}}]},"82":{"loc":{"start":{"line":1043,"column":4},"end":{"line":1045,"column":5}},"type":"if","locations":[{"start":{"line":1043,"column":4},"end":{"line":1045,"column":5}},{"start":{},"end":{}}]}},"s":{"0":0,"1":0,"2":0,"3":0,"4":0,"5":0,"6":0,"7":0,"8":0,"9":1,"10":1,"11":0,"12":0,"13":0,"14":0,"15":0,"16":0,"17":0,"18":0,"19":0,"20":0,"21":0,"22":0,"23":0,"24":0,"25":0,"26":0,"27":0,"28":0,"29":0,"30":0,"31":0,"32":0,"33":0,"34":0,"35":0,"36":0,"37":0,"38":0,"39":0,"40":0,"41":0,"42":0,"43":0,"44":0,"45":0,"46":0,"47":0,"48":0,"49":0,"50":0,"51":0,"52":0,"53":0,"54":0,"55":0,"56":0,"57":0,"58":0,"59":0,"60":0,"61":0,"62":0,"63":0,"64":0,"65":0,"66":0,"67":0,"68":0,"69":0,"70":0,"71":0,"72":0,"73":0,"74":0,"75":0,"76":0,"77":0,"78":0,"79":0,"80":0,"81":0,"82":0,"83":0,"84":0,"85":0,"86":0,"87":0,"88":0,"89":0,"90":0,"91":0,"92":0,"93":0,"94":0,"95":0,"96":0,"97":0,"98":0,"99":0,"100":0,"101":0,"102":0,"103":0,"104":0,"105":0,"106":0,"107":0,"108":0,"109":0,"110":0,"111":0,"112":0,"113":0,"114":0,"115":0,"116":0,"117":0,"118":0,"119":0,"120":0,"121":0,"122":0,"123":0,"124":0,"125":0,"126":0,"127":0,"128":0,"129":0,"130":0,"131":0,"132":0,"133":0,"134":0,"135":0,"136":0,"137":0,"138":0,"139":0,"140":0,"141":0,"142":0,"143":0,"144":0,"145":0,"146":0,"147":0,"148":0,"149":0,"150":0,"151":0,"152":0,"153":0,"154":0,"155":0,"156":0,"157":0,"158":0,"159":0,"160":0,"161":0,"162":0,"163":0,"164":0,"165":0,"166":0,"167":0,"168":0,"169":0,"170":0,"171":0,"172":0,"173":0,"174":0,"175":0,"176":0,"177":0,"178":0,"179":0,"180":0,"181":0,"182":0,"183":0,"184":0,"185":0,"186":0,"187":0,"188":0,"189":0,"190":0,"191":0,"192":0,"193":0,"194":0,"195":0,"196":0,"197":0,"198":0,"199":0,"200":0,"201":0,"202":0,"203":0,"204":0,"205":0,"206":0,"207":0,"208":0,"209":0,"210":0,"211":0,"212":0,"213":0,"214":0,"215":0,"216":0,"217":0,"218":0,"219":0,"220":0,"221":0,"222":0,"223":0,"224":0,"225":0,"226":0,"227":0,"228":0,"229":0,"230":0,"231":0,"232":0,"233":0,"234":0,"235":0,"236":0,"237":0,"238":0,"239":0,"240":0,"241":0,"242":0,"243":0,"244":0,"245":0,"246":0,"247":0,"248":0,"249":0,"250":0,"251":0,"252":0,"253":0,"254":0,"255":0,"256":0,"257":0,"258":0,"259":0,"260":0,"261":0,"262":0,"263":0,"264":0,"265":0,"266":0,"267":0,"268":0,"269":0,"270":0,"271":0,"272":0,"273":0,"274":0,"275":0,"276":0,"277":0,"278":0,"279":0,"280":0,"281":0,"282":0,"283":0,"284":0,"285":0,"286":0,"287":0,"288":0,"289":0,"290":0,"291":0,"292":0,"293":0,"294":0,"295":0,"296":0,"297":0,"298":0,"299":0,"300":0,"301":0,"302":0,"303":0,"304":0,"305":0,"306":0,"307":0,"308":0,"309":0,"310":0,"311":0,"312":0,"313":0,"314":0,"315":0,"316":1,"317":27,"318":3,"319":24,"320":0,"321":0,"322":24,"323":0,"324":0,"325":24,"326":0,"327":24,"328":2,"329":0,"330":0,"331":2,"332":4,"333":2,"334":2,"335":22,"336":1,"337":1,"338":0},"f":{"0":0,"1":0,"2":0,"3":0,"4":0,"5":0,"6":0,"7":0,"8":0,"9":0,"10":0,"11":0,"12":0,"13":0,"14":0,"15":0,"16":0,"17":0,"18":0,"19":0,"20":0,"21":0,"22":0,"23":0,"24":0,"25":0,"26":27,"27":0,"28":0,"29":4},"b":{"0":[0,0],"1":[0,0,0,0,0],"2":[0,0],"3":[0,0],"4":[0,0],"5":[0,0],"6":[0,0],"7":[0,0],"8":[0,0],"9":[0,0],"10":[0,0],"11":[0,0],"12":[0,0],"13":[0,0],"14":[0,0],"15":[0,0],"16":[0,0],"17":[0,0],"18":[0,0],"19":[0,0],"20":[0,0],"21":[0,0],"22":[0,0],"23":[0,0],"24":[0,0],"25":[0,0],"26":[0,0],"27":[0,0],"28":[0,0],"29":[0,0],"30":[0,0],"31":[0,0],"32":[0,0],"33":[0,0],"34":[0,0],"35":[0,0],"36":[0,0],"37":[0,0],"38":[0,0],"39":[0,0],"40":[0,0],"41":[0,0],"42":[0,0],"43":[0,0],"44":[0,0],"45":[0,0],"46":[0,0,0],"47":[0,0],"48":[0,0,0],"49":[0,0],"50":[0,0],"51":[0,0],"52":[0,0],"53":[0,0],"54":[0,0],"55":[0,0],"56":[0,0],"57":[0,0],"58":[0,0],"59":[0,0,0],"60":[0,0],"61":[0,0],"62":[0,0],"63":[0,0],"64":[3,24],"65":[27,25],"66":[0,24],"67":[0,0],"68":[0,0],"69":[0,0],"70":[0,0],"71":[0,24],"72":[0,0],"73":[0,0],"74":[0,0],"75":[0,0],"76":[0,24],"77":[2,22],"78":[0,2],"79":[0,0],"80":[4,0],"81":[1,21],"82":[0,1]}}
[...]
,"column":25},"end":{"line":986,"column":27}}]},"66":{"loc":{"start":{"line":987,"column":9},"end":{"line":987,"column":23}},"type":"binary-expr","locations":[{"start":{"line":987,"column":9},"end":{"line":987,"column":17}},{"start":{"line":987,"column":21},"end":{"line":987,"column":23}}]},"67":{"loc":{"start":{"line":989,"column":27},"end":{"line":989,"column":73}},"type":"binary-expr","locations":[{"start":{"line":989,"column":27},"end":{"line":989,"column":41}},{"start":{"line":989,"column":45},"end":{"line":989,"column":73}}]},"68":{"loc":{"start":{"line":991,"column":13},"end":{"line":991,"column":42}},"type":"binary-expr","locations":[{"start":{"line":991,"column":13},"end":{"line":991,"column":26}},{"start":{"line":991,"column":30},"end":{"line":991,"column":42}}]},"69":{"loc":{"start":{"line":1007,"column":6},"end":{"line":1007,"column":30}},"type":"binary-expr","locations":[{"start":{"line":1007,"column":6},"end":{"line":1007,"column":16}},{"start":{"line":1007,"column":20},"end":{"line":1007,"column":30}}]},"70":{"loc":{"start":{"line":1012,"column":6},"end":{"line":1012,"column":34}},"type":"binary-expr","locations":[{"start":{"line":1012,"column":6},"end":{"line":1012,"column":29}},{"start":{"line":1012,"column":33},"end":{"line":1012,"column":34}}]},"71":{"loc":{"start":{"line":1068,"column":29},"end":{"line":1068,"column":53}},"type":"binary-expr","locations":[{"start":{"line":1068,"column":29},"end":{"line":1068,"column":39}},{"start":{"line":1068,"column":43},"end":{"line":1068,"column":53}}]},"72":{"loc":{"start":{"line":1073,"column":29},"end":{"line":1073,"column":57}},"type":"binary-expr","locations":[{"start":{"line":1073,"column":29},"end":{"line":1073,"column":52}},{"start":{"line":1073,"column":56},"end":{"line":1073,"column":57}}]},"73":{"loc":{"start":{"line":1094,"column":4},"end":{"line":1096,"column":5}},"type":"if","locations":[{"start":{"line":1094,"column":4},"end":{"line":1096,"column":5}},{"start":{},"end":{}}]},"74":{"loc":{"start":{"line":1100,"column":4},"end":{"line":1117,"column":5}},"type":"if","locations":[{"start":{"line":1100,"column":4},"end":{"line":1117,"column":5}},{"start":{},"end":{}}]},"75":{"loc":{"start":{"line":1141,"column":4},"end":{"line":1150,"column":5}},"type":"if","locations":[{"start":{"line":1141,"column":4},"end":{"line":1150,"column":5}},{"start":{"line":1148,"column":11},"end":{"line":1150,"column":5}}]},"76":{"loc":{"start":{"line":1179,"column":4},"end":{"line":1181,"column":5}},"type":"if","locations":[{"start":{"line":1179,"column":4},"end":{"line":1181,"column":5}},{"start":{},"end":{}}]},"77":{"loc":{"start":{"line":1187,"column":4},"end":{"line":1199,"column":5}},"type":"if","locations":[{"start":{"line":1187,"column":4},"end":{"line":1199,"column":5}},{"start":{"line":1191,"column":11},"end":{"line":1199,"column":5}}]},"78":{"loc":{"start":{"line":1191,"column":11},"end":{"line":1199,"column":5}},"type":"if","locations":[{"start":{"line":1191,"column":11},"end":{"line":1199,"column":5}},{"start":{"line":1195,"column":11},"end":{"line":1199,"column":5}}]},"79":{"loc":{"start":{"line":1195,"column":11},"end":{"line":1199,"column":5}},"type":"if","locations":[{"start":{"line":1195,"column":11},"end":{"line":1199,"column":5}},{"start":{},"end":{}}]},"80":{"loc":{"start":{"line":1195,"column":15},"end":{"line":1195,"column":49}},"type":"binary-expr","locations":[{"start":{"line":1195,"column":15},"end":{"line":1195,"column":33}},{"start":{"line":1195,"column":37},"end":{"line":1195,"column":49}}]},"81":{"loc":{"start":{"line":1201,"column":4},"end":{"line":1204,"column":5}},"type":"if","locations":[{"start":{"line":1201,"column":4},"end":{"line":1204,"column":5}},{"start":{},"end":{}}]},"82":{"loc":{"start":{"line":1213,"column":4},"end":{"line":1217,"column":5}},"type":"if","locations":[{"start":{"line":1213,"column":4},"end":{"line":1217,"column":5}},{"start":{},"end":{}}]},"83":{"loc":{"start":{"line":1282,"column":4},"end":{"line":1289,"column":5}},"type":"if","locations":[{"start":{"line":1282,"column":4},"end":{"line":1289,"column":5}},{"start":{},"end":{}}]},"84":{"loc":{"start":{"line":1293,"column":35},"end":{"line":1293,"column":75}},"type":"cond-expr","locations":[{"start":{"line":1293,"column":58},"end":{"line":1293,"column":64}},{"start":{"line":1293,"column":67},"end":{"line":1293,"column":75}}]},"85":{"loc":{"start":{"line":1294,"column":34},"end":{"line":1294,"column":78}},"type":"cond-expr","locations":[{"start":{"line":1294,"column":59},"end":{"line":1294,"column":67}},{"start":{"line":1294,"column":70},"end":{"line":1294,"column":78}}]},"86":{"loc":{"start":{"line":1309,"column":6},"end":{"line":1313,"column":7}},"type":"if","locations":[{"start":{"line":1309,"column":6},"end":{"line":1313,"column":7}},{"start":{"line":1311,"column":13},"end":{"line":1313,"column":7}}]},"87":{"loc":{"start":{"line":1314,"column":6},"end":{"line":1318,"column":7}},"type":"if","locations":[{"start":{"line":1314,"column":6},"end":{"line":1318,"column":7}},{"start":{"line":1316,"column":13},"end":{"line":1318,"column":7}}]},"88":{"loc":{"start":{"line":1319,"column":6},"end":{"line":1323,"column":7}},"type":"if","locations":[{"start":{"line":1319,"column":6},"end":{"line":1323,"column":7}},{"start":{"line":1321,"column":13},"end":{"line":1323,"column":7}}]},"89":{"loc":{"start":{"line":1324,"column":6},"end":{"line":1328,"column":7}},"type":"if","locations":[{"start":{"line":1324,"column":6},"end":{"line":1328,"column":7}},{"start":{"line":1326,"column":13},"end":{"line":1328,"column":7}}]}},"s":{"0":7,"1":2,"2":5,"3":5,"4":2,"5":1,"6":1,"7":1,"8":0,"9":6,"10":6,"11":4,"12":2,"13":2,"14":1,"15":1,"16":2,"17":6,"18":6,"19":5,"20":2,"21":3,"22":2,"23":1,"24":1,"25":5,"26":5,"27":4,"28":2,"29":2,"30":1,"31":1,"32":1,"33":26,"34":26,"35":1,"36":25,"37":6,"38":8,"39":5,"40":6,"41":0,"42":1,"43":135,"44":135,"45":1,"46":74,"47":74,"48":74,"49":74,"50":74,"51":74,"52":74,"53":74,"54":0,"55":0,"56":0,"57":0,"58":0,"59":0,"60":0,"61":0,"62":74,"63":74,"64":74,"65":74,"66":74,"67":74,"68":74,"69":74,"70":74,"71":74,"72":74,"73":74,"74":74,"75":74,"76":74,"77":74,"78":74,"79":74,"80":74,"81":74,"82":74,"83":74,"84":74,"85":74,"86":74,"87":74,"88":74,"89":74,"90":74,"91":74,"92":74,"93":0,"94":0,"95":0,"96":0,"97":0,"98":0,"99":0,"100":0,"101":0,"102":0,"103":74,"104":74,"105":0,"106":0,"107":0,"108":0,"109":74,"110":0,"111":0,"112":0,"113":0,"114":0,"115":0,"116":0,"117":0,"118":0,"119":0,"120":0,"121":0,"122":0,"123":0,"124":0,"125":0,"126":74,"127":74,"128":0,"129":0,"130":0,"131":0,"132":0,"133":0,"134":0,"135":0,"136":0,"137":0,"138":0,"139":0,"140":0,"141":0,"142":0,"143":0,"144":0,"145":0,"146":0,"147":0,"148":74,"149":0,"150":74,"151":74,"152":74,"153":74,"154":0,"155":0,"156":0,"157":0,"158":0,"159":0,"160":0,"161":0,"162":0,"163":0,"164":0,"165":0,"166":0,"167":0,"168":0,"169":0,"170":0,"171":0,"172":0,"173":0,"174":74,"175":74,"176":17,"177":17,"178":17,"179":17,"180":17,"181":17,"182":17,"183":17,"184":17,"185":17,"186":0,"187":0,"188":0,"189":17,"190":17,"191":17,"192":17,"193":1,"194":1,"195":74,"196":60,"197":11,"198":11,"199":49,"200":49,"201":84,"202":84,"203":84,"204":84,"205":84,"206":84,"207":49,"208":74,"209":60,"210":60,"211":74,"212":80,"213":78,"214":74,"215":79,"216":79,"217":6,"218":79,"219":79,"220":6,"221":6,"222":6,"223":6,"224":6,"225":6,"226":79,"227":79,"228":79,"229":79,"230":79,"231":79,"232":79,"233":79,"234":6,"235":6,"236":6,"237":79,"238":75,"239":75,"240":75,"241":4,"242":0,"243":0,"244":0,"245":4,"246":4,"247":6,"248":6,"249":6,"250":6,"251":4,"252":4,"253":4,"254":4,"255":4,"256":4,"257":0,"258":0,"259":4,"260":4,"261":0,"262":0,"263":0,"264":0,"265":0,"266":0,"267":0,"268":0,"269":0,"270":0,"271":0,"272":0,"273":0,"274":0,"275":0,"276":0,"277":0,"278":0,"279":0,"280":0,"281":0,"282":0,"283":0,"284":0,"285":0,"286":0,"287":0,"288":0,"289":0,"290":0,"291":0,"292":0,"293":0,"294":0,"295":0,"296":0,"297":0,"298":0,"299":0,"300":0,"301":0,"302":0,"303":0,"304":0,"305":0,"306":0,"307":0,"308":0,"309":0,"310":0,"311":0,"312":0,"313":0,"314":0,"315":0,"316":0,"317":0,"318":0,"319":0,"320":0,"321":0,"322":0,"323":0,"324":0,"325":0,"326":0,"327":0,"328":0,"329":0,"330":0,"331":0,"332":0,"333":0,"334":0,"335":0,"336":0,"337":0,"338":0,"339":74,"340":74,"341":74,"342":74,"343":0,"344":0,"345":0,"346":2,"347":1,"348":1,"349":1,"350":1,"351":1,"352":1,"353":0,"354":0,"355":74,"356":2,"357":2,"358":2,"359":2,"360":2,"361":0,"362":0,"363":74,"364":2,"365":1,"366":1,"367":74,"368":74,"369":74,"370":74,"371":74,"372":0,"373":0,"374":0,"375":0,"376":0,"377":0,"378":0,"379":0,"380":0,"381":0,"382":0,"383":0,"384":0,"385":0,"386":0,"387":0,"388":0,"389":0,"390":0,"391":0,"392":0,"393":0,"394":0,"395":0,"396":0,"397":0,"398":0,"399":0,"400":0,"401":0,"402":0,"403":0,"404":0,"405":0,"406":74,"407":0,"408":74,"409":0,"410":74,"411":0,"412":74,"413":0,"414":0,"415":0,"416":74,"417":0,"418":74,"419":0,"420":74,"421":0,"422":0,"423":0,"424":0,"425":0,"426":0,"427":0,"428":0,"429":0,"430":0,"431":0,"432":0,"433":0,"434":0,"435":0,"436":0,"437":74,"438":444,"439":444,"440":444,"441":444,"442":74,"443":0,"444":0,"445":0,"446":0,"447":0,"448":0,"449":0,"450":0,"451":0,"452":0,"453":0,"454":0,"455":0,"456":74,"457":74,"458":74,"459":74,"460":74,"461":74,"462":1,"463":1,"464":1,"465":1,"466":1,"467":1,"468":1,"469":1,"470":1,"471":0,"472":0,"473":74,"474":74,"475":74,"476":74,"477":74,"478":74,"479":1},"f":{"0":7,"1":6,"2":6,"3":5,"4":26,"5":135,"6":74,"7":74,"8":74,"9":0,"10":0,"11":0,"12":0,"13":0,"14":74,"15":0,"16":0,"17":0,"18":0,"19":0,"20":0,"21":0,"22":0,"23":0,"24":0,"25":0,"26":0,"27":17,"28":17,"29":1,"30":74,"31":60,"32":84,"33":60,"34":80,"35":78,"36":79,"37":6,"38":6,"39":79,"40":79,"41":6,"42":6,"43":4,"44":0,"45":4,"46":0,"47":0,"48":0,"49":0,"50":0,"51":0,"52":0,"53":0,"54":0,"55":0,"56":0,"57":0,"58":0,"59":0,"60":0,"61":0,"62":2,"63":1,"64":0,"65":2,"66":2,"67":0,"68":2,"69":0,"70":0,"71":0,"72":0,"73":0,"74":0,"75":0,"76":0,"77":0,"78":0,"79":0,"80":0,"81":1,"82":1,"83":0},"b":{"0":[2,5],"1":[7,6],"2":[2,1,1,1],"3":[2,2],"4":[1,1],"5":[2,3],"6":[2,1],"7":[3,2],"8":[2,2],"9":[1,1],"10":[1,25],"11":[6,8,5,6,0],"12":[8,7],"13":[5,4],"14":[6,5],"15":[74,74],"16":[74,0],"17":[0,74],"18":[0,0],"19":[0,0],"20":[0,0],"21":[0,0],"22":[0,0],"23":[0,0],"24":[0,0],"25":[0,0],"26":[0,0],"27":[0,0],"28":[0,0],"29":[0,0],"30":[0,0],"31":[0,0],"32":[0,0],"33":[0,0],"34":[0,17],"35":[11,49],"36":[60,60],"37":[70,14],"38":[84,0],"39":[84,0],"40":[84,0],"41":[60,0],"42":[78,0],"43":[79,0],"44":[6,0],"45":[79,4],"46":[6,0,0],"47":[6,3],"48":[0,0],"49":[0,0],"50":[6,0],"51":[6,6],"52":[75,4],"53":[0,4],"54":[6,0],"55":[6,3],"56":[6,3],"57":[0,0],"58":[0,0],"59":[0,0],"60":[0,0],"61":[0,0],"62":[0,0,0,0],"63":[0,0,0],"64":[0,0],"65":[0,0],"66":[0,0],"67":[0,0],"68":[0,0],"69":[0,0],"70":[0,0],"71":[0,0],"72":[0,0],"73":[0,0],"74":[1,1],"75":[1,1],"76":[0,0],"77":[0,0],"78":[0,0],"79":[0,0],"80":[0,0],"81":[0,0],"82":[0,0],"83":[0,0],"84":[0,0],"85":[0,0],"86":[0,0],"87":[0,0],"88":[0,0],"89":[0,0]}}
,"/Users/lasse/Sites/gemini-cli/ai-summary-extension/utils.ts": {"path":"/Users/lasse/Sites/gemini-cli/ai-summary-extension/utils.ts","statementMap":{"0":{"start":{"line":126,"column":0},"end":{"line":126,"column":16}},"1":{"start":{"line":205,"column":0},"end":{"line":205,"column":7}},"2":{"start":{"line":319,"column":0},"end":{"line":319,"column":16}},"3":{"start":{"line":127,"column":46},"end":{"line":200,"column":4}},"4":{"start":{"line":201,"column":2},"end":{"line":201,"column":23}},"5":{"start":{"line":209,"column":2},"end":{"line":211,"column":3}},"6":{"start":{"line":210,"column":4},"end":{"line":210,"column":58}},"7":{"start":{"line":213,"column":2},"end":{"line":227,"column":3}},"8":{"start":{"line":214,"column":4},"end":{"line":223,"column":5}},"9":{"start":{"line":216,"column":8},"end":{"line":216,"column":50}},"10":{"start":{"line":218,"column":8},"end":{"line":218,"column":50}},"11":{"start":{"line":220,"column":8},"end":{"line":220,"column":53}},"12":{"start":{"line":222,"column":8},"end":{"line":222,"column":59}},"13":{"start":{"line":225,"column":4},"end":{"line":225,"column":54}},"14":{"start":{"line":226,"column":4},"end":{"line":226,"column":70}},"15":{"start":{"line":233,"column":2},"end":{"line":254,"column":3}},"16":{"start":{"line":234,"column":21},"end":{"line":240,"column":6}},"17":{"start":{"line":242,"column":4},"end":{"line":251,"column":5}},"18":{"start":{"line":243,"column":6},"end":{"line":243,"column":29}},"19":{"start":{"line":244,"column":11},"end":{"line":251,"column":5}},"20":{"start":{"line":245,"column":6},"end":{"line":245,"column":56}},"21":{"start":{"line":247,"column":6},"end":{"line":250,"column":8}},"22":{"start":{"line":253,"column":4},"end":{"line":253,"column":70}},"23":{"start":{"line":260,"column":2},"end":{"line":283,"column":3}},"24":{"start":{"line":261,"column":21},"end":{"line":268,"column":null}},"25":{"start":{"line":271,"column":4},"end":{"line":280,"column":5}},"26":{"start":{"line":272,"column":6},"end":{"line":272,"column":29}},"27":{"start":{"line":273,"column":11},"end":{"line":280,"column":5}},"28":{"start":{"line":274,"column":6},"end":{"line":274,"column":56}},"29":{"start":{"line":276,"column":6},"end":{"line":279,"column":8}},"30":{"start":{"line":282,"column":4},"end":{"line":282,"column":70}},"31":{"start":{"line":289,"column":2},"end":{"line":316,"column":3}},"32":{"start":{"line":290,"column":21},"end":{"line":302,"column":6}},"33":{"start":{"line":304,"column":4},"end":{"line":313,"column":5}},"34":{"start":{"line":305,"column":6},"end":{"line":305,"column":29}},"35":{"start":{"line":306,"column":11},"end":{"line":313,"column":5}},"36":{"start":{"line":307,"column":6},"end":{"line":307,"column":56}},"37":{"start":{"line":309,"column":6},"end":{"line":312,"column":8}},"38":{"start":{"line":315,"column":4},"end":{"line":315,"column":70}},"39":{"start":{"line":327,"column":17},"end":{"line":327,"column":38}},"40":{"start":{"line":328,"column":2},"end":{"line":328,"column":28}},"41":{"start":{"line":328,"column":15},"end":{"line":328,"column":28}},"42":{"start":{"line":330,"column":2},"end":{"line":343,"column":3}},"43":{"start":{"line":332,"column":6},"end":{"line":332,"column":18}},"44":{"start":{"line":334,"column":6},"end":{"line":334,"column":76}},"45":{"start":{"line":336,"column":6},"end":{"line":336,"column":76}},"46":{"start":{"line":338,"column":6},"end":{"line":340,"column":8}},"47":{"start":{"line":342,"column":6},"end":{"line":342,"column":19}}},"fnMap":{"0":{"name":"getModelConfig","decl":{"start":{"line":126,"column":16},"end":{"line":126,"column":30}},"loc":{"start":{"line":126,"column":44},"end":{"line":202,"column":1}}},"1":{"name":"validateApiKey","decl":{"start":{"line":205,"column":22},"end":{"line":205,"column":36}},"loc":{"start":{"line":207,"column":16},"end":{"line":228,"column":1}}},"2":{"name":"validateOpenAIApiKey","decl":{"start":{"line":230,"column":15},"end":{"line":230,"column":35}},"loc":{"start":{"line":231,"column":16},"end":{"line":255,"column":1}}},"3":{"name":"validateGeminiApiKey","decl":{"start":{"line":257,"column":15},"end":{"line":257,"column":35}},"loc":{"start":{"line":258,"column":16},"end":{"line":284,"column":1}}},"4":{"name":"validateAnthropicApiKey","decl":{"start":{"line":286,"column":15},"end":{"line":286,"column":38}},"loc":{"start":{"line":287,"column":16},"end":{"line":317,"column":1}}},"5":{"name":"isModelAvailable","decl":{"start":{"line":319,"column":16},"end":{"line":319,"column":32}},"loc":{"start":{"line":325,"column":3},"end":{"line":344,"column":1}}}},"branchMap":{"0":{"loc":{"start":{"line":209,"column":2},"end":{"line":211,"column":3}},"type":"if","locations":[{"start":{"line":209,"column":2},"end":{"line":211,"column":3}},{"start":{},"end":{}}]},"1":{"loc":{"start":{"line":209,"column":6},"end":{"line":209,"column":37}},"type":"binary-expr","locations":[{"start":{"line":209,"column":6},"end":{"line":209,"column":13}},{"start":{"line":209,"column":17},"end":{"line":209,"column":37}}]},"2":{"loc":{"start":{"line":214,"column":4},"end":{"line":223,"column":5}},"type":"switch","locations":[{"start":{"line":215,"column":6},"end":{"line":216,"column":50}},{"start":{"line":217,"column":6},"end":{"line":218,"column":50}},{"start":{"line":219,"column":6},"end":{"line":220,"column":53}},{"start":{"line":221,"column":6},"end":{"line":222,"column":59}}]},"3":{"loc":{"start":{"line":242,"column":4},"end":{"line":251,"column":5}},"type":"if","locations":[{"start":{"line":242,"column":4},"end":{"line":251,"column":5}},{"start":{"line":244,"column":11},"end":{"line":251,"column":5}}]},"4":{"loc":{"start":{"line":244,"column":11},"end":{"line":251,"column":5}},"type":"if","locations":[{"start":{"line":244,"column":11},"end":{"line":251,"column":5}},{"start":{"line":246,"column":11},"end":{"line":251,"column":5}}]},"5":{"loc":{"start":{"line":271,"column":4},"end":{"line":280,"column":5}},"type":"if","locations":[{"start":{"line":271,"column":4},"end":{"line":280,"column":5}},{"start":{"line":273,"column":11},"end":{"line":280,"column":5}}]},"6":{"loc":{"start":{"line":273,"column":11},"end":{"line":280,"column":5}},"type":"if","locations":[{"start":{"line":273,"column":11},"end":{"line":280,"column":5}},{"start":{"line":275,"column":11},"end":{"line":280,"column":5}}]},"7":{"loc":{"start":{"line":273,"column":15},"end":{"line":273,"column":65}},"type":"binary-expr","locations":[{"start":{"line":273,"column":15},"end":{"line":273,"column":38}},{"start":{"line":273,"column":42},"end":{"line":273,"column":65}}]},"8":{"loc":{"start":{"line":304,"column":4},"end":{"line":313,"column":5}},"type":"if","locations":[{"start":{"line":304,"column":4},"end":{"line":313,"column":5}},{"start":{"line":306,"column":11},"end":{"line":313,"column":5}}]},"9":{"loc":{"start":{"line":306,"column":11},"end":{"line":313,"column":5}},"type":"if","locations":[{"start":{"line":306,"column":11},"end":{"line":313,"column":5}},{"start":{"line":308,"column":11},"end":{"line":313,"column":5}}]},"10":{"loc":{"start":{"line":328,"column":2},"end":{"line":328,"column":28}},"type":"if","locations":[{"start":{"line":328,"column":2},"end":{"line":328,"column":28}},{"start":{},"end":{}}]},"11":{"loc":{"start":{"line":330,"column":2},"end":{"line":343,"column":3}},"type":"switch","locations":[{"start":{"line":331,"column":4},"end":{"line":332,"column":18}},{"start":{"line":333,"column":4},"end":{"line":334,"column":76}},{"start":{"line":335,"column":4},"end":{"line":336,"column":76}},{"start":{"line":337,"column":4},"end":{"line":340,"column":8}},{"start":{"line":341,"column":4},"end":{"line":342,"column":19}}]},"12":{"loc":{"start":{"line":334,"column":16},"end":{"line":334,"column":74}},"type":"binary-expr","locations":[{"start":{"line":334,"column":16},"end":{"line":334,"column":36}},{"start":{"line":334,"column":40},"end":{"line":334,"column":74}}]},"13":{"loc":{"start":{"line":336,"column":16},"end":{"line":336,"column":74}},"type":"binary-expr","locations":[{"start":{"line":336,"column":16},"end":{"line":336,"column":36}},{"start":{"line":336,"column":40},"end":{"line":336,"column":74}}]},"14":{"loc":{"start":{"line":339,"column":8},"end":{"line":339,"column":72}},"type":"binary-expr","locations":[{"start":{"line":339,"column":8},"end":{"line":339,"column":31}},{"start":{"line":339,"column":35},"end":{"line":339,"column":72}}]}},"s":{"0":3,"1":3,"2":3,"3":222,"4":222,"5":0,"6":0,"7":0,"8":0,"9":0,"10":0,"11":0,"12":0,"13":0,"14":0,"15":0,"16":0,"17":0,"18":0,"19":0,"20":0,"21":0,"22":0,"23":0,"24":0,"25":0,"26":0,"27":0,"28":0,"29":0,"30":0,"31":0,"32":0,"33":0,"34":0,"35":0,"36":0,"37":0,"38":0,"39":0,"40":0,"41":0,"42":0,"43":0,"44":0,"45":0,"46":0,"47":0},"f":{"0":222,"1":0,"2":0,"3":0,"4":0,"5":0},"b":{"0":[0,0],"1":[0,0],"2":[0,0,0,0],"3":[0,0],"4":[0,0],"5":[0,0],"6":[0,0],"7":[0,0],"8":[0,0],"9":[0,0],"10":[0,0],"11":[0,0,0,0,0],"12":[0,0],"13":[0,0],"14":[0,0]}}
}
