TN:
SF:background.ts
FN:62,(anonymous_0)
FN:67,summarizeWithAI
FN:228,tryModel
FN:264,getFallbackModels
FN:278,storeModelMetrics
FN:312,storeSummaryHistory
FN:351,tryChromeBuiltinAI
FN:371,tryOpenAI
FN:412,tryGeminiAPI
FN:466,tryAnthropicAPI
FN:513,(anonymous_10)
FN:525,(anonymous_11)
FN:533,(anonymous_12)
FN:546,(anonymous_13)
FN:572,(anonymous_14)
FN:579,(anonymous_15)
FN:589,(anonymous_16)
FNF:17
FNH:15
FNDA:3,(anonymous_0)
FNDA:27,summarizeWithAI
FNDA:58,tryModel
FNDA:11,getFallbackModels
FNDA:30,storeModelMetrics
FNDA:17,storeSummaryHistory
FNDA:26,tryChromeBuiltinAI
FNDA:17,tryOpenAI
FNDA:7,tryGeminiAPI
FNDA:7,tryAnthropicAPI
FNDA:34,(anonymous_10)
FNDA:72,(anonymous_11)
FNDA:15,(anonymous_12)
FNDA:0,(anonymous_13)
FNDA:0,(anonymous_14)
FNDA:1,(anonymous_15)
FNDA:2,(anonymous_16)
DA:1,2
DA:60,2
DA:62,2
DA:64,3
DA:67,2
DA:72,27
DA:79,27
DA:87,27
DA:88,27
DA:91,27
DA:92,27
DA:93,27
DA:96,27
DA:97,27
DA:105,27
DA:111,27
DA:118,27
DA:121,27
DA:122,27
DA:134,27
DA:135,6
DA:136,6
DA:138,6
DA:139,14
DA:140,14
DA:142,14
DA:143,14
DA:151,14
DA:157,14
DA:164,14
DA:165,3
DA:166,3
DA:167,3
DA:175,3
DA:178,11
DA:183,27
DA:184,27
DA:193,27
DA:194,27
DA:195,27
DA:198,27
DA:200,27
DA:201,27
DA:210,27
DA:211,23
DA:218,4
DA:228,2
DA:233,58
DA:234,58
DA:235,1
DA:238,57
DA:240,26
DA:242,17
DA:248,7
DA:254,7
DA:260,0
DA:264,2
DA:265,11
DA:266,11
DA:268,10
DA:275,10
DA:278,2
DA:282,30
DA:284,30
DA:285,29
DA:286,24
DA:295,29
DA:296,29
DA:297,29
DA:298,29
DA:299,29
DA:301,29
DA:302,29
DA:303,25
DA:306,29
DA:308,2
DA:312,2
DA:319,17
DA:321,17
DA:324,17
DA:326,16
DA:338,16
DA:341,16
DA:342,0
DA:345,16
DA:347,2
DA:352,26
DA:353,26
DA:354,25
DA:359,18
DA:360,18
DA:361,18
DA:363,1
DA:366,7
DA:367,7
DA:376,17
DA:377,17
DA:378,1
DA:381,16
DA:400,12
DA:401,2
DA:404,10
DA:405,7
DA:407,9
DA:408,9
DA:417,7
DA:418,7
DA:419,1
DA:422,6
DA:447,4
DA:448,0
DA:451,4
DA:452,2
DA:453,1
DA:458,1
DA:461,5
DA:462,5
DA:471,7
DA:472,7
DA:473,1
DA:476,6
DA:497,4
DA:498,0
DA:501,4
DA:502,2
DA:503,1
DA:505,1
DA:508,5
DA:509,5
DA:513,2
DA:517,34
DA:518,31
DA:519,15
DA:522,15
DA:525,15
DA:526,72
DA:532,15
DA:534,15
DA:535,15
DA:544,15
DA:547,0
DA:548,0
DA:549,0
DA:556,0
DA:564,16
DA:565,3
DA:566,3
DA:567,3
DA:569,13
DA:570,2
DA:571,11
DA:572,3
DA:573,0
DA:578,8
DA:579,3
DA:580,1
DA:589,2
DA:590,2
LF:158
LH:149
BRDA:69,0,0,13
BRDA:87,1,0,27
BRDA:87,1,1,22
BRDA:87,1,2,0
BRDA:91,2,0,0
BRDA:93,3,0,0
BRDA:93,3,1,27
BRDA:96,4,0,27
BRDA:96,4,1,0
BRDA:121,5,0,27
BRDA:121,5,1,0
BRDA:123,6,0,20
BRDA:123,6,1,7
BRDA:124,7,0,20
BRDA:124,7,1,7
BRDA:125,8,0,20
BRDA:125,8,1,7
BRDA:134,9,0,6
BRDA:134,9,1,21
BRDA:134,10,0,27
BRDA:134,10,1,7
BRDA:142,11,0,14
BRDA:142,11,1,0
BRDA:164,12,0,3
BRDA:164,12,1,11
BRDA:166,13,0,3
BRDA:166,13,1,0
BRDA:183,14,0,27
BRDA:183,14,1,0
BRDA:200,15,0,27
BRDA:200,15,1,0
BRDA:210,16,0,23
BRDA:210,16,1,4
BRDA:234,17,0,1
BRDA:234,17,1,57
BRDA:238,18,0,26
BRDA:238,18,1,17
BRDA:238,18,2,7
BRDA:238,18,3,7
BRDA:238,18,4,0
BRDA:266,19,0,1
BRDA:266,19,1,10
BRDA:275,20,0,10
BRDA:275,20,1,0
BRDA:283,21,0,0
BRDA:285,22,0,24
BRDA:285,22,1,5
BRDA:302,23,0,25
BRDA:302,23,1,4
BRDA:320,24,0,0
BRDA:341,25,0,0
BRDA:341,25,1,16
BRDA:353,26,0,25
BRDA:353,26,1,1
BRDA:374,27,0,0
BRDA:377,28,0,1
BRDA:377,28,1,16
BRDA:400,29,0,2
BRDA:400,29,1,10
BRDA:415,30,0,0
BRDA:418,31,0,1
BRDA:418,31,1,6
BRDA:447,32,0,0
BRDA:447,32,1,4
BRDA:452,33,0,1
BRDA:452,33,1,1
BRDA:452,34,0,2
BRDA:452,34,1,1
BRDA:452,34,2,1
BRDA:469,35,0,0
BRDA:472,36,0,1
BRDA:472,36,1,6
BRDA:497,37,0,0
BRDA:497,37,1,4
BRDA:502,38,0,1
BRDA:502,38,1,1
BRDA:502,39,0,2
BRDA:502,39,1,1
BRDA:502,39,2,1
BRDA:517,40,0,3
BRDA:517,40,1,31
BRDA:517,41,0,34
BRDA:517,41,1,32
BRDA:518,42,0,15
BRDA:518,42,1,16
BRDA:564,43,0,3
BRDA:564,43,1,13
BRDA:566,44,0,3
BRDA:566,44,1,0
BRDA:569,45,0,2
BRDA:569,45,1,11
BRDA:571,46,0,3
BRDA:571,46,1,8
BRDA:578,47,0,3
BRDA:578,47,1,5
BRDA:582,48,0,1
BRDA:582,48,1,0
BRF:97
BRH:76
end_of_record
TN:
SF:content.ts
FN:4,contentIsModelAvailable
FN:138,contentGetModelConfig
FN:216,getModelDisplayName
FN:221,createOrUpdateSummaryDiv
FN:277,(anonymous_4)
FN:299,(anonymous_5)
FN:339,(anonymous_6)
FN:403,(anonymous_7)
FN:421,(anonymous_8)
FN:437,(anonymous_9)
FN:547,(anonymous_10)
FN:691,(anonymous_11)
FN:698,(anonymous_12)
FN:716,(anonymous_13)
FN:723,(anonymous_14)
FN:754,(anonymous_15)
FN:844,adjustHeight
FN:867,makeDraggable
FN:874,dragMouseDown
FN:883,elementDrag
FN:894,closeDragElement
FN:900,makeResizable
FN:906,(anonymous_22)
FN:921,(anonymous_23)
FN:941,(anonymous_24)
FN:949,updateLoadingProgress
FN:987,(anonymous_26)
FN:992,(anonymous_27)
FN:1008,(anonymous_28)
FN:1030,(anonymous_29)
FNF:30
FNH:2
FNDA:0,contentIsModelAvailable
FNDA:0,contentGetModelConfig
FNDA:0,getModelDisplayName
FNDA:0,createOrUpdateSummaryDiv
FNDA:0,(anonymous_4)
FNDA:0,(anonymous_5)
FNDA:0,(anonymous_6)
FNDA:0,(anonymous_7)
FNDA:0,(anonymous_8)
FNDA:0,(anonymous_9)
FNDA:0,(anonymous_10)
FNDA:0,(anonymous_11)
FNDA:0,(anonymous_12)
FNDA:0,(anonymous_13)
FNDA:0,(anonymous_14)
FNDA:0,(anonymous_15)
FNDA:0,adjustHeight
FNDA:0,makeDraggable
FNDA:0,dragMouseDown
FNDA:0,elementDrag
FNDA:0,closeDragElement
FNDA:0,makeResizable
FNDA:0,(anonymous_22)
FNDA:0,(anonymous_23)
FNDA:0,(anonymous_24)
FNDA:0,updateLoadingProgress
FNDA:27,(anonymous_26)
FNDA:0,(anonymous_27)
FNDA:0,(anonymous_28)
FNDA:4,(anonymous_29)
DA:12,0
DA:13,0
DA:15,0
DA:17,0
DA:19,0
DA:21,0
DA:23,0
DA:27,0
DA:31,1
DA:63,1
DA:139,0
DA:213,0
DA:217,0
DA:218,0
DA:232,0
DA:234,0
DA:235,0
DA:236,0
DA:237,0
DA:254,0
DA:255,0
DA:265,0
DA:266,0
DA:268,0
DA:269,0
DA:277,0
DA:278,0
DA:279,0
DA:281,0
DA:286,0
DA:288,0
DA:289,0
DA:297,0
DA:298,0
DA:299,0
DA:300,0
DA:303,0
DA:304,0
DA:305,0
DA:308,0
DA:309,0
DA:310,0
DA:312,0
DA:313,0
DA:314,0
DA:317,0
DA:318,0
DA:319,0
DA:322,0
DA:324,0
DA:325,0
DA:332,0
DA:338,0
DA:339,0
DA:340,0
DA:341,0
DA:342,0
DA:343,0
DA:344,0
DA:345,0
DA:347,0
DA:353,0
DA:354,0
DA:355,0
DA:356,0
DA:357,0
DA:358,0
DA:361,0
DA:362,0
DA:363,0
DA:366,0
DA:369,0
DA:371,0
DA:372,0
DA:373,0
DA:375,0
DA:376,0
DA:381,0
DA:382,0
DA:383,0
DA:390,0
DA:392,0
DA:393,0
DA:395,0
DA:396,0
DA:397,0
DA:403,0
DA:404,0
DA:407,0
DA:408,0
DA:411,0
DA:413,0
DA:414,0
DA:415,0
DA:421,0
DA:422,0
DA:425,0
DA:426,0
DA:434,0
DA:436,0
DA:437,0
DA:438,0
DA:439,0
DA:441,0
DA:450,0
DA:451,0
DA:452,0
DA:457,0
DA:458,0
DA:460,0
DA:461,0
DA:462,0
DA:464,0
DA:465,0
DA:466,0
DA:468,0
DA:469,0
DA:470,0
DA:482,0
DA:483,0
DA:543,0
DA:546,0
DA:547,0
DA:548,0
DA:549,0
DA:550,0
DA:556,0
DA:557,0
DA:560,0
DA:563,0
DA:564,0
DA:565,0
DA:577,0
DA:578,0
DA:579,0
DA:588,0
DA:591,0
DA:592,0
DA:601,0
DA:602,0
DA:603,0
DA:610,0
DA:611,0
DA:614,0
DA:615,0
DA:616,0
DA:621,0
DA:622,0
DA:625,0
DA:626,0
DA:627,0
DA:632,0
DA:633,0
DA:635,0
DA:637,0
DA:639,0
DA:640,0
DA:641,0
DA:659,0
DA:660,0
DA:661,0
DA:673,0
DA:689,0
DA:692,0
DA:698,0
DA:699,0
DA:700,0
DA:701,0
DA:704,0
DA:705,0
DA:706,0
DA:707,0
DA:710,0
DA:716,0
DA:717,0
DA:718,0
DA:723,0
DA:724,0
DA:727,0
DA:733,0
DA:736,0
DA:737,0
DA:741,0
DA:742,0
DA:743,0
DA:745,0
DA:746,0
DA:748,0
DA:749,0
DA:753,0
DA:754,0
DA:756,0
DA:758,0
DA:759,0
DA:766,0
DA:767,0
DA:769,0
DA:770,0
DA:776,0
DA:777,0
DA:778,0
DA:787,0
DA:788,0
DA:789,0
DA:791,0
DA:793,0
DA:794,0
DA:800,0
DA:802,0
DA:805,0
DA:808,0
DA:812,0
DA:814,0
DA:815,0
DA:817,0
DA:818,0
DA:819,0
DA:822,0
DA:823,0
DA:824,0
DA:825,0
DA:826,0
DA:827,0
DA:830,0
DA:831,0
DA:832,0
DA:833,0
DA:834,0
DA:835,0
DA:837,0
DA:839,0
DA:840,0
DA:845,0
DA:848,0
DA:851,0
DA:852,0
DA:853,0
DA:854,0
DA:856,0
DA:857,0
DA:858,0
DA:863,0
DA:868,0
DA:869,0
DA:870,0
DA:871,0
DA:872,0
DA:875,0
DA:876,0
DA:877,0
DA:878,0
DA:879,0
DA:880,0
DA:884,0
DA:885,0
DA:886,0
DA:887,0
DA:888,0
DA:889,0
DA:890,0
DA:891,0
DA:895,0
DA:896,0
DA:906,0
DA:907,0
DA:908,0
DA:909,0
DA:910,0
DA:914,0
DA:918,0
DA:919,0
DA:921,0
DA:922,0
DA:923,0
DA:925,0
DA:926,0
DA:928,0
DA:929,0
DA:931,0
DA:932,0
DA:933,0
DA:935,0
DA:936,0
DA:937,0
DA:941,0
DA:942,0
DA:943,0
DA:950,0
DA:953,0
DA:956,0
DA:960,0
DA:962,0
DA:965,0
DA:968,0
DA:969,0
DA:970,0
DA:972,0
DA:975,0
DA:977,0
DA:978,0
DA:979,0
DA:980,0
DA:982,0
DA:987,1
DA:988,27
DA:989,24
DA:990,0
DA:993,0
DA:1005,24
DA:1006,0
DA:1009,0
DA:1018,24
DA:1019,0
DA:1020,24
DA:1021,2
DA:1022,0
DA:1024,0
DA:1029,2
DA:1030,4
DA:1032,2
DA:1033,2
DA:1038,22
DA:1040,1
DA:1043,1
DA:1044,0
LF:325
LH:16
BRDA:13,0,0,0
BRDA:13,0,1,0
BRDA:15,1,0,0
BRDA:15,1,1,0
BRDA:15,1,2,0
BRDA:15,1,3,0
BRDA:15,1,4,0
BRDA:19,2,0,0
BRDA:19,2,1,0
BRDA:21,3,0,0
BRDA:21,3,1,0
BRDA:24,4,0,0
BRDA:24,4,1,0
BRDA:218,5,0,0
BRDA:218,5,1,0
BRDA:232,6,0,0
BRDA:232,6,1,0
BRDA:234,7,0,0
BRDA:234,7,1,0
BRDA:278,8,0,0
BRDA:278,8,1,0
BRDA:303,9,0,0
BRDA:303,9,1,0
BRDA:308,10,0,0
BRDA:308,10,1,0
BRDA:309,11,0,0
BRDA:309,11,1,0
BRDA:317,12,0,0
BRDA:317,12,1,0
BRDA:318,13,0,0
BRDA:318,13,1,0
BRDA:340,14,0,0
BRDA:340,14,1,0
BRDA:361,15,0,0
BRDA:361,15,1,0
BRDA:366,16,0,0
BRDA:366,16,1,0
BRDA:407,17,0,0
BRDA:407,17,1,0
BRDA:408,18,0,0
BRDA:408,18,1,0
BRDA:425,19,0,0
BRDA:425,19,1,0
BRDA:425,20,0,0
BRDA:425,20,1,0
BRDA:429,21,0,0
BRDA:429,21,1,0
BRDA:476,22,0,0
BRDA:476,22,1,0
BRDA:477,23,0,0
BRDA:477,23,1,0
BRDA:571,24,0,0
BRDA:571,24,1,0
BRDA:572,25,0,0
BRDA:572,25,1,0
BRDA:693,26,0,0
BRDA:693,26,1,0
BRDA:694,27,0,0
BRDA:694,27,1,0
BRDA:695,28,0,0
BRDA:695,28,1,0
BRDA:704,29,0,0
BRDA:704,29,1,0
BRDA:717,30,0,0
BRDA:717,30,1,0
BRDA:741,31,0,0
BRDA:741,31,1,0
BRDA:745,32,0,0
BRDA:745,32,1,0
BRDA:748,33,0,0
BRDA:748,33,1,0
BRDA:754,34,0,0
BRDA:754,34,1,0
BRDA:758,35,0,0
BRDA:758,35,1,0
BRDA:766,36,0,0
BRDA:766,36,1,0
BRDA:769,37,0,0
BRDA:769,37,1,0
BRDA:812,38,0,0
BRDA:812,38,1,0
BRDA:814,39,0,0
BRDA:814,39,1,0
BRDA:815,40,0,0
BRDA:815,40,1,0
BRDA:818,41,0,0
BRDA:818,41,1,0
BRDA:819,42,0,0
BRDA:819,42,1,0
BRDA:822,43,0,0
BRDA:822,43,1,0
BRDA:823,44,0,0
BRDA:823,44,1,0
BRDA:831,45,0,0
BRDA:831,45,1,0
BRDA:831,46,0,0
BRDA:831,46,1,0
BRDA:831,46,2,0
BRDA:834,47,0,0
BRDA:834,47,1,0
BRDA:834,48,0,0
BRDA:834,48,1,0
BRDA:834,48,2,0
BRDA:839,49,0,0
BRDA:839,49,1,0
BRDA:856,50,0,0
BRDA:856,50,1,0
BRDA:856,51,0,0
BRDA:856,51,1,0
BRDA:875,52,0,0
BRDA:875,52,1,0
BRDA:884,53,0,0
BRDA:884,53,1,0
BRDA:925,54,0,0
BRDA:925,54,1,0
BRDA:928,55,0,0
BRDA:928,55,1,0
BRDA:931,56,0,0
BRDA:931,56,1,0
BRDA:935,57,0,0
BRDA:935,57,1,0
BRDA:960,58,0,0
BRDA:960,58,1,0
BRDA:960,59,0,0
BRDA:960,59,1,0
BRDA:960,59,2,0
BRDA:970,60,0,0
BRDA:970,60,1,0
BRDA:972,61,0,0
BRDA:972,61,1,0
BRDA:977,62,0,0
BRDA:977,62,1,0
BRDA:979,63,0,0
BRDA:979,63,1,0
BRDA:988,64,0,3
BRDA:988,64,1,24
BRDA:988,65,0,27
BRDA:988,65,1,25
BRDA:989,66,0,0
BRDA:989,66,1,24
BRDA:995,67,0,0
BRDA:995,67,1,0
BRDA:996,68,0,0
BRDA:996,68,1,0
BRDA:997,69,0,0
BRDA:997,69,1,0
BRDA:998,70,0,0
BRDA:998,70,1,0
BRDA:1005,71,0,0
BRDA:1005,71,1,24
BRDA:1011,72,0,0
BRDA:1011,72,1,0
BRDA:1012,73,0,0
BRDA:1012,73,1,0
BRDA:1013,74,0,0
BRDA:1013,74,1,0
BRDA:1014,75,0,0
BRDA:1014,75,1,0
BRDA:1018,76,0,0
BRDA:1018,76,1,24
BRDA:1020,77,0,2
BRDA:1020,77,1,22
BRDA:1021,78,0,0
BRDA:1021,78,1,2
BRDA:1023,79,0,0
BRDA:1023,79,1,0
BRDA:1030,80,0,4
BRDA:1030,80,1,0
BRDA:1038,81,0,1
BRDA:1038,81,1,21
BRDA:1043,82,0,0
BRDA:1043,82,1,1
BRF:172
BRH:14
end_of_record
TN:
SF:options.ts
FN:40,validateApiKey
FN:64,validateOpenAIApiKey
FN:91,validateGeminiApiKey
FN:120,validateAnthropicApiKey
FN:153,isModelAvailable
FN:255,optionsGetModelConfig
FN:333,(anonymous_6)
FN:341,initializeTheme
FN:347,updateThemeIcon
FN:354,toggleTheme
FN:364,(anonymous_10)
FN:454,switchPage
FN:455,(anonymous_12)
FN:456,(anonymous_13)
FN:465,(anonymous_14)
FN:466,(anonymous_15)
FN:474,(anonymous_16)
FN:479,enhancedSwitchPage
FN:480,(anonymous_18)
FN:485,(anonymous_19)
FN:493,(anonymous_20)
FN:505,(anonymous_21)
FN:524,addRippleEffect
FN:525,(anonymous_23)
FN:549,(anonymous_24)
FN:556,(anonymous_25)
FN:583,(anonymous_26)
FN:623,(anonymous_27)
FN:657,(anonymous_28)
FN:662,(anonymous_29)
FN:671,loadMetrics
FN:675,displayMetrics
FN:695,(anonymous_32)
FN:736,(anonymous_33)
FN:746,loadHistory
FN:747,(anonymous_35)
FN:763,displayHistory
FN:778,(anonymous_37)
FN:780,(anonymous_38)
FN:795,updateExportButtonState
FN:801,filterAndDisplayHistory
FN:805,(anonymous_41)
FN:831,(anonymous_42)
FN:865,(anonymous_43)
FN:866,(anonymous_44)
FN:872,(anonymous_45)
FN:873,(anonymous_46)
FN:882,exportHistory
FN:889,(anonymous_48)
FN:904,(anonymous_49)
FN:958,(anonymous_50)
FN:968,(anonymous_51)
FN:979,getFilteredHistory
FN:983,(anonymous_53)
FN:995,exportToCSV
FN:1005,(anonymous_55)
FN:1016,(anonymous_56)
FN:1016,(anonymous_57)
FN:1022,exportToJSON
FN:1026,exportToHTML
FN:1065,(anonymous_60)
FN:1092,(anonymous_61)
FN:1099,clearHistory
FN:1105,(anonymous_63)
FN:1112,(anonymous_64)
FN:1121,(anonymous_65)
FN:1125,(anonymous_66)
FN:1129,(anonymous_67)
FN:1136,(anonymous_68)
FN:1170,updateValidationIndicator
FN:1207,validateApiKeyInput
FN:1241,(anonymous_71)
FN:1244,(anonymous_72)
FN:1247,(anonymous_73)
FN:1254,debouncedValidate
FN:1259,(anonymous_75)
FN:1264,(anonymous_76)
FN:1267,(anonymous_77)
FN:1270,(anonymous_78)
FN:1275,updatePreview
FN:1308,(anonymous_80)
FN:1341,(anonymous_81)
FN:1355,(anonymous_82)
FN:1360,(anonymous_83)
FNF:84
FNH:35
FNDA:7,validateApiKey
FNDA:6,validateOpenAIApiKey
FNDA:6,validateGeminiApiKey
FNDA:5,validateAnthropicApiKey
FNDA:26,isModelAvailable
FNDA:135,optionsGetModelConfig
FNDA:74,(anonymous_6)
FNDA:74,initializeTheme
FNDA:74,updateThemeIcon
FNDA:0,toggleTheme
FNDA:0,(anonymous_10)
FNDA:0,switchPage
FNDA:0,(anonymous_12)
FNDA:0,(anonymous_13)
FNDA:74,(anonymous_14)
FNDA:0,(anonymous_15)
FNDA:0,(anonymous_16)
FNDA:0,enhancedSwitchPage
FNDA:0,(anonymous_18)
FNDA:0,(anonymous_19)
FNDA:0,(anonymous_20)
FNDA:0,(anonymous_21)
FNDA:0,addRippleEffect
FNDA:0,(anonymous_23)
FNDA:0,(anonymous_24)
FNDA:0,(anonymous_25)
FNDA:0,(anonymous_26)
FNDA:17,(anonymous_27)
FNDA:17,(anonymous_28)
FNDA:1,(anonymous_29)
FNDA:74,loadMetrics
FNDA:60,displayMetrics
FNDA:84,(anonymous_32)
FNDA:60,(anonymous_33)
FNDA:80,loadHistory
FNDA:78,(anonymous_35)
FNDA:79,displayHistory
FNDA:6,(anonymous_37)
FNDA:6,(anonymous_38)
FNDA:79,updateExportButtonState
FNDA:79,filterAndDisplayHistory
FNDA:6,(anonymous_41)
FNDA:6,(anonymous_42)
FNDA:4,(anonymous_43)
FNDA:0,(anonymous_44)
FNDA:4,(anonymous_45)
FNDA:0,(anonymous_46)
FNDA:0,exportHistory
FNDA:0,(anonymous_48)
FNDA:0,(anonymous_49)
FNDA:0,(anonymous_50)
FNDA:0,(anonymous_51)
FNDA:0,getFilteredHistory
FNDA:0,(anonymous_53)
FNDA:0,exportToCSV
FNDA:0,(anonymous_55)
FNDA:0,(anonymous_56)
FNDA:0,(anonymous_57)
FNDA:0,exportToJSON
FNDA:0,exportToHTML
FNDA:0,(anonymous_60)
FNDA:0,(anonymous_61)
FNDA:2,clearHistory
FNDA:1,(anonymous_63)
FNDA:0,(anonymous_64)
FNDA:2,(anonymous_65)
FNDA:2,(anonymous_66)
FNDA:0,(anonymous_67)
FNDA:2,(anonymous_68)
FNDA:0,updateValidationIndicator
FNDA:0,validateApiKeyInput
FNDA:0,(anonymous_71)
FNDA:0,(anonymous_72)
FNDA:0,(anonymous_73)
FNDA:0,debouncedValidate
FNDA:0,(anonymous_75)
FNDA:0,(anonymous_76)
FNDA:0,(anonymous_77)
FNDA:0,(anonymous_78)
FNDA:0,updatePreview
FNDA:0,(anonymous_80)
FNDA:1,(anonymous_81)
FNDA:1,(anonymous_82)
FNDA:0,(anonymous_83)
DA:44,7
DA:45,2
DA:48,5
DA:49,5
DA:51,2
DA:53,1
DA:55,1
DA:57,1
DA:60,0
DA:67,6
DA:68,6
DA:76,4
DA:77,2
DA:78,2
DA:79,1
DA:81,1
DA:87,2
DA:94,6
DA:95,6
DA:105,5
DA:106,2
DA:107,3
DA:108,2
DA:110,1
DA:116,1
DA:123,5
DA:124,5
DA:138,4
DA:139,2
DA:140,2
DA:141,1
DA:143,1
DA:149,1
DA:161,26
DA:162,26
DA:164,25
DA:166,6
DA:168,8
DA:170,5
DA:172,6
DA:176,0
DA:180,1
DA:256,135
DA:330,135
DA:333,1
DA:335,74
DA:338,74
DA:342,74
DA:343,74
DA:344,74
DA:348,74
DA:349,74
DA:350,74
DA:355,0
DA:356,0
DA:358,0
DA:359,0
DA:360,0
DA:363,0
DA:364,0
DA:365,0
DA:369,74
DA:370,74
DA:373,74
DA:374,74
DA:375,74
DA:376,74
DA:381,74
DA:384,74
DA:387,74
DA:390,74
DA:393,74
DA:396,74
DA:399,74
DA:402,74
DA:405,74
DA:408,74
DA:409,74
DA:412,74
DA:413,74
DA:416,74
DA:419,74
DA:420,74
DA:423,74
DA:426,74
DA:431,74
DA:434,74
DA:437,74
DA:440,74
DA:443,74
DA:446,74
DA:449,74
DA:455,0
DA:456,0
DA:458,0
DA:459,0
DA:461,0
DA:462,0
DA:465,74
DA:466,74
DA:467,0
DA:468,0
DA:469,0
DA:474,74
DA:475,0
DA:480,0
DA:481,0
DA:482,0
DA:483,0
DA:485,0
DA:487,0
DA:488,0
DA:490,0
DA:491,0
DA:493,0
DA:494,0
DA:495,0
DA:498,0
DA:502,74
DA:505,74
DA:506,0
DA:510,0
DA:511,0
DA:514,0
DA:515,0
DA:516,0
DA:517,0
DA:519,0
DA:525,0
DA:526,0
DA:527,0
DA:528,0
DA:529,0
DA:530,0
DA:532,0
DA:545,0
DA:546,0
DA:547,0
DA:549,0
DA:550,0
DA:556,74
DA:557,0
DA:561,74
DA:562,74
DA:570,74
DA:573,74
DA:584,0
DA:585,0
DA:588,0
DA:590,0
DA:591,0
DA:592,0
DA:594,0
DA:595,0
DA:597,0
DA:598,0
DA:600,0
DA:602,0
DA:603,0
DA:605,0
DA:607,0
DA:608,0
DA:610,0
DA:611,0
DA:613,0
DA:614,0
DA:620,74
DA:623,74
DA:624,17
DA:625,17
DA:626,17
DA:627,17
DA:628,17
DA:629,17
DA:630,17
DA:631,17
DA:634,17
DA:640,17
DA:641,0
DA:643,0
DA:644,0
DA:647,17
DA:658,17
DA:659,17
DA:662,17
DA:663,1
DA:664,1
DA:672,74
DA:687,60
DA:688,11
DA:690,11
DA:693,49
DA:695,49
DA:696,84
DA:697,84
DA:699,84
DA:702,84
DA:703,84
DA:707,84
DA:732,49
DA:736,74
DA:737,60
DA:738,60
DA:743,74
DA:747,80
DA:748,78
DA:761,74
DA:775,79
DA:778,79
DA:779,79
DA:780,79
DA:781,6
DA:782,6
DA:783,6
DA:784,6
DA:785,6
DA:786,6
DA:790,79
DA:792,79
DA:796,79
DA:797,79
DA:798,79
DA:802,79
DA:803,79
DA:805,79
DA:807,6
DA:811,6
DA:813,6
DA:816,79
DA:817,75
DA:819,75
DA:820,75
DA:823,4
DA:824,0
DA:826,0
DA:827,0
DA:830,4
DA:831,4
DA:832,6
DA:833,6
DA:834,6
DA:836,6
DA:856,4
DA:859,4
DA:862,4
DA:863,4
DA:865,4
DA:866,4
DA:867,0
DA:868,0
DA:872,4
DA:873,4
DA:874,0
DA:875,0
DA:876,0
DA:883,0
DA:884,0
DA:887,0
DA:888,0
DA:889,0
DA:890,0
DA:891,0
DA:893,0
DA:896,0
DA:898,0
DA:899,0
DA:902,0
DA:903,0
DA:904,0
DA:905,0
DA:906,0
DA:908,0
DA:912,0
DA:913,0
DA:915,0
DA:917,0
DA:922,0
DA:924,0
DA:925,0
DA:926,0
DA:927,0
DA:929,0
DA:930,0
DA:931,0
DA:932,0
DA:934,0
DA:935,0
DA:936,0
DA:937,0
DA:939,0
DA:943,0
DA:944,0
DA:945,0
DA:946,0
DA:947,0
DA:948,0
DA:949,0
DA:950,0
DA:951,0
DA:953,0
DA:956,0
DA:957,0
DA:958,0
DA:959,0
DA:960,0
DA:963,0
DA:966,0
DA:967,0
DA:968,0
DA:969,0
DA:970,0
DA:974,0
DA:975,0
DA:980,0
DA:981,0
DA:983,0
DA:985,0
DA:989,0
DA:991,0
DA:996,0
DA:1005,0
DA:1015,0
DA:1016,0
DA:1019,0
DA:1023,0
DA:1027,0
DA:1065,0
DA:1083,0
DA:1087,74
DA:1088,74
DA:1091,74
DA:1092,74
DA:1093,0
DA:1094,0
DA:1095,0
DA:1100,2
DA:1105,1
DA:1106,1
DA:1107,1
DA:1110,1
DA:1111,1
DA:1112,1
DA:1113,0
DA:1114,0
DA:1121,74
DA:1125,2
DA:1126,2
DA:1127,2
DA:1128,2
DA:1129,2
DA:1130,0
DA:1131,0
DA:1136,74
DA:1141,2
DA:1142,1
DA:1149,1
DA:1154,74
DA:1155,74
DA:1158,74
DA:1161,74
DA:1164,74
DA:1174,0
DA:1175,0
DA:1178,0
DA:1179,0
DA:1180,0
DA:1184,0
DA:1185,0
DA:1187,0
DA:1188,0
DA:1189,0
DA:1190,0
DA:1191,0
DA:1192,0
DA:1193,0
DA:1194,0
DA:1195,0
DA:1196,0
DA:1197,0
DA:1198,0
DA:1201,0
DA:1202,0
DA:1203,0
DA:1211,0
DA:1213,0
DA:1214,0
DA:1215,0
DA:1216,0
DA:1219,0
DA:1220,0
DA:1222,0
DA:1223,0
DA:1224,0
DA:1230,0
DA:1237,0
DA:1241,74
DA:1242,0
DA:1244,74
DA:1245,0
DA:1247,74
DA:1248,0
DA:1252,74
DA:1258,0
DA:1259,0
DA:1260,0
DA:1264,74
DA:1265,0
DA:1267,74
DA:1268,0
DA:1270,74
DA:1271,0
DA:1276,0
DA:1277,0
DA:1278,0
DA:1279,0
DA:1281,0
DA:1282,0
DA:1283,0
DA:1284,0
DA:1285,0
DA:1286,0
DA:1288,0
DA:1291,0
DA:1292,0
DA:1293,0
DA:1294,0
DA:1298,74
DA:1299,444
DA:1300,444
DA:1301,444
DA:1302,444
DA:1306,74
DA:1309,0
DA:1310,0
DA:1312,0
DA:1314,0
DA:1315,0
DA:1317,0
DA:1319,0
DA:1320,0
DA:1322,0
DA:1324,0
DA:1325,0
DA:1327,0
DA:1329,0
DA:1334,74
DA:1335,74
DA:1336,74
DA:1337,74
DA:1340,74
DA:1341,74
DA:1342,1
DA:1343,1
DA:1344,1
DA:1345,1
DA:1346,1
DA:1348,1
DA:1356,1
DA:1357,1
DA:1360,1
DA:1361,0
DA:1362,0
DA:1368,74
DA:1369,74
DA:1370,74
DA:1371,74
DA:1372,74
DA:1373,74
DA:1375,1
LF:469
LH:231
BRDA:44,0,0,2
BRDA:44,0,1,5
BRDA:44,1,0,7
BRDA:44,1,1,6
BRDA:49,2,0,2
BRDA:49,2,1,1
BRDA:49,2,2,1
BRDA:49,2,3,1
BRDA:76,3,0,2
BRDA:76,3,1,2
BRDA:78,4,0,1
BRDA:78,4,1,1
BRDA:105,5,0,2
BRDA:105,5,1,3
BRDA:107,6,0,2
BRDA:107,6,1,1
BRDA:107,7,0,3
BRDA:107,7,1,2
BRDA:138,8,0,2
BRDA:138,8,1,2
BRDA:140,9,0,1
BRDA:140,9,1,1
BRDA:162,10,0,1
BRDA:162,10,1,25
BRDA:164,11,0,6
BRDA:164,11,1,8
BRDA:164,11,2,5
BRDA:164,11,3,6
BRDA:164,11,4,0
BRDA:168,12,0,8
BRDA:168,12,1,7
BRDA:170,13,0,5
BRDA:170,13,1,4
BRDA:173,14,0,6
BRDA:173,14,1,5
BRDA:342,15,0,74
BRDA:342,15,1,74
BRDA:349,16,0,74
BRDA:349,16,1,0
BRDA:350,17,0,0
BRDA:350,17,1,74
BRDA:355,18,0,0
BRDA:355,18,1,0
BRDA:356,19,0,0
BRDA:356,19,1,0
BRDA:461,20,0,0
BRDA:461,20,1,0
BRDA:462,21,0,0
BRDA:462,21,1,0
BRDA:469,22,0,0
BRDA:469,22,1,0
BRDA:490,23,0,0
BRDA:490,23,1,0
BRDA:498,24,0,0
BRDA:498,24,1,0
BRDA:514,25,0,0
BRDA:514,25,1,0
BRDA:516,26,0,0
BRDA:516,26,1,0
BRDA:584,27,0,0
BRDA:584,27,1,0
BRDA:590,28,0,0
BRDA:590,28,1,0
BRDA:597,29,0,0
BRDA:597,29,1,0
BRDA:602,30,0,0
BRDA:602,30,1,0
BRDA:607,31,0,0
BRDA:607,31,1,0
BRDA:610,32,0,0
BRDA:610,32,1,0
BRDA:613,33,0,0
BRDA:613,33,1,0
BRDA:640,34,0,0
BRDA:640,34,1,17
BRDA:687,35,0,11
BRDA:687,35,1,49
BRDA:687,36,0,60
BRDA:687,36,1,60
BRDA:697,37,0,70
BRDA:697,37,1,14
BRDA:699,38,0,84
BRDA:699,38,1,0
BRDA:702,39,0,84
BRDA:702,39,1,0
BRDA:703,40,0,84
BRDA:703,40,1,0
BRDA:737,41,0,60
BRDA:737,41,1,0
BRDA:748,42,0,78
BRDA:748,42,1,0
BRDA:775,43,0,79
BRDA:775,43,1,0
BRDA:782,44,0,6
BRDA:782,44,1,0
BRDA:798,45,0,79
BRDA:798,45,1,4
BRDA:807,46,0,6
BRDA:807,46,1,0
BRDA:807,46,2,0
BRDA:807,47,0,6
BRDA:807,47,1,3
BRDA:808,48,0,0
BRDA:808,48,1,0
BRDA:809,49,0,0
BRDA:809,49,1,0
BRDA:811,50,0,6
BRDA:811,50,1,0
BRDA:813,51,0,6
BRDA:813,51,1,6
BRDA:816,52,0,75
BRDA:816,52,1,4
BRDA:823,53,0,0
BRDA:823,53,1,4
BRDA:834,54,0,6
BRDA:834,54,1,0
BRDA:839,55,0,6
BRDA:839,55,1,3
BRDA:850,56,0,6
BRDA:850,56,1,3
BRDA:867,57,0,0
BRDA:867,57,1,0
BRDA:874,58,0,0
BRDA:874,58,1,0
BRDA:875,59,0,0
BRDA:875,59,1,0
BRDA:883,60,0,0
BRDA:883,60,1,0
BRDA:898,61,0,0
BRDA:898,61,1,0
BRDA:922,62,0,0
BRDA:922,62,1,0
BRDA:922,62,2,0
BRDA:922,62,3,0
BRDA:985,63,0,0
BRDA:985,63,1,0
BRDA:985,63,2,0
BRDA:985,64,0,0
BRDA:985,64,1,0
BRDA:986,65,0,0
BRDA:986,65,1,0
BRDA:987,66,0,0
BRDA:987,66,1,0
BRDA:989,67,0,0
BRDA:989,67,1,0
BRDA:991,68,0,0
BRDA:991,68,1,0
BRDA:1007,69,0,0
BRDA:1007,69,1,0
BRDA:1012,70,0,0
BRDA:1012,70,1,0
BRDA:1068,71,0,0
BRDA:1068,71,1,0
BRDA:1073,72,0,0
BRDA:1073,72,1,0
BRDA:1094,73,0,0
BRDA:1094,73,1,0
BRDA:1100,74,0,1
BRDA:1100,74,1,1
BRDA:1141,75,0,1
BRDA:1141,75,1,1
BRDA:1179,76,0,0
BRDA:1179,76,1,0
BRDA:1187,77,0,0
BRDA:1187,77,1,0
BRDA:1191,78,0,0
BRDA:1191,78,1,0
BRDA:1195,79,0,0
BRDA:1195,79,1,0
BRDA:1195,80,0,0
BRDA:1195,80,1,0
BRDA:1201,81,0,0
BRDA:1201,81,1,0
BRDA:1213,82,0,0
BRDA:1213,82,1,0
BRDA:1282,83,0,0
BRDA:1282,83,1,0
BRDA:1293,84,0,0
BRDA:1293,84,1,0
BRDA:1294,85,0,0
BRDA:1294,85,1,0
BRDA:1309,86,0,0
BRDA:1309,86,1,0
BRDA:1314,87,0,0
BRDA:1314,87,1,0
BRDA:1319,88,0,0
BRDA:1319,88,1,0
BRDA:1324,89,0,0
BRDA:1324,89,1,0
BRF:189
BRH:72
end_of_record
TN:
SF:utils.ts
FN:126,getModelConfig
FN:205,validateApiKey
FN:230,validateOpenAIApiKey
FN:257,validateGeminiApiKey
FN:286,validateAnthropicApiKey
FN:319,isModelAvailable
FNF:6
FNH:1
FNDA:222,getModelConfig
FNDA:0,validateApiKey
FNDA:0,validateOpenAIApiKey
FNDA:0,validateGeminiApiKey
FNDA:0,validateAnthropicApiKey
FNDA:0,isModelAvailable
DA:126,3
DA:127,222
DA:201,222
DA:205,3
DA:209,0
DA:210,0
DA:213,0
DA:214,0
DA:216,0
DA:218,0
DA:220,0
DA:222,0
DA:225,0
DA:226,0
DA:233,0
DA:234,0
DA:242,0
DA:243,0
DA:244,0
DA:245,0
DA:247,0
DA:253,0
DA:260,0
DA:261,0
DA:271,0
DA:272,0
DA:273,0
DA:274,0
DA:276,0
DA:282,0
DA:289,0
DA:290,0
DA:304,0
DA:305,0
DA:306,0
DA:307,0
DA:309,0
DA:315,0
DA:319,3
DA:327,0
DA:328,0
DA:330,0
DA:332,0
DA:334,0
DA:336,0
DA:338,0
DA:342,0
LF:47
LH:5
BRDA:209,0,0,0
BRDA:209,0,1,0
BRDA:209,1,0,0
BRDA:209,1,1,0
BRDA:214,2,0,0
BRDA:214,2,1,0
BRDA:214,2,2,0
BRDA:214,2,3,0
BRDA:242,3,0,0
BRDA:242,3,1,0
BRDA:244,4,0,0
BRDA:244,4,1,0
BRDA:271,5,0,0
BRDA:271,5,1,0
BRDA:273,6,0,0
BRDA:273,6,1,0
BRDA:273,7,0,0
BRDA:273,7,1,0
BRDA:304,8,0,0
BRDA:304,8,1,0
BRDA:306,9,0,0
BRDA:306,9,1,0
BRDA:328,10,0,0
BRDA:328,10,1,0
BRDA:330,11,0,0
BRDA:330,11,1,0
BRDA:330,11,2,0
BRDA:330,11,3,0
BRDA:330,11,4,0
BRDA:334,12,0,0
BRDA:334,12,1,0
BRDA:336,13,0,0
BRDA:336,13,1,0
BRDA:339,14,0,0
BRDA:339,14,1,0
BRF:35
BRH:0
end_of_record
