TN:
SF:background.ts
FN:63,(anonymous_0)
FN:98,summarizeWithAI
FN:259,tryModel
FN:295,getFallbackModels
FN:309,storeModelMetrics
FN:343,storeSummaryHistory
FN:382,tryChromeBuiltinAI
FN:402,tryOpenAI
FN:465,tryGeminiAPI
FN:541,tryAnthropicAPI
FN:610,(anonymous_10)
FN:633,(anonymous_11)
FN:641,(anonymous_12)
FN:661,(anonymous_13)
FN:688,(anonymous_14)
FN:695,(anonymous_15)
FN:705,(anonymous_16)
FN:710,(anonymous_17)
FNF:18
FNH:15
FNDA:3,(anonymous_0)
FNDA:27,summarizeWithAI
FNDA:58,tryModel
FNDA:11,getFallbackModels
FNDA:30,storeModelMetrics
FNDA:17,storeSummaryHistory
FNDA:26,tryChromeBuiltinAI
FNDA:17,tryOpenAI
FNDA:7,tryGeminiAPI
FNDA:7,tryAnthropicAPI
FNDA:34,(anonymous_10)
FNDA:72,(anonymous_11)
FNDA:15,(anonymous_12)
FNDA:0,(anonymous_13)
FNDA:0,(anonymous_14)
FNDA:1,(anonymous_15)
FNDA:2,(anonymous_16)
FNDA:0,(anonymous_17)
DA:1,2
DA:61,2
DA:63,2
DA:64,3
DA:65,3
DA:66,0
DA:69,0
DA:72,3
DA:78,3
DA:79,3
DA:81,0
DA:91,3
DA:98,2
DA:103,27
DA:110,27
DA:118,27
DA:119,27
DA:122,27
DA:123,27
DA:124,27
DA:127,27
DA:128,27
DA:136,27
DA:142,27
DA:149,27
DA:152,27
DA:153,27
DA:165,27
DA:166,6
DA:167,6
DA:169,6
DA:170,14
DA:171,14
DA:173,14
DA:174,14
DA:182,14
DA:188,14
DA:195,14
DA:196,3
DA:197,3
DA:198,3
DA:206,3
DA:209,11
DA:214,27
DA:215,27
DA:224,27
DA:225,27
DA:226,27
DA:229,27
DA:231,27
DA:232,27
DA:241,27
DA:242,23
DA:249,4
DA:259,2
DA:264,58
DA:265,58
DA:266,1
DA:269,57
DA:271,26
DA:273,17
DA:279,7
DA:285,7
DA:291,0
DA:295,2
DA:296,11
DA:297,11
DA:299,10
DA:306,10
DA:309,2
DA:313,30
DA:315,30
DA:316,29
DA:317,24
DA:326,29
DA:327,29
DA:328,29
DA:329,29
DA:330,29
DA:332,29
DA:333,29
DA:334,25
DA:337,29
DA:339,2
DA:343,2
DA:350,17
DA:352,17
DA:355,17
DA:357,16
DA:369,16
DA:372,16
DA:373,0
DA:376,16
DA:378,2
DA:383,26
DA:384,26
DA:385,25
DA:390,18
DA:391,18
DA:392,18
DA:394,1
DA:397,7
DA:398,7
DA:407,17
DA:408,17
DA:409,1
DA:412,16
DA:415,16
DA:416,0
DA:423,16
DA:453,12
DA:454,2
DA:457,10
DA:458,7
DA:460,9
DA:461,9
DA:470,7
DA:471,7
DA:472,1
DA:475,6
DA:478,6
DA:479,0
DA:486,6
DA:522,4
DA:523,0
DA:526,4
DA:527,2
DA:528,1
DA:533,1
DA:536,5
DA:537,5
DA:546,7
DA:547,7
DA:548,1
DA:551,6
DA:554,6
DA:555,0
DA:562,6
DA:594,4
DA:595,0
DA:598,4
DA:599,2
DA:600,1
DA:602,1
DA:605,5
DA:606,5
DA:610,2
DA:614,34
DA:615,31
DA:616,15
DA:619,15
DA:620,0
DA:624,15
DA:625,5
DA:627,15
DA:630,15
DA:633,15
DA:634,72
DA:640,15
DA:642,15
DA:650,15
DA:659,15
DA:662,0
DA:663,0
DA:664,0
DA:672,0
DA:680,16
DA:681,3
DA:682,3
DA:683,3
DA:685,13
DA:686,2
DA:687,11
DA:688,3
DA:689,0
DA:694,8
DA:695,3
DA:696,1
DA:705,2
DA:706,2
DA:710,2
DA:711,0
DA:712,0
LF:183
LH:165
BRDA:65,0,0,0
BRDA:65,0,1,3
BRDA:65,1,0,3
BRDA:65,1,1,1
BRDA:79,2,0,0
BRDA:79,2,1,3
BRDA:79,3,0,3
BRDA:79,3,1,0
BRDA:100,4,0,13
BRDA:118,5,0,27
BRDA:118,5,1,22
BRDA:118,5,2,0
BRDA:122,6,0,0
BRDA:124,7,0,0
BRDA:124,7,1,27
BRDA:127,8,0,27
BRDA:127,8,1,0
BRDA:152,9,0,27
BRDA:152,9,1,0
BRDA:154,10,0,20
BRDA:154,10,1,7
BRDA:155,11,0,20
BRDA:155,11,1,7
BRDA:156,12,0,20
BRDA:156,12,1,7
BRDA:165,13,0,6
BRDA:165,13,1,21
BRDA:165,14,0,27
BRDA:165,14,1,7
BRDA:173,15,0,14
BRDA:173,15,1,0
BRDA:195,16,0,3
BRDA:195,16,1,11
BRDA:197,17,0,3
BRDA:197,17,1,0
BRDA:214,18,0,27
BRDA:214,18,1,0
BRDA:231,19,0,27
BRDA:231,19,1,0
BRDA:241,20,0,23
BRDA:241,20,1,4
BRDA:265,21,0,1
BRDA:265,21,1,57
BRDA:269,22,0,26
BRDA:269,22,1,17
BRDA:269,22,2,7
BRDA:269,22,3,7
BRDA:269,22,4,0
BRDA:297,23,0,1
BRDA:297,23,1,10
BRDA:306,24,0,10
BRDA:306,24,1,0
BRDA:314,25,0,0
BRDA:316,26,0,24
BRDA:316,26,1,5
BRDA:333,27,0,25
BRDA:333,27,1,4
BRDA:351,28,0,0
BRDA:372,29,0,0
BRDA:372,29,1,16
BRDA:384,30,0,25
BRDA:384,30,1,1
BRDA:405,31,0,0
BRDA:408,32,0,1
BRDA:408,32,1,16
BRDA:415,33,0,0
BRDA:415,33,1,16
BRDA:453,34,0,2
BRDA:453,34,1,10
BRDA:468,35,0,0
BRDA:471,36,0,1
BRDA:471,36,1,6
BRDA:478,37,0,0
BRDA:478,37,1,6
BRDA:522,38,0,0
BRDA:522,38,1,4
BRDA:527,39,0,1
BRDA:527,39,1,1
BRDA:527,40,0,2
BRDA:527,40,1,1
BRDA:527,40,2,1
BRDA:544,41,0,0
BRDA:547,42,0,1
BRDA:547,42,1,6
BRDA:554,43,0,0
BRDA:554,43,1,6
BRDA:594,44,0,0
BRDA:594,44,1,4
BRDA:599,45,0,1
BRDA:599,45,1,1
BRDA:599,46,0,2
BRDA:599,46,1,1
BRDA:599,46,2,1
BRDA:614,47,0,3
BRDA:614,47,1,31
BRDA:614,48,0,34
BRDA:614,48,1,32
BRDA:615,49,0,15
BRDA:615,49,1,16
BRDA:619,50,0,0
BRDA:619,50,1,15
BRDA:624,51,0,5
BRDA:624,51,1,10
BRDA:680,52,0,3
BRDA:680,52,1,13
BRDA:682,53,0,3
BRDA:682,53,1,0
BRDA:685,54,0,2
BRDA:685,54,1,11
BRDA:687,55,0,3
BRDA:687,55,1,8
BRDA:694,56,0,3
BRDA:694,56,1,5
BRDA:698,57,0,1
BRDA:698,57,1,0
BRDA:711,58,0,0
BRDA:711,58,1,0
BRF:117
BRH:87
end_of_record
TN:
SF:content.ts
FN:13,(anonymous_0)
FN:18,extractPageContent
FN:43,(anonymous_2)
FN:44,(anonymous_3)
FN:45,(anonymous_4)
FN:59,(anonymous_5)
FN:71,contentIsModelAvailable
FN:205,contentGetModelConfig
FN:283,getModelDisplayName
FN:288,createOrUpdateSummaryDiv
FN:345,(anonymous_10)
FN:367,(anonymous_11)
FN:407,(anonymous_12)
FN:471,(anonymous_13)
FN:489,(anonymous_14)
FN:505,(anonymous_15)
FN:616,(anonymous_16)
FN:760,(anonymous_17)
FN:767,(anonymous_18)
FN:785,(anonymous_19)
FN:792,(anonymous_20)
FN:911,adjustHeight
FN:934,makeDraggable
FN:941,dragMouseDown
FN:950,elementDrag
FN:961,closeDragElement
FN:967,makeResizable
FN:973,(anonymous_27)
FN:988,(anonymous_28)
FN:1008,(anonymous_29)
FN:1016,updateLoadingProgress
FN:1058,setupContentObserver
FN:1061,(anonymous_32)
FN:1063,(anonymous_33)
FN:1081,(anonymous_34)
FN:1086,(anonymous_35)
FN:1106,(anonymous_36)
FN:1122,(anonymous_37)
FN:1155,(anonymous_38)
FN:1161,(anonymous_39)
FN:1177,(anonymous_40)
FN:1202,(anonymous_41)
FNF:42
FNH:12
FNDA:1,(anonymous_0)
FNDA:2,extractPageContent
FNDA:4,(anonymous_2)
FNDA:4,(anonymous_3)
FNDA:4,(anonymous_4)
FNDA:0,(anonymous_5)
FNDA:0,contentIsModelAvailable
FNDA:0,contentGetModelConfig
FNDA:0,getModelDisplayName
FNDA:0,createOrUpdateSummaryDiv
FNDA:0,(anonymous_10)
FNDA:0,(anonymous_11)
FNDA:0,(anonymous_12)
FNDA:0,(anonymous_13)
FNDA:0,(anonymous_14)
FNDA:0,(anonymous_15)
FNDA:0,(anonymous_16)
FNDA:0,(anonymous_17)
FNDA:0,(anonymous_18)
FNDA:0,(anonymous_19)
FNDA:0,(anonymous_20)
FNDA:0,adjustHeight
FNDA:0,makeDraggable
FNDA:0,dragMouseDown
FNDA:0,elementDrag
FNDA:0,closeDragElement
FNDA:0,makeResizable
FNDA:0,(anonymous_27)
FNDA:0,(anonymous_28)
FNDA:0,(anonymous_29)
FNDA:0,updateLoadingProgress
FNDA:1,setupContentObserver
FNDA:16,(anonymous_32)
FNDA:16,(anonymous_33)
FNDA:48,(anonymous_34)
FNDA:144,(anonymous_35)
FNDA:144,(anonymous_36)
FNDA:0,(anonymous_37)
FNDA:27,(anonymous_38)
FNDA:0,(anonymous_39)
FNDA:0,(anonymous_40)
FNDA:0,(anonymous_41)
DA:13,1
DA:14,1
DA:15,1
DA:20,2
DA:22,2
DA:23,2
DA:24,0
DA:25,0
DA:30,0
DA:33,2
DA:38,2
DA:39,2
DA:42,2
DA:43,4
DA:44,4
DA:45,4
DA:47,2
DA:50,2
DA:51,0
DA:53,0
DA:54,0
DA:57,0
DA:59,0
DA:60,0
DA:61,0
DA:64,0
DA:67,2
DA:79,0
DA:80,0
DA:82,0
DA:84,0
DA:86,0
DA:88,0
DA:90,0
DA:94,0
DA:98,1
DA:130,1
DA:206,0
DA:280,0
DA:284,0
DA:285,0
DA:299,0
DA:301,0
DA:302,0
DA:303,0
DA:304,0
DA:322,0
DA:323,0
DA:333,0
DA:334,0
DA:336,0
DA:337,0
DA:345,0
DA:346,0
DA:347,0
DA:349,0
DA:354,0
DA:356,0
DA:357,0
DA:365,0
DA:366,0
DA:367,0
DA:368,0
DA:371,0
DA:372,0
DA:373,0
DA:376,0
DA:377,0
DA:378,0
DA:380,0
DA:381,0
DA:382,0
DA:385,0
DA:386,0
DA:387,0
DA:390,0
DA:392,0
DA:393,0
DA:400,0
DA:406,0
DA:407,0
DA:408,0
DA:409,0
DA:410,0
DA:411,0
DA:412,0
DA:413,0
DA:415,0
DA:421,0
DA:422,0
DA:423,0
DA:424,0
DA:425,0
DA:426,0
DA:429,0
DA:430,0
DA:431,0
DA:434,0
DA:437,0
DA:439,0
DA:440,0
DA:441,0
DA:443,0
DA:444,0
DA:449,0
DA:450,0
DA:451,0
DA:458,0
DA:460,0
DA:461,0
DA:463,0
DA:464,0
DA:465,0
DA:471,0
DA:472,0
DA:475,0
DA:476,0
DA:479,0
DA:481,0
DA:482,0
DA:483,0
DA:489,0
DA:490,0
DA:493,0
DA:494,0
DA:502,0
DA:504,0
DA:505,0
DA:506,0
DA:507,0
DA:509,0
DA:518,0
DA:519,0
DA:520,0
DA:525,0
DA:526,0
DA:528,0
DA:529,0
DA:530,0
DA:532,0
DA:533,0
DA:534,0
DA:536,0
DA:537,0
DA:538,0
DA:551,0
DA:552,0
DA:612,0
DA:615,0
DA:616,0
DA:617,0
DA:618,0
DA:619,0
DA:625,0
DA:626,0
DA:629,0
DA:632,0
DA:633,0
DA:634,0
DA:646,0
DA:647,0
DA:648,0
DA:657,0
DA:660,0
DA:661,0
DA:670,0
DA:671,0
DA:672,0
DA:679,0
DA:680,0
DA:683,0
DA:684,0
DA:685,0
DA:690,0
DA:691,0
DA:694,0
DA:695,0
DA:696,0
DA:701,0
DA:702,0
DA:704,0
DA:706,0
DA:708,0
DA:709,0
DA:710,0
DA:728,0
DA:729,0
DA:730,0
DA:742,0
DA:758,0
DA:761,0
DA:767,0
DA:768,0
DA:769,0
DA:770,0
DA:773,0
DA:774,0
DA:775,0
DA:776,0
DA:779,0
DA:785,0
DA:786,0
DA:787,0
DA:792,0
DA:793,0
DA:796,0
DA:802,0
DA:805,0
DA:806,0
DA:810,0
DA:811,0
DA:812,0
DA:814,0
DA:815,0
DA:817,0
DA:818,0
DA:822,0
DA:824,0
DA:825,0
DA:826,0
DA:833,0
DA:834,0
DA:836,0
DA:837,0
DA:843,0
DA:844,0
DA:845,0
DA:854,0
DA:855,0
DA:856,0
DA:858,0
DA:860,0
DA:861,0
DA:867,0
DA:869,0
DA:872,0
DA:875,0
DA:879,0
DA:881,0
DA:882,0
DA:884,0
DA:885,0
DA:886,0
DA:889,0
DA:890,0
DA:891,0
DA:892,0
DA:893,0
DA:894,0
DA:897,0
DA:898,0
DA:899,0
DA:900,0
DA:901,0
DA:902,0
DA:904,0
DA:906,0
DA:907,0
DA:912,0
DA:915,0
DA:918,0
DA:919,0
DA:920,0
DA:921,0
DA:923,0
DA:924,0
DA:925,0
DA:930,0
DA:935,0
DA:936,0
DA:937,0
DA:938,0
DA:939,0
DA:942,0
DA:943,0
DA:944,0
DA:945,0
DA:946,0
DA:947,0
DA:951,0
DA:952,0
DA:953,0
DA:954,0
DA:955,0
DA:956,0
DA:957,0
DA:958,0
DA:962,0
DA:963,0
DA:973,0
DA:974,0
DA:975,0
DA:976,0
DA:977,0
DA:981,0
DA:985,0
DA:986,0
DA:988,0
DA:989,0
DA:990,0
DA:992,0
DA:993,0
DA:995,0
DA:996,0
DA:998,0
DA:999,0
DA:1000,0
DA:1002,0
DA:1003,0
DA:1004,0
DA:1008,0
DA:1009,0
DA:1010,0
DA:1017,0
DA:1020,0
DA:1023,0
DA:1027,0
DA:1029,0
DA:1032,0
DA:1035,0
DA:1036,0
DA:1037,0
DA:1039,0
DA:1042,0
DA:1044,0
DA:1045,0
DA:1046,0
DA:1047,0
DA:1049,0
DA:1054,1
DA:1055,1
DA:1056,1
DA:1059,1
DA:1061,1
DA:1062,16
DA:1063,16
DA:1065,16
DA:1077,16
DA:1078,16
DA:1080,16
DA:1081,16
DA:1082,48
DA:1083,16
DA:1084,16
DA:1086,144
DA:1089,0
DA:1092,16
DA:1096,0
DA:1103,16
DA:1107,144
DA:1111,0
DA:1115,16
DA:1116,16
DA:1120,16
DA:1122,16
DA:1123,0
DA:1124,0
DA:1126,0
DA:1128,0
DA:1130,0
DA:1135,0
DA:1145,1
DA:1152,1
DA:1155,1
DA:1156,27
DA:1157,24
DA:1158,0
DA:1159,0
DA:1162,0
DA:1174,24
DA:1175,0
DA:1178,0
DA:1187,24
DA:1188,0
DA:1189,24
DA:1190,2
DA:1192,0
DA:1193,0
DA:1194,0
DA:1200,0
DA:1203,0
DA:1218,2
DA:1219,2
DA:1220,2
DA:1225,22
DA:1226,1
DA:1229,1
DA:1230,0
LF:388
LH:56
BRDA:14,0,0,0
BRDA:14,0,1,1
BRDA:25,1,0,0
BRDA:25,1,1,0
BRDA:26,2,0,0
BRDA:26,2,1,0
BRDA:26,2,2,0
BRDA:44,3,0,4
BRDA:44,3,1,4
BRDA:50,4,0,0
BRDA:50,4,1,2
BRDA:51,5,0,0
BRDA:51,5,1,0
BRDA:60,6,0,0
BRDA:60,6,1,0
BRDA:80,7,0,0
BRDA:80,7,1,0
BRDA:82,8,0,0
BRDA:82,8,1,0
BRDA:82,8,2,0
BRDA:82,8,3,0
BRDA:82,8,4,0
BRDA:86,9,0,0
BRDA:86,9,1,0
BRDA:88,10,0,0
BRDA:88,10,1,0
BRDA:91,11,0,0
BRDA:91,11,1,0
BRDA:285,12,0,0
BRDA:285,12,1,0
BRDA:299,13,0,0
BRDA:299,13,1,0
BRDA:301,14,0,0
BRDA:301,14,1,0
BRDA:346,15,0,0
BRDA:346,15,1,0
BRDA:371,16,0,0
BRDA:371,16,1,0
BRDA:376,17,0,0
BRDA:376,17,1,0
BRDA:377,18,0,0
BRDA:377,18,1,0
BRDA:385,19,0,0
BRDA:385,19,1,0
BRDA:386,20,0,0
BRDA:386,20,1,0
BRDA:408,21,0,0
BRDA:408,21,1,0
BRDA:429,22,0,0
BRDA:429,22,1,0
BRDA:434,23,0,0
BRDA:434,23,1,0
BRDA:475,24,0,0
BRDA:475,24,1,0
BRDA:476,25,0,0
BRDA:476,25,1,0
BRDA:493,26,0,0
BRDA:493,26,1,0
BRDA:493,27,0,0
BRDA:493,27,1,0
BRDA:497,28,0,0
BRDA:497,28,1,0
BRDA:544,29,0,0
BRDA:544,29,1,0
BRDA:545,30,0,0
BRDA:545,30,1,0
BRDA:640,31,0,0
BRDA:640,31,1,0
BRDA:641,32,0,0
BRDA:641,32,1,0
BRDA:762,33,0,0
BRDA:762,33,1,0
BRDA:763,34,0,0
BRDA:763,34,1,0
BRDA:764,35,0,0
BRDA:764,35,1,0
BRDA:773,36,0,0
BRDA:773,36,1,0
BRDA:786,37,0,0
BRDA:786,37,1,0
BRDA:810,38,0,0
BRDA:810,38,1,0
BRDA:814,39,0,0
BRDA:814,39,1,0
BRDA:817,40,0,0
BRDA:817,40,1,0
BRDA:824,41,0,0
BRDA:824,41,1,0
BRDA:833,42,0,0
BRDA:833,42,1,0
BRDA:836,43,0,0
BRDA:836,43,1,0
BRDA:879,44,0,0
BRDA:879,44,1,0
BRDA:881,45,0,0
BRDA:881,45,1,0
BRDA:882,46,0,0
BRDA:882,46,1,0
BRDA:885,47,0,0
BRDA:885,47,1,0
BRDA:886,48,0,0
BRDA:886,48,1,0
BRDA:889,49,0,0
BRDA:889,49,1,0
BRDA:890,50,0,0
BRDA:890,50,1,0
BRDA:898,51,0,0
BRDA:898,51,1,0
BRDA:898,52,0,0
BRDA:898,52,1,0
BRDA:898,52,2,0
BRDA:901,53,0,0
BRDA:901,53,1,0
BRDA:901,54,0,0
BRDA:901,54,1,0
BRDA:901,54,2,0
BRDA:906,55,0,0
BRDA:906,55,1,0
BRDA:923,56,0,0
BRDA:923,56,1,0
BRDA:923,57,0,0
BRDA:923,57,1,0
BRDA:942,58,0,0
BRDA:942,58,1,0
BRDA:951,59,0,0
BRDA:951,59,1,0
BRDA:992,60,0,0
BRDA:992,60,1,0
BRDA:995,61,0,0
BRDA:995,61,1,0
BRDA:998,62,0,0
BRDA:998,62,1,0
BRDA:1002,63,0,0
BRDA:1002,63,1,0
BRDA:1027,64,0,0
BRDA:1027,64,1,0
BRDA:1027,65,0,0
BRDA:1027,65,1,0
BRDA:1027,65,2,0
BRDA:1037,66,0,0
BRDA:1037,66,1,0
BRDA:1039,67,0,0
BRDA:1039,67,1,0
BRDA:1044,68,0,0
BRDA:1044,68,1,0
BRDA:1046,69,0,0
BRDA:1046,69,1,0
BRDA:1059,70,0,0
BRDA:1059,70,1,1
BRDA:1078,71,0,16
BRDA:1078,71,1,0
BRDA:1080,72,0,16
BRDA:1080,72,1,0
BRDA:1082,73,0,16
BRDA:1082,73,1,32
BRDA:1084,74,0,0
BRDA:1084,74,1,16
BRDA:1086,75,0,144
BRDA:1086,75,1,144
BRDA:1092,76,0,0
BRDA:1092,76,1,16
BRDA:1093,77,0,16
BRDA:1093,77,1,16
BRDA:1103,78,0,0
BRDA:1103,78,1,16
BRDA:1104,79,0,16
BRDA:1104,79,1,16
BRDA:1107,80,0,144
BRDA:1107,80,1,144
BRDA:1115,81,0,16
BRDA:1115,81,1,0
BRDA:1120,82,0,16
BRDA:1120,82,1,0
BRDA:1126,83,0,0
BRDA:1126,83,1,0
BRDA:1130,84,0,0
BRDA:1130,84,1,0
BRDA:1131,85,0,0
BRDA:1131,85,1,0
BRDA:1131,85,2,0
BRDA:1156,86,0,3
BRDA:1156,86,1,24
BRDA:1156,87,0,27
BRDA:1156,87,1,25
BRDA:1157,88,0,0
BRDA:1157,88,1,24
BRDA:1164,89,0,0
BRDA:1164,89,1,0
BRDA:1165,90,0,0
BRDA:1165,90,1,0
BRDA:1166,91,0,0
BRDA:1166,91,1,0
BRDA:1167,92,0,0
BRDA:1167,92,1,0
BRDA:1174,93,0,0
BRDA:1174,93,1,24
BRDA:1180,94,0,0
BRDA:1180,94,1,0
BRDA:1181,95,0,0
BRDA:1181,95,1,0
BRDA:1182,96,0,0
BRDA:1182,96,1,0
BRDA:1183,97,0,0
BRDA:1183,97,1,0
BRDA:1187,98,0,0
BRDA:1187,98,1,24
BRDA:1189,99,0,2
BRDA:1189,99,1,22
BRDA:1190,100,0,0
BRDA:1190,100,1,2
BRDA:1192,101,0,0
BRDA:1192,101,1,0
BRDA:1192,102,0,0
BRDA:1192,102,1,0
BRDA:1205,103,0,0
BRDA:1205,103,1,0
BRDA:1206,104,0,0
BRDA:1206,104,1,0
BRDA:1207,105,0,0
BRDA:1207,105,1,0
BRDA:1208,106,0,0
BRDA:1208,106,1,0
BRDA:1225,107,0,1
BRDA:1225,107,1,21
BRDA:1229,108,0,0
BRDA:1229,108,1,1
BRF:226
BRH:35
end_of_record
TN:
SF:options.ts
FN:40,validateApiKey
FN:64,validateOpenAIApiKey
FN:91,validateGeminiApiKey
FN:120,validateAnthropicApiKey
FN:153,isModelAvailable
FN:255,optionsGetModelConfig
FN:333,(anonymous_6)
FN:341,initializeTheme
FN:347,updateThemeIcon
FN:354,toggleTheme
FN:364,(anonymous_10)
FN:454,switchPage
FN:455,(anonymous_12)
FN:456,(anonymous_13)
FN:465,(anonymous_14)
FN:466,(anonymous_15)
FN:474,(anonymous_16)
FN:479,enhancedSwitchPage
FN:480,(anonymous_18)
FN:485,(anonymous_19)
FN:493,(anonymous_20)
FN:505,(anonymous_21)
FN:524,addRippleEffect
FN:525,(anonymous_23)
FN:549,(anonymous_24)
FN:556,(anonymous_25)
FN:583,(anonymous_26)
FN:623,(anonymous_27)
FN:690,(anonymous_28)
FN:695,(anonymous_29)
FN:704,loadMetrics
FN:708,displayMetrics
FN:728,(anonymous_32)
FN:769,(anonymous_33)
FN:779,loadHistory
FN:780,(anonymous_35)
FN:796,displayHistory
FN:811,(anonymous_37)
FN:813,(anonymous_38)
FN:828,updateExportButtonState
FN:834,filterAndDisplayHistory
FN:838,(anonymous_41)
FN:864,(anonymous_42)
FN:898,(anonymous_43)
FN:899,(anonymous_44)
FN:905,(anonymous_45)
FN:906,(anonymous_46)
FN:915,exportHistory
FN:922,(anonymous_48)
FN:937,(anonymous_49)
FN:991,(anonymous_50)
FN:1001,(anonymous_51)
FN:1012,getFilteredHistory
FN:1016,(anonymous_53)
FN:1028,exportToCSV
FN:1038,(anonymous_55)
FN:1049,(anonymous_56)
FN:1049,(anonymous_57)
FN:1055,exportToJSON
FN:1059,exportToHTML
FN:1098,(anonymous_60)
FN:1125,(anonymous_61)
FN:1132,clearHistory
FN:1138,(anonymous_63)
FN:1145,(anonymous_64)
FN:1154,(anonymous_65)
FN:1158,(anonymous_66)
FN:1162,(anonymous_67)
FN:1169,(anonymous_68)
FN:1203,updateValidationIndicator
FN:1240,validateApiKeyInput
FN:1274,(anonymous_71)
FN:1277,(anonymous_72)
FN:1280,(anonymous_73)
FN:1287,debouncedValidate
FN:1292,(anonymous_75)
FN:1297,(anonymous_76)
FN:1300,(anonymous_77)
FN:1303,(anonymous_78)
FN:1308,updatePreview
FN:1347,(anonymous_80)
FN:1380,(anonymous_81)
FN:1394,(anonymous_82)
FN:1399,(anonymous_83)
FNF:84
FNH:34
FNDA:7,validateApiKey
FNDA:6,validateOpenAIApiKey
FNDA:6,validateGeminiApiKey
FNDA:5,validateAnthropicApiKey
FNDA:26,isModelAvailable
FNDA:135,optionsGetModelConfig
FNDA:74,(anonymous_6)
FNDA:74,initializeTheme
FNDA:74,updateThemeIcon
FNDA:0,toggleTheme
FNDA:0,(anonymous_10)
FNDA:0,switchPage
FNDA:0,(anonymous_12)
FNDA:0,(anonymous_13)
FNDA:74,(anonymous_14)
FNDA:0,(anonymous_15)
FNDA:0,(anonymous_16)
FNDA:0,enhancedSwitchPage
FNDA:0,(anonymous_18)
FNDA:0,(anonymous_19)
FNDA:0,(anonymous_20)
FNDA:0,(anonymous_21)
FNDA:0,addRippleEffect
FNDA:0,(anonymous_23)
FNDA:0,(anonymous_24)
FNDA:0,(anonymous_25)
FNDA:0,(anonymous_26)
FNDA:17,(anonymous_27)
FNDA:17,(anonymous_28)
FNDA:0,(anonymous_29)
FNDA:74,loadMetrics
FNDA:60,displayMetrics
FNDA:84,(anonymous_32)
FNDA:60,(anonymous_33)
FNDA:80,loadHistory
FNDA:78,(anonymous_35)
FNDA:79,displayHistory
FNDA:6,(anonymous_37)
FNDA:6,(anonymous_38)
FNDA:79,updateExportButtonState
FNDA:79,filterAndDisplayHistory
FNDA:6,(anonymous_41)
FNDA:6,(anonymous_42)
FNDA:4,(anonymous_43)
FNDA:0,(anonymous_44)
FNDA:4,(anonymous_45)
FNDA:0,(anonymous_46)
FNDA:0,exportHistory
FNDA:0,(anonymous_48)
FNDA:0,(anonymous_49)
FNDA:0,(anonymous_50)
FNDA:0,(anonymous_51)
FNDA:0,getFilteredHistory
FNDA:0,(anonymous_53)
FNDA:0,exportToCSV
FNDA:0,(anonymous_55)
FNDA:0,(anonymous_56)
FNDA:0,(anonymous_57)
FNDA:0,exportToJSON
FNDA:0,exportToHTML
FNDA:0,(anonymous_60)
FNDA:0,(anonymous_61)
FNDA:2,clearHistory
FNDA:1,(anonymous_63)
FNDA:0,(anonymous_64)
FNDA:2,(anonymous_65)
FNDA:2,(anonymous_66)
FNDA:0,(anonymous_67)
FNDA:2,(anonymous_68)
FNDA:0,updateValidationIndicator
FNDA:0,validateApiKeyInput
FNDA:0,(anonymous_71)
FNDA:0,(anonymous_72)
FNDA:0,(anonymous_73)
FNDA:0,debouncedValidate
FNDA:0,(anonymous_75)
FNDA:0,(anonymous_76)
FNDA:0,(anonymous_77)
FNDA:0,(anonymous_78)
FNDA:0,updatePreview
FNDA:0,(anonymous_80)
FNDA:1,(anonymous_81)
FNDA:1,(anonymous_82)
FNDA:0,(anonymous_83)
DA:44,7
DA:45,2
DA:48,5
DA:49,5
DA:51,2
DA:53,1
DA:55,1
DA:57,1
DA:60,0
DA:67,6
DA:68,6
DA:76,4
DA:77,2
DA:78,2
DA:79,1
DA:81,1
DA:87,2
DA:94,6
DA:95,6
DA:105,5
DA:106,2
DA:107,3
DA:108,2
DA:110,1
DA:116,1
DA:123,5
DA:124,5
DA:138,4
DA:139,2
DA:140,2
DA:141,1
DA:143,1
DA:149,1
DA:161,26
DA:162,26
DA:164,25
DA:166,6
DA:168,8
DA:170,5
DA:172,6
DA:176,0
DA:180,1
DA:256,135
DA:330,135
DA:333,1
DA:335,74
DA:338,74
DA:342,74
DA:343,74
DA:344,74
DA:348,74
DA:349,74
DA:350,74
DA:355,0
DA:356,0
DA:358,0
DA:359,0
DA:360,0
DA:363,0
DA:364,0
DA:365,0
DA:369,74
DA:370,74
DA:373,74
DA:374,74
DA:375,74
DA:376,74
DA:381,74
DA:384,74
DA:387,74
DA:390,74
DA:393,74
DA:396,74
DA:399,74
DA:402,74
DA:405,74
DA:408,74
DA:409,74
DA:412,74
DA:413,74
DA:416,74
DA:419,74
DA:420,74
DA:423,74
DA:426,74
DA:431,74
DA:434,74
DA:437,74
DA:440,74
DA:443,74
DA:446,74
DA:449,74
DA:455,0
DA:456,0
DA:458,0
DA:459,0
DA:461,0
DA:462,0
DA:465,74
DA:466,74
DA:467,0
DA:468,0
DA:469,0
DA:474,74
DA:475,0
DA:480,0
DA:481,0
DA:482,0
DA:483,0
DA:485,0
DA:487,0
DA:488,0
DA:490,0
DA:491,0
DA:493,0
DA:494,0
DA:495,0
DA:498,0
DA:502,74
DA:505,74
DA:506,0
DA:510,0
DA:511,0
DA:514,0
DA:515,0
DA:516,0
DA:517,0
DA:519,0
DA:525,0
DA:526,0
DA:527,0
DA:528,0
DA:529,0
DA:530,0
DA:532,0
DA:545,0
DA:546,0
DA:547,0
DA:549,0
DA:550,0
DA:556,74
DA:557,0
DA:561,74
DA:562,74
DA:570,74
DA:573,74
DA:584,0
DA:585,0
DA:588,0
DA:590,0
DA:591,0
DA:592,0
DA:594,0
DA:595,0
DA:597,0
DA:598,0
DA:600,0
DA:602,0
DA:603,0
DA:605,0
DA:607,0
DA:608,0
DA:610,0
DA:611,0
DA:613,0
DA:614,0
DA:620,74
DA:623,74
DA:624,17
DA:625,17
DA:626,17
DA:627,17
DA:628,17
DA:629,17
DA:630,17
DA:631,17
DA:634,17
DA:640,17
DA:641,0
DA:643,0
DA:644,0
DA:648,17
DA:649,17
DA:650,17
DA:651,17
DA:653,17
DA:654,17
DA:658,17
DA:659,17
DA:662,17
DA:663,51
DA:664,51
DA:665,0
DA:666,0
DA:667,0
DA:668,0
DA:673,17
DA:674,0
DA:676,0
DA:677,0
DA:680,17
DA:691,17
DA:692,17
DA:695,17
DA:696,0
DA:697,0
DA:705,74
DA:720,60
DA:721,11
DA:723,11
DA:726,49
DA:728,49
DA:729,84
DA:730,84
DA:732,84
DA:735,84
DA:736,84
DA:740,84
DA:765,49
DA:769,74
DA:770,60
DA:771,60
DA:776,74
DA:780,80
DA:781,78
DA:794,74
DA:808,79
DA:811,79
DA:812,79
DA:813,79
DA:814,6
DA:815,6
DA:816,6
DA:817,6
DA:818,6
DA:819,6
DA:823,79
DA:825,79
DA:829,79
DA:830,79
DA:831,79
DA:835,79
DA:836,79
DA:838,79
DA:840,6
DA:844,6
DA:846,6
DA:849,79
DA:850,75
DA:852,75
DA:853,75
DA:856,4
DA:857,0
DA:859,0
DA:860,0
DA:863,4
DA:864,4
DA:865,6
DA:866,6
DA:867,6
DA:869,6
DA:889,4
DA:892,4
DA:895,4
DA:896,4
DA:898,4
DA:899,4
DA:900,0
DA:901,0
DA:905,4
DA:906,4
DA:907,0
DA:908,0
DA:909,0
DA:916,0
DA:917,0
DA:920,0
DA:921,0
DA:922,0
DA:923,0
DA:924,0
DA:926,0
DA:929,0
DA:931,0
DA:932,0
DA:935,0
DA:936,0
DA:937,0
DA:938,0
DA:939,0
DA:941,0
DA:945,0
DA:946,0
DA:948,0
DA:950,0
DA:955,0
DA:957,0
DA:958,0
DA:959,0
DA:960,0
DA:962,0
DA:963,0
DA:964,0
DA:965,0
DA:967,0
DA:968,0
DA:969,0
DA:970,0
DA:972,0
DA:976,0
DA:977,0
DA:978,0
DA:979,0
DA:980,0
DA:981,0
DA:982,0
DA:983,0
DA:984,0
DA:986,0
DA:989,0
DA:990,0
DA:991,0
DA:992,0
DA:993,0
DA:996,0
DA:999,0
DA:1000,0
DA:1001,0
DA:1002,0
DA:1003,0
DA:1007,0
DA:1008,0
DA:1013,0
DA:1014,0
DA:1016,0
DA:1018,0
DA:1022,0
DA:1024,0
DA:1029,0
DA:1038,0
DA:1048,0
DA:1049,0
DA:1052,0
DA:1056,0
DA:1060,0
DA:1098,0
DA:1116,0
DA:1120,74
DA:1121,74
DA:1124,74
DA:1125,74
DA:1126,0
DA:1127,0
DA:1128,0
DA:1133,2
DA:1138,1
DA:1139,1
DA:1140,1
DA:1143,1
DA:1144,1
DA:1145,1
DA:1146,0
DA:1147,0
DA:1154,74
DA:1158,2
DA:1159,2
DA:1160,2
DA:1161,2
DA:1162,2
DA:1163,0
DA:1164,0
DA:1169,74
DA:1174,2
DA:1175,1
DA:1182,1
DA:1187,74
DA:1188,74
DA:1191,74
DA:1194,74
DA:1197,74
DA:1207,0
DA:1208,0
DA:1211,0
DA:1212,0
DA:1213,0
DA:1217,0
DA:1218,0
DA:1220,0
DA:1221,0
DA:1222,0
DA:1223,0
DA:1224,0
DA:1225,0
DA:1226,0
DA:1227,0
DA:1228,0
DA:1229,0
DA:1230,0
DA:1231,0
DA:1234,0
DA:1235,0
DA:1236,0
DA:1244,0
DA:1246,0
DA:1247,0
DA:1248,0
DA:1249,0
DA:1252,0
DA:1253,0
DA:1255,0
DA:1256,0
DA:1257,0
DA:1263,0
DA:1270,0
DA:1274,74
DA:1275,0
DA:1277,74
DA:1278,0
DA:1280,74
DA:1281,0
DA:1285,74
DA:1291,0
DA:1292,0
DA:1293,0
DA:1297,74
DA:1298,0
DA:1300,74
DA:1301,0
DA:1303,74
DA:1304,0
DA:1309,0
DA:1310,0
DA:1311,0
DA:1312,0
DA:1314,0
DA:1315,0
DA:1316,0
DA:1317,0
DA:1318,0
DA:1319,0
DA:1321,0
DA:1324,0
DA:1325,0
DA:1326,0
DA:1327,0
DA:1331,74
DA:1332,74
DA:1334,74
DA:1335,444
DA:1336,444
DA:1337,444
DA:1338,444
DA:1339,444
DA:1340,444
DA:1345,74
DA:1348,0
DA:1349,0
DA:1351,0
DA:1353,0
DA:1354,0
DA:1356,0
DA:1358,0
DA:1359,0
DA:1361,0
DA:1363,0
DA:1364,0
DA:1366,0
DA:1368,0
DA:1373,74
DA:1374,74
DA:1375,74
DA:1376,74
DA:1379,74
DA:1380,74
DA:1381,1
DA:1382,1
DA:1383,1
DA:1384,1
DA:1385,1
DA:1387,1
DA:1395,1
DA:1396,1
DA:1399,1
DA:1400,0
DA:1401,0
DA:1407,74
DA:1408,74
DA:1409,74
DA:1410,74
DA:1411,74
DA:1412,74
DA:1414,1
LF:492
LH:245
BRDA:44,0,0,2
BRDA:44,0,1,5
BRDA:44,1,0,7
BRDA:44,1,1,6
BRDA:49,2,0,2
BRDA:49,2,1,1
BRDA:49,2,2,1
BRDA:49,2,3,1
BRDA:76,3,0,2
BRDA:76,3,1,2
BRDA:78,4,0,1
BRDA:78,4,1,1
BRDA:105,5,0,2
BRDA:105,5,1,3
BRDA:107,6,0,2
BRDA:107,6,1,1
BRDA:107,7,0,3
BRDA:107,7,1,2
BRDA:138,8,0,2
BRDA:138,8,1,2
BRDA:140,9,0,1
BRDA:140,9,1,1
BRDA:162,10,0,1
BRDA:162,10,1,25
BRDA:164,11,0,6
BRDA:164,11,1,8
BRDA:164,11,2,5
BRDA:164,11,3,6
BRDA:164,11,4,0
BRDA:168,12,0,8
BRDA:168,12,1,7
BRDA:170,13,0,5
BRDA:170,13,1,4
BRDA:173,14,0,6
BRDA:173,14,1,5
BRDA:342,15,0,74
BRDA:342,15,1,74
BRDA:349,16,0,74
BRDA:349,16,1,0
BRDA:350,17,0,0
BRDA:350,17,1,74
BRDA:355,18,0,0
BRDA:355,18,1,0
BRDA:356,19,0,0
BRDA:356,19,1,0
BRDA:461,20,0,0
BRDA:461,20,1,0
BRDA:462,21,0,0
BRDA:462,21,1,0
BRDA:469,22,0,0
BRDA:469,22,1,0
BRDA:490,23,0,0
BRDA:490,23,1,0
BRDA:498,24,0,0
BRDA:498,24,1,0
BRDA:514,25,0,0
BRDA:514,25,1,0
BRDA:516,26,0,0
BRDA:516,26,1,0
BRDA:584,27,0,0
BRDA:584,27,1,0
BRDA:590,28,0,0
BRDA:590,28,1,0
BRDA:597,29,0,0
BRDA:597,29,1,0
BRDA:602,30,0,0
BRDA:602,30,1,0
BRDA:607,31,0,0
BRDA:607,31,1,0
BRDA:610,32,0,0
BRDA:610,32,1,0
BRDA:613,33,0,0
BRDA:613,33,1,0
BRDA:640,34,0,0
BRDA:640,34,1,17
BRDA:650,35,0,17
BRDA:650,35,1,0
BRDA:653,36,0,17
BRDA:653,36,1,0
BRDA:658,37,0,17
BRDA:658,37,1,0
BRDA:664,38,0,0
BRDA:664,38,1,51
BRDA:666,39,0,0
BRDA:666,39,1,0
BRDA:673,40,0,0
BRDA:673,40,1,17
BRDA:720,41,0,11
BRDA:720,41,1,49
BRDA:720,42,0,60
BRDA:720,42,1,60
BRDA:730,43,0,70
BRDA:730,43,1,14
BRDA:732,44,0,84
BRDA:732,44,1,0
BRDA:735,45,0,84
BRDA:735,45,1,0
BRDA:736,46,0,84
BRDA:736,46,1,0
BRDA:770,47,0,60
BRDA:770,47,1,0
BRDA:781,48,0,78
BRDA:781,48,1,0
BRDA:808,49,0,79
BRDA:808,49,1,0
BRDA:815,50,0,6
BRDA:815,50,1,0
BRDA:831,51,0,79
BRDA:831,51,1,4
BRDA:840,52,0,6
BRDA:840,52,1,0
BRDA:840,52,2,0
BRDA:840,53,0,6
BRDA:840,53,1,3
BRDA:841,54,0,0
BRDA:841,54,1,0
BRDA:842,55,0,0
BRDA:842,55,1,0
BRDA:844,56,0,6
BRDA:844,56,1,0
BRDA:846,57,0,6
BRDA:846,57,1,6
BRDA:849,58,0,75
BRDA:849,58,1,4
BRDA:856,59,0,0
BRDA:856,59,1,4
BRDA:867,60,0,6
BRDA:867,60,1,0
BRDA:872,61,0,6
BRDA:872,61,1,3
BRDA:883,62,0,6
BRDA:883,62,1,3
BRDA:900,63,0,0
BRDA:900,63,1,0
BRDA:907,64,0,0
BRDA:907,64,1,0
BRDA:908,65,0,0
BRDA:908,65,1,0
BRDA:916,66,0,0
BRDA:916,66,1,0
BRDA:931,67,0,0
BRDA:931,67,1,0
BRDA:955,68,0,0
BRDA:955,68,1,0
BRDA:955,68,2,0
BRDA:955,68,3,0
BRDA:1018,69,0,0
BRDA:1018,69,1,0
BRDA:1018,69,2,0
BRDA:1018,70,0,0
BRDA:1018,70,1,0
BRDA:1019,71,0,0
BRDA:1019,71,1,0
BRDA:1020,72,0,0
BRDA:1020,72,1,0
BRDA:1022,73,0,0
BRDA:1022,73,1,0
BRDA:1024,74,0,0
BRDA:1024,74,1,0
BRDA:1040,75,0,0
BRDA:1040,75,1,0
BRDA:1045,76,0,0
BRDA:1045,76,1,0
BRDA:1101,77,0,0
BRDA:1101,77,1,0
BRDA:1106,78,0,0
BRDA:1106,78,1,0
BRDA:1127,79,0,0
BRDA:1127,79,1,0
BRDA:1133,80,0,1
BRDA:1133,80,1,1
BRDA:1174,81,0,1
BRDA:1174,81,1,1
BRDA:1212,82,0,0
BRDA:1212,82,1,0
BRDA:1220,83,0,0
BRDA:1220,83,1,0
BRDA:1224,84,0,0
BRDA:1224,84,1,0
BRDA:1228,85,0,0
BRDA:1228,85,1,0
BRDA:1228,86,0,0
BRDA:1228,86,1,0
BRDA:1234,87,0,0
BRDA:1234,87,1,0
BRDA:1246,88,0,0
BRDA:1246,88,1,0
BRDA:1315,89,0,0
BRDA:1315,89,1,0
BRDA:1326,90,0,0
BRDA:1326,90,1,0
BRDA:1327,91,0,0
BRDA:1327,91,1,0
BRDA:1335,92,0,444
BRDA:1335,92,1,0
BRDA:1348,93,0,0
BRDA:1348,93,1,0
BRDA:1353,94,0,0
BRDA:1353,94,1,0
BRDA:1358,95,0,0
BRDA:1358,95,1,0
BRDA:1363,96,0,0
BRDA:1363,96,1,0
BRF:203
BRH:78
end_of_record
TN:
SF:utils.ts
FN:126,getModelConfig
FN:205,validateApiKey
FN:230,validateOpenAIApiKey
FN:257,validateGeminiApiKey
FN:286,validateAnthropicApiKey
FN:319,isModelAvailable
FNF:6
FNH:1
FNDA:222,getModelConfig
FNDA:0,validateApiKey
FNDA:0,validateOpenAIApiKey
FNDA:0,validateGeminiApiKey
FNDA:0,validateAnthropicApiKey
FNDA:0,isModelAvailable
DA:126,3
DA:127,222
DA:201,222
DA:205,3
DA:209,0
DA:210,0
DA:213,0
DA:214,0
DA:216,0
DA:218,0
DA:220,0
DA:222,0
DA:225,0
DA:226,0
DA:233,0
DA:234,0
DA:242,0
DA:243,0
DA:244,0
DA:245,0
DA:247,0
DA:253,0
DA:260,0
DA:261,0
DA:271,0
DA:272,0
DA:273,0
DA:274,0
DA:276,0
DA:282,0
DA:289,0
DA:290,0
DA:304,0
DA:305,0
DA:306,0
DA:307,0
DA:309,0
DA:315,0
DA:319,3
DA:327,0
DA:328,0
DA:330,0
DA:332,0
DA:334,0
DA:336,0
DA:338,0
DA:342,0
LF:47
LH:5
BRDA:209,0,0,0
BRDA:209,0,1,0
BRDA:209,1,0,0
BRDA:209,1,1,0
BRDA:214,2,0,0
BRDA:214,2,1,0
BRDA:214,2,2,0
BRDA:214,2,3,0
BRDA:242,3,0,0
BRDA:242,3,1,0
BRDA:244,4,0,0
BRDA:244,4,1,0
BRDA:271,5,0,0
BRDA:271,5,1,0
BRDA:273,6,0,0
BRDA:273,6,1,0
BRDA:273,7,0,0
BRDA:273,7,1,0
BRDA:304,8,0,0
BRDA:304,8,1,0
BRDA:306,9,0,0
BRDA:306,9,1,0
BRDA:328,10,0,0
BRDA:328,10,1,0
BRDA:330,11,0,0
BRDA:330,11,1,0
BRDA:330,11,2,0
BRDA:330,11,3,0
BRDA:330,11,4,0
BRDA:334,12,0,0
BRDA:334,12,1,0
BRDA:336,13,0,0
BRDA:336,13,1,0
BRDA:339,14,0,0
BRDA:339,14,1,0
BRF:35
BRH:0
end_of_record
